<?xml version="1.0" encoding="UTF-8"?>
<testsuite xmlns:xsi="http://www.w3.org/2001/XMLSchema-instance" xsi:noNamespaceSchemaLocation="https://maven.apache.org/surefire/maven-surefire-plugin/xsd/surefire-test-report-3.0.xsd" version="3.0" name="com.tyrien.quickstart.controllers.AuthorControllerIntegrationTests" time="12.778" tests="14" errors="0" skipped="0" failures="0">
  <properties>
[...]
</properties>
  <testcase name="testThatFullUpdateUpdatesExistingAuthor" classname="com.tyrien.quickstart.controllers.AuthorControllerIntegrationTests" time="0.431">
    <system-out><![CDATA[2024-01-12T22:02:35.146-05:00  INFO 37024 --- [           main] t.c.s.AnnotationConfigContextLoaderUtils : Could not detect default configuration classes for test class [com.tyrien.quickstart.controllers.AuthorControllerIntegrationTests]: AuthorControllerIntegrationTests does not declare any static, non-private, non-final, nested classes annotated with @Configuration.
2024-01-12T22:02:35.185-05:00  INFO 37024 --- [           main] .b.t.c.SpringBootTestContextBootstrapper : Found @SpringBootConfiguration com.tyrien.quickstart.BooksApiApplication for test class com.tyrien.quickstart.controllers.AuthorControllerIntegrationTests

  .   ____          _            __ _ _
 /\\ / ___'_ __ _ _(_)_ __  __ _ \ \ \ \
( ( )\___ | '_ | '_| | '_ \/ _` | \ \ \ \
 \\/  ___)| |_)| | | | | || (_| |  ) ) ) )
  '  |____| .__|_| |_|_| |_\__, | / / / /
 =========|_|==============|___/=/_/_/_/
 :: Spring Boot ::                (v3.2.1)

2024-01-12T22:02:35.252-05:00  INFO 37024 --- [           main] c.t.q.c.AuthorControllerIntegrationTests : Starting AuthorControllerIntegrationTests using Java 21.0.1 with PID 37024 (started by gilpi in C:\Users\gilpi\OneDrive\Documents\New\Personal Projects\quickstart\quickstart)
2024-01-12T22:02:35.252-05:00  INFO 37024 --- [           main] c.t.q.c.AuthorControllerIntegrationTests : No active profile set, falling back to 1 default profile: "default"
2024-01-12T22:02:35.581-05:00  INFO 37024 --- [           main] .s.d.r.c.RepositoryConfigurationDelegate : Bootstrapping Spring Data JPA repositories in DEFAULT mode.
2024-01-12T22:02:35.601-05:00  INFO 37024 --- [           main] .s.d.r.c.RepositoryConfigurationDelegate : Finished Spring Data repository scanning in 19 ms. Found 2 JPA repository interfaces.
2024-01-12T22:02:35.741-05:00  INFO 37024 --- [           main] com.zaxxer.hikari.HikariDataSource       : HikariPool-2 - Starting...
2024-01-12T22:02:35.747-05:00  INFO 37024 --- [           main] com.zaxxer.hikari.pool.HikariPool        : HikariPool-2 - Added connection conn10: url=jdbc:h2:mem:testdb user=SA
2024-01-12T22:02:35.747-05:00  INFO 37024 --- [           main] com.zaxxer.hikari.HikariDataSource       : HikariPool-2 - Start completed.
2024-01-12T22:02:35.777-05:00  INFO 37024 --- [           main] o.hibernate.jpa.internal.util.LogHelper  : HHH000204: Processing PersistenceUnitInfo [name: default]
2024-01-12T22:02:35.781-05:00  INFO 37024 --- [           main] o.h.c.internal.RegionFactoryInitiator    : HHH000026: Second-level cache disabled
2024-01-12T22:02:35.784-05:00  INFO 37024 --- [           main] o.s.o.j.p.SpringPersistenceUnitInfo      : No LoadTimeWeaver setup: ignoring JPA class transformer
2024-01-12T22:02:35.861-05:00  INFO 37024 --- [           main] o.h.e.t.j.p.i.JtaPlatformInitiator       : HHH000489: No JTA platform available (set 'hibernate.transaction.jta.platform' to enable JTA platform integration)
Hibernate: 
    drop table if exists author cascade 
Hibernate: 
    drop table if exists book cascade 
Hibernate: 
    drop sequence if exists author_id_seq
Hibernate: 
    create sequence author_id_seq start with 1 increment by 50
Hibernate: 
    create table author (
        age integer,
        id bigint not null,
        name varchar(255),
        primary key (id)
    )
Hibernate: 
    create table book (
        author_id bigint,
        isbn varchar(255) not null,
        title varchar(255),
        primary key (isbn)
    )
Hibernate: 
    alter table if exists book 
       add constraint FKklnrv3weler2ftkweewlky958 
       foreign key (author_id) 
       references author
2024-01-12T22:02:35.867-05:00  INFO 37024 --- [           main] j.LocalContainerEntityManagerFactoryBean : Initialized JPA EntityManagerFactory for persistence unit 'default'
2024-01-12T22:02:35.978-05:00  WARN 37024 --- [           main] JpaBaseConfiguration$JpaWebConfiguration : spring.jpa.open-in-view is enabled by default. Therefore, database queries may be performed during view rendering. Explicitly configure spring.jpa.open-in-view to disable this warning
2024-01-12T22:02:36.192-05:00  INFO 37024 --- [           main] o.s.b.t.m.w.SpringBootMockServletContext : Initializing Spring TestDispatcherServlet ''
2024-01-12T22:02:36.193-05:00  INFO 37024 --- [           main] o.s.t.web.servlet.TestDispatcherServlet  : Initializing Servlet ''
2024-01-12T22:02:36.197-05:00  INFO 37024 --- [           main] o.s.t.web.servlet.TestDispatcherServlet  : Completed initialization in 2 ms
2024-01-12T22:02:36.206-05:00  INFO 37024 --- [           main] c.t.q.c.AuthorControllerIntegrationTests : Started AuthorControllerIntegrationTests in 1.002 seconds (process running for 6.733)
Hibernate: 
    select
        a1_0.id,
        a1_0.age,
        a1_0.name 
    from
        author a1_0 
    where
        a1_0.id=?
Hibernate: 
    select
        next value for author_id_seq
Hibernate: 
    insert 
    into
        author
        (age, name, id) 
    values
        (?, ?, ?)
Hibernate: 
    select
        count(*) 
    from
        author a1_0 
    where
        a1_0.id=?
Hibernate: 
    select
        a1_0.id,
        a1_0.age,
        a1_0.name 
    from
        author a1_0 
    where
        a1_0.id=?
Hibernate: 
    update
        author 
    set
        age=?,
        name=? 
    where
        id=?
2024-01-12T22:02:36.635-05:00  INFO 37024 --- [           main] j.LocalContainerEntityManagerFactoryBean : Closing JPA EntityManagerFactory for persistence unit 'default'
2024-01-12T22:02:36.639-05:00  INFO 37024 --- [           main] com.zaxxer.hikari.HikariDataSource       : HikariPool-2 - Shutdown initiated...
2024-01-12T22:02:36.644-05:00  INFO 37024 --- [           main] com.zaxxer.hikari.HikariDataSource       : HikariPool-2 - Shutdown completed.
]]></system-out>
  </testcase>
  <testcase name="testThatPartialUpdateExistingAuthorReturnsUpdatedAuthor" classname="com.tyrien.quickstart.controllers.AuthorControllerIntegrationTests" time="0.033">
    <system-out><![CDATA[
  .   ____          _            __ _ _
 /\\ / ___'_ __ _ _(_)_ __  __ _ \ \ \ \
( ( )\___ | '_ | '_| | '_ \/ _` | \ \ \ \
 \\/  ___)| |_)| | | | | || (_| |  ) ) ) )
  '  |____| .__|_| |_|_| |_\__, | / / / /
 =========|_|==============|___/=/_/_/_/
 :: Spring Boot ::                (v3.2.1)

2024-01-12T22:02:36.679-05:00  INFO 37024 --- [           main] c.t.q.c.AuthorControllerIntegrationTests : Starting AuthorControllerIntegrationTests using Java 21.0.1 with PID 37024 (started by gilpi in C:\Users\gilpi\OneDrive\Documents\New\Personal Projects\quickstart\quickstart)
2024-01-12T22:02:36.679-05:00  INFO 37024 --- [           main] c.t.q.c.AuthorControllerIntegrationTests : No active profile set, falling back to 1 default profile: "default"
2024-01-12T22:02:36.859-05:00  INFO 37024 --- [           main] .s.d.r.c.RepositoryConfigurationDelegate : Bootstrapping Spring Data JPA repositories in DEFAULT mode.
2024-01-12T22:02:36.876-05:00  INFO 37024 --- [           main] .s.d.r.c.RepositoryConfigurationDelegate : Finished Spring Data repository scanning in 16 ms. Found 2 JPA repository interfaces.
2024-01-12T22:02:36.939-05:00  INFO 37024 --- [           main] com.zaxxer.hikari.HikariDataSource       : HikariPool-3 - Starting...
2024-01-12T22:02:36.941-05:00  INFO 37024 --- [           main] com.zaxxer.hikari.pool.HikariPool        : HikariPool-3 - Added connection conn20: url=jdbc:h2:mem:testdb user=SA
2024-01-12T22:02:36.942-05:00  INFO 37024 --- [           main] com.zaxxer.hikari.HikariDataSource       : HikariPool-3 - Start completed.
2024-01-12T22:02:36.963-05:00  INFO 37024 --- [           main] o.hibernate.jpa.internal.util.LogHelper  : HHH000204: Processing PersistenceUnitInfo [name: default]
2024-01-12T22:02:36.966-05:00  INFO 37024 --- [           main] o.h.c.internal.RegionFactoryInitiator    : HHH000026: Second-level cache disabled
2024-01-12T22:02:36.973-05:00  INFO 37024 --- [           main] o.s.o.j.p.SpringPersistenceUnitInfo      : No LoadTimeWeaver setup: ignoring JPA class transformer
2024-01-12T22:02:37.033-05:00  INFO 37024 --- [           main] o.h.e.t.j.p.i.JtaPlatformInitiator       : HHH000489: No JTA platform available (set 'hibernate.transaction.jta.platform' to enable JTA platform integration)
Hibernate: 
    drop table if exists author cascade 
Hibernate: 
    drop table if exists book cascade 
Hibernate: 
    drop sequence if exists author_id_seq
Hibernate: 
    create sequence author_id_seq start with 1 increment by 50
Hibernate: 
    create table author (
        age integer,
        id bigint not null,
        name varchar(255),
        primary key (id)
    )
Hibernate: 
    create table book (
        author_id bigint,
        isbn varchar(255) not null,
        title varchar(255),
        primary key (isbn)
    )
Hibernate: 
    alter table if exists book 
       add constraint FKklnrv3weler2ftkweewlky958 
       foreign key (author_id) 
       references author
2024-01-12T22:02:37.043-05:00  INFO 37024 --- [           main] j.LocalContainerEntityManagerFactoryBean : Initialized JPA EntityManagerFactory for persistence unit 'default'
2024-01-12T22:02:37.114-05:00  WARN 37024 --- [           main] JpaBaseConfiguration$JpaWebConfiguration : spring.jpa.open-in-view is enabled by default. Therefore, database queries may be performed during view rendering. Explicitly configure spring.jpa.open-in-view to disable this warning
2024-01-12T22:02:37.214-05:00  INFO 37024 --- [           main] o.s.b.t.m.w.SpringBootMockServletContext : Initializing Spring TestDispatcherServlet ''
2024-01-12T22:02:37.214-05:00  INFO 37024 --- [           main] o.s.t.web.servlet.TestDispatcherServlet  : Initializing Servlet ''
2024-01-12T22:02:37.214-05:00  INFO 37024 --- [           main] o.s.t.web.servlet.TestDispatcherServlet  : Completed initialization in 0 ms
2024-01-12T22:02:37.219-05:00  INFO 37024 --- [           main] c.t.q.c.AuthorControllerIntegrationTests : Started AuthorControllerIntegrationTests in 0.571 seconds (process running for 7.745)
Hibernate: 
    select
        a1_0.id,
        a1_0.age,
        a1_0.name 
    from
        author a1_0 
    where
        a1_0.id=?
Hibernate: 
    select
        next value for author_id_seq
Hibernate: 
    insert 
    into
        author
        (age, name, id) 
    values
        (?, ?, ?)
Hibernate: 
    select
        count(*) 
    from
        author a1_0 
    where
        a1_0.id=?
Hibernate: 
    select
        a1_0.id,
        a1_0.age,
        a1_0.name 
    from
        author a1_0 
    where
        a1_0.id=?
Hibernate: 
    update
        author 
    set
        age=?,
        name=? 
    where
        id=?
2024-01-12T22:02:37.255-05:00  INFO 37024 --- [           main] j.LocalContainerEntityManagerFactoryBean : Closing JPA EntityManagerFactory for persistence unit 'default'
2024-01-12T22:02:37.256-05:00  INFO 37024 --- [           main] com.zaxxer.hikari.HikariDataSource       : HikariPool-3 - Shutdown initiated...
2024-01-12T22:02:37.257-05:00  INFO 37024 --- [           main] com.zaxxer.hikari.HikariDataSource       : HikariPool-3 - Shutdown completed.
]]></system-out>
  </testcase>
  <testcase name="testThatFullUpdateAuthorReturnHttpStatus404WhenNoAuthorExits" classname="com.tyrien.quickstart.controllers.AuthorControllerIntegrationTests" time="0.044">
    <system-out><![CDATA[
  .   ____          _            __ _ _
 /\\ / ___'_ __ _ _(_)_ __  __ _ \ \ \ \
( ( )\___ | '_ | '_| | '_ \/ _` | \ \ \ \
 \\/  ___)| |_)| | | | | || (_| |  ) ) ) )
  '  |____| .__|_| |_|_| |_\__, | / / / /
 =========|_|==============|___/=/_/_/_/
 :: Spring Boot ::                (v3.2.1)

2024-01-12T22:02:37.281-05:00  INFO 37024 --- [           main] c.t.q.c.AuthorControllerIntegrationTests : Starting AuthorControllerIntegrationTests using Java 21.0.1 with PID 37024 (started by gilpi in C:\Users\gilpi\OneDrive\Documents\New\Personal Projects\quickstart\quickstart)
2024-01-12T22:02:37.281-05:00  INFO 37024 --- [           main] c.t.q.c.AuthorControllerIntegrationTests : No active profile set, falling back to 1 default profile: "default"
2024-01-12T22:02:37.435-05:00  INFO 37024 --- [           main] .s.d.r.c.RepositoryConfigurationDelegate : Bootstrapping Spring Data JPA repositories in DEFAULT mode.
2024-01-12T22:02:37.456-05:00  INFO 37024 --- [           main] .s.d.r.c.RepositoryConfigurationDelegate : Finished Spring Data repository scanning in 20 ms. Found 2 JPA repository interfaces.
2024-01-12T22:02:37.544-05:00  INFO 37024 --- [           main] com.zaxxer.hikari.HikariDataSource       : HikariPool-4 - Starting...
2024-01-12T22:02:37.547-05:00  INFO 37024 --- [           main] com.zaxxer.hikari.pool.HikariPool        : HikariPool-4 - Added connection conn30: url=jdbc:h2:mem:testdb user=SA
2024-01-12T22:02:37.548-05:00  INFO 37024 --- [           main] com.zaxxer.hikari.HikariDataSource       : HikariPool-4 - Start completed.
2024-01-12T22:02:37.589-05:00  INFO 37024 --- [           main] o.hibernate.jpa.internal.util.LogHelper  : HHH000204: Processing PersistenceUnitInfo [name: default]
2024-01-12T22:02:37.596-05:00  INFO 37024 --- [           main] o.h.c.internal.RegionFactoryInitiator    : HHH000026: Second-level cache disabled
2024-01-12T22:02:37.604-05:00  INFO 37024 --- [           main] o.s.o.j.p.SpringPersistenceUnitInfo      : No LoadTimeWeaver setup: ignoring JPA class transformer
2024-01-12T22:02:37.711-05:00  INFO 37024 --- [           main] o.h.e.t.j.p.i.JtaPlatformInitiator       : HHH000489: No JTA platform available (set 'hibernate.transaction.jta.platform' to enable JTA platform integration)
Hibernate: 
    drop table if exists author cascade 
Hibernate: 
    drop table if exists book cascade 
Hibernate: 
    drop sequence if exists author_id_seq
Hibernate: 
    create sequence author_id_seq start with 1 increment by 50
Hibernate: 
    create table author (
        age integer,
        id bigint not null,
        name varchar(255),
        primary key (id)
    )
Hibernate: 
    create table book (
        author_id bigint,
        isbn varchar(255) not null,
        title varchar(255),
        primary key (isbn)
    )
Hibernate: 
    alter table if exists book 
       add constraint FKklnrv3weler2ftkweewlky958 
       foreign key (author_id) 
       references author
2024-01-12T22:02:37.723-05:00  INFO 37024 --- [           main] j.LocalContainerEntityManagerFactoryBean : Initialized JPA EntityManagerFactory for persistence unit 'default'
2024-01-12T22:02:37.888-05:00  WARN 37024 --- [           main] JpaBaseConfiguration$JpaWebConfiguration : spring.jpa.open-in-view is enabled by default. Therefore, database queries may be performed during view rendering. Explicitly configure spring.jpa.open-in-view to disable this warning
2024-01-12T22:02:38.073-05:00  INFO 37024 --- [           main] o.s.b.t.m.w.SpringBootMockServletContext : Initializing Spring TestDispatcherServlet ''
2024-01-12T22:02:38.074-05:00  INFO 37024 --- [           main] o.s.t.web.servlet.TestDispatcherServlet  : Initializing Servlet ''
2024-01-12T22:02:38.075-05:00  INFO 37024 --- [           main] o.s.t.web.servlet.TestDispatcherServlet  : Completed initialization in 1 ms
2024-01-12T22:02:38.087-05:00  INFO 37024 --- [           main] c.t.q.c.AuthorControllerIntegrationTests : Started AuthorControllerIntegrationTests in 0.826 seconds (process running for 8.614)
Hibernate: 
    select
        a1_0.id,
        a1_0.age,
        a1_0.name 
    from
        author a1_0 
    where
        a1_0.id=?
2024-01-12T22:02:38.129-05:00  INFO 37024 --- [           main] j.LocalContainerEntityManagerFactoryBean : Closing JPA EntityManagerFactory for persistence unit 'default'
2024-01-12T22:02:38.131-05:00  INFO 37024 --- [           main] com.zaxxer.hikari.HikariDataSource       : HikariPool-4 - Shutdown initiated...
2024-01-12T22:02:38.135-05:00  INFO 37024 --- [           main] com.zaxxer.hikari.HikariDataSource       : HikariPool-4 - Shutdown completed.
]]></system-out>
  </testcase>
  <testcase name="testThatDeleteAuthorReturnsHttpStatus204ForExistingAuthors" classname="com.tyrien.quickstart.controllers.AuthorControllerIntegrationTests" time="0.061">
    <system-out><![CDATA[
  .   ____          _            __ _ _
 /\\ / ___'_ __ _ _(_)_ __  __ _ \ \ \ \
( ( )\___ | '_ | '_| | '_ \/ _` | \ \ \ \
 \\/  ___)| |_)| | | | | || (_| |  ) ) ) )
  '  |____| .__|_| |_|_| |_\__, | / / / /
 =========|_|==============|___/=/_/_/_/
 :: Spring Boot ::                (v3.2.1)

2024-01-12T22:02:38.199-05:00  INFO 37024 --- [           main] c.t.q.c.AuthorControllerIntegrationTests : Starting AuthorControllerIntegrationTests using Java 21.0.1 with PID 37024 (started by gilpi in C:\Users\gilpi\OneDrive\Documents\New\Personal Projects\quickstart\quickstart)
2024-01-12T22:02:38.199-05:00  INFO 37024 --- [           main] c.t.q.c.AuthorControllerIntegrationTests : No active profile set, falling back to 1 default profile: "default"
2024-01-12T22:02:38.545-05:00  INFO 37024 --- [           main] .s.d.r.c.RepositoryConfigurationDelegate : Bootstrapping Spring Data JPA repositories in DEFAULT mode.
2024-01-12T22:02:38.574-05:00  INFO 37024 --- [           main] .s.d.r.c.RepositoryConfigurationDelegate : Finished Spring Data repository scanning in 27 ms. Found 2 JPA repository interfaces.
2024-01-12T22:02:38.681-05:00  INFO 37024 --- [           main] com.zaxxer.hikari.HikariDataSource       : HikariPool-5 - Starting...
2024-01-12T22:02:38.684-05:00  INFO 37024 --- [           main] com.zaxxer.hikari.pool.HikariPool        : HikariPool-5 - Added connection conn40: url=jdbc:h2:mem:testdb user=SA
2024-01-12T22:02:38.685-05:00  INFO 37024 --- [           main] com.zaxxer.hikari.HikariDataSource       : HikariPool-5 - Start completed.
2024-01-12T22:02:38.726-05:00  INFO 37024 --- [           main] o.hibernate.jpa.internal.util.LogHelper  : HHH000204: Processing PersistenceUnitInfo [name: default]
2024-01-12T22:02:38.731-05:00  INFO 37024 --- [           main] o.h.c.internal.RegionFactoryInitiator    : HHH000026: Second-level cache disabled
2024-01-12T22:02:38.745-05:00  INFO 37024 --- [           main] o.s.o.j.p.SpringPersistenceUnitInfo      : No LoadTimeWeaver setup: ignoring JPA class transformer
2024-01-12T22:02:38.843-05:00  INFO 37024 --- [           main] o.h.e.t.j.p.i.JtaPlatformInitiator       : HHH000489: No JTA platform available (set 'hibernate.transaction.jta.platform' to enable JTA platform integration)
Hibernate: 
    drop table if exists author cascade 
Hibernate: 
    drop table if exists book cascade 
Hibernate: 
    drop sequence if exists author_id_seq
Hibernate: 
    create sequence author_id_seq start with 1 increment by 50
Hibernate: 
    create table author (
        age integer,
        id bigint not null,
        name varchar(255),
        primary key (id)
    )
Hibernate: 
    create table book (
        author_id bigint,
        isbn varchar(255) not null,
        title varchar(255),
        primary key (isbn)
    )
Hibernate: 
    alter table if exists book 
       add constraint FKklnrv3weler2ftkweewlky958 
       foreign key (author_id) 
       references author
2024-01-12T22:02:38.856-05:00  INFO 37024 --- [           main] j.LocalContainerEntityManagerFactoryBean : Initialized JPA EntityManagerFactory for persistence unit 'default'
2024-01-12T22:02:38.984-05:00  WARN 37024 --- [           main] JpaBaseConfiguration$JpaWebConfiguration : spring.jpa.open-in-view is enabled by default. Therefore, database queries may be performed during view rendering. Explicitly configure spring.jpa.open-in-view to disable this warning
2024-01-12T22:02:39.179-05:00  INFO 37024 --- [           main] o.s.b.t.m.w.SpringBootMockServletContext : Initializing Spring TestDispatcherServlet ''
2024-01-12T22:02:39.180-05:00  INFO 37024 --- [           main] o.s.t.web.servlet.TestDispatcherServlet  : Initializing Servlet ''
2024-01-12T22:02:39.181-05:00  INFO 37024 --- [           main] o.s.t.web.servlet.TestDispatcherServlet  : Completed initialization in 0 ms
2024-01-12T22:02:39.204-05:00  INFO 37024 --- [           main] c.t.q.c.AuthorControllerIntegrationTests : Started AuthorControllerIntegrationTests in 1.061 seconds (process running for 9.731)
Hibernate: 
    select
        a1_0.id,
        a1_0.age,
        a1_0.name 
    from
        author a1_0 
    where
        a1_0.id=?
Hibernate: 
    select
        next value for author_id_seq
Hibernate: 
    insert 
    into
        author
        (age, name, id) 
    values
        (?, ?, ?)
Hibernate: 
    select
        a1_0.id,
        a1_0.age,
        a1_0.name 
    from
        author a1_0 
    where
        a1_0.id=?
Hibernate: 
    delete 
    from
        author 
    where
        id=?
2024-01-12T22:02:39.264-05:00  INFO 37024 --- [           main] j.LocalContainerEntityManagerFactoryBean : Closing JPA EntityManagerFactory for persistence unit 'default'
2024-01-12T22:02:39.264-05:00  INFO 37024 --- [           main] com.zaxxer.hikari.HikariDataSource       : HikariPool-5 - Shutdown initiated...
2024-01-12T22:02:39.266-05:00  INFO 37024 --- [           main] com.zaxxer.hikari.HikariDataSource       : HikariPool-5 - Shutdown completed.
]]></system-out>
  </testcase>
  <testcase name="testThatRetrieveAuthorReturnAuthorWhenAuthorExits" classname="com.tyrien.quickstart.controllers.AuthorControllerIntegrationTests" time="0.04">
    <system-out><![CDATA[
  .   ____          _            __ _ _
 /\\ / ___'_ __ _ _(_)_ __  __ _ \ \ \ \
( ( )\___ | '_ | '_| | '_ \/ _` | \ \ \ \
 \\/  ___)| |_)| | | | | || (_| |  ) ) ) )
  '  |____| .__|_| |_|_| |_\__, | / / / /
 =========|_|==============|___/=/_/_/_/
 :: Spring Boot ::                (v3.2.1)

2024-01-12T22:02:39.316-05:00  INFO 37024 --- [           main] c.t.q.c.AuthorControllerIntegrationTests : Starting AuthorControllerIntegrationTests using Java 21.0.1 with PID 37024 (started by gilpi in C:\Users\gilpi\OneDrive\Documents\New\Personal Projects\quickstart\quickstart)
2024-01-12T22:02:39.316-05:00  INFO 37024 --- [           main] c.t.q.c.AuthorControllerIntegrationTests : No active profile set, falling back to 1 default profile: "default"
2024-01-12T22:02:39.653-05:00  INFO 37024 --- [           main] .s.d.r.c.RepositoryConfigurationDelegate : Bootstrapping Spring Data JPA repositories in DEFAULT mode.
2024-01-12T22:02:39.683-05:00  INFO 37024 --- [           main] .s.d.r.c.RepositoryConfigurationDelegate : Finished Spring Data repository scanning in 28 ms. Found 2 JPA repository interfaces.
2024-01-12T22:02:39.769-05:00  INFO 37024 --- [           main] com.zaxxer.hikari.HikariDataSource       : HikariPool-6 - Starting...
2024-01-12T22:02:39.771-05:00  INFO 37024 --- [           main] com.zaxxer.hikari.pool.HikariPool        : HikariPool-6 - Added connection conn50: url=jdbc:h2:mem:testdb user=SA
2024-01-12T22:02:39.771-05:00  INFO 37024 --- [           main] com.zaxxer.hikari.HikariDataSource       : HikariPool-6 - Start completed.
2024-01-12T22:02:39.804-05:00  INFO 37024 --- [           main] o.hibernate.jpa.internal.util.LogHelper  : HHH000204: Processing PersistenceUnitInfo [name: default]
2024-01-12T22:02:39.807-05:00  INFO 37024 --- [           main] o.h.c.internal.RegionFactoryInitiator    : HHH000026: Second-level cache disabled
2024-01-12T22:02:39.813-05:00  INFO 37024 --- [           main] o.s.o.j.p.SpringPersistenceUnitInfo      : No LoadTimeWeaver setup: ignoring JPA class transformer
2024-01-12T22:02:39.886-05:00  INFO 37024 --- [           main] o.h.e.t.j.p.i.JtaPlatformInitiator       : HHH000489: No JTA platform available (set 'hibernate.transaction.jta.platform' to enable JTA platform integration)
Hibernate: 
    drop table if exists author cascade 
Hibernate: 
    drop table if exists book cascade 
Hibernate: 
    drop sequence if exists author_id_seq
Hibernate: 
    create sequence author_id_seq start with 1 increment by 50
Hibernate: 
    create table author (
        age integer,
        id bigint not null,
        name varchar(255),
        primary key (id)
    )
Hibernate: 
    create table book (
        author_id bigint,
        isbn varchar(255) not null,
        title varchar(255),
        primary key (isbn)
    )
Hibernate: 
    alter table if exists book 
       add constraint FKklnrv3weler2ftkweewlky958 
       foreign key (author_id) 
       references author
2024-01-12T22:02:39.898-05:00  INFO 37024 --- [           main] j.LocalContainerEntityManagerFactoryBean : Initialized JPA EntityManagerFactory for persistence unit 'default'
2024-01-12T22:02:40.025-05:00  WARN 37024 --- [           main] JpaBaseConfiguration$JpaWebConfiguration : spring.jpa.open-in-view is enabled by default. Therefore, database queries may be performed during view rendering. Explicitly configure spring.jpa.open-in-view to disable this warning
2024-01-12T22:02:40.164-05:00  INFO 37024 --- [           main] o.s.b.t.m.w.SpringBootMockServletContext : Initializing Spring TestDispatcherServlet ''
2024-01-12T22:02:40.164-05:00  INFO 37024 --- [           main] o.s.t.web.servlet.TestDispatcherServlet  : Initializing Servlet ''
2024-01-12T22:02:40.165-05:00  INFO 37024 --- [           main] o.s.t.web.servlet.TestDispatcherServlet  : Completed initialization in 1 ms
2024-01-12T22:02:40.175-05:00  INFO 37024 --- [           main] c.t.q.c.AuthorControllerIntegrationTests : Started AuthorControllerIntegrationTests in 0.903 seconds (process running for 10.702)
Hibernate: 
    select
        a1_0.id,
        a1_0.age,
        a1_0.name 
    from
        author a1_0 
    where
        a1_0.id=?
Hibernate: 
    select
        next value for author_id_seq
Hibernate: 
    insert 
    into
        author
        (age, name, id) 
    values
        (?, ?, ?)
Hibernate: 
    select
        a1_0.id,
        a1_0.age,
        a1_0.name 
    from
        author a1_0 
    where
        a1_0.id=?
2024-01-12T22:02:40.216-05:00  INFO 37024 --- [           main] j.LocalContainerEntityManagerFactoryBean : Closing JPA EntityManagerFactory for persistence unit 'default'
2024-01-12T22:02:40.217-05:00  INFO 37024 --- [           main] com.zaxxer.hikari.HikariDataSource       : HikariPool-6 - Shutdown initiated...
2024-01-12T22:02:40.219-05:00  INFO 37024 --- [           main] com.zaxxer.hikari.HikariDataSource       : HikariPool-6 - Shutdown completed.
]]></system-out>
  </testcase>
  <testcase name="testThatCreateAuthorSuccessfullyReturnsHttp201Created" classname="com.tyrien.quickstart.controllers.AuthorControllerIntegrationTests" time="0.047">
    <system-out><![CDATA[
  .   ____          _            __ _ _
 /\\ / ___'_ __ _ _(_)_ __  __ _ \ \ \ \
( ( )\___ | '_ | '_| | '_ \/ _` | \ \ \ \
 \\/  ___)| |_)| | | | | || (_| |  ) ) ) )
  '  |____| .__|_| |_|_| |_\__, | / / / /
 =========|_|==============|___/=/_/_/_/
 :: Spring Boot ::                (v3.2.1)

2024-01-12T22:02:40.267-05:00  INFO 37024 --- [           main] c.t.q.c.AuthorControllerIntegrationTests : Starting AuthorControllerIntegrationTests using Java 21.0.1 with PID 37024 (started by gilpi in C:\Users\gilpi\OneDrive\Documents\New\Personal Projects\quickstart\quickstart)
2024-01-12T22:02:40.268-05:00  INFO 37024 --- [           main] c.t.q.c.AuthorControllerIntegrationTests : No active profile set, falling back to 1 default profile: "default"
2024-01-12T22:02:40.584-05:00  INFO 37024 --- [           main] .s.d.r.c.RepositoryConfigurationDelegate : Bootstrapping Spring Data JPA repositories in DEFAULT mode.
2024-01-12T22:02:40.611-05:00  INFO 37024 --- [           main] .s.d.r.c.RepositoryConfigurationDelegate : Finished Spring Data repository scanning in 26 ms. Found 2 JPA repository interfaces.
2024-01-12T22:02:40.716-05:00  INFO 37024 --- [           main] com.zaxxer.hikari.HikariDataSource       : HikariPool-7 - Starting...
2024-01-12T22:02:40.717-05:00  INFO 37024 --- [           main] com.zaxxer.hikari.pool.HikariPool        : HikariPool-7 - Added connection conn60: url=jdbc:h2:mem:testdb user=SA
2024-01-12T22:02:40.718-05:00  INFO 37024 --- [           main] com.zaxxer.hikari.HikariDataSource       : HikariPool-7 - Start completed.
2024-01-12T22:02:40.752-05:00  INFO 37024 --- [           main] o.hibernate.jpa.internal.util.LogHelper  : HHH000204: Processing PersistenceUnitInfo [name: default]
2024-01-12T22:02:40.759-05:00  INFO 37024 --- [           main] o.h.c.internal.RegionFactoryInitiator    : HHH000026: Second-level cache disabled
2024-01-12T22:02:40.767-05:00  INFO 37024 --- [           main] o.s.o.j.p.SpringPersistenceUnitInfo      : No LoadTimeWeaver setup: ignoring JPA class transformer
2024-01-12T22:02:40.849-05:00  INFO 37024 --- [           main] o.h.e.t.j.p.i.JtaPlatformInitiator       : HHH000489: No JTA platform available (set 'hibernate.transaction.jta.platform' to enable JTA platform integration)
Hibernate: 
    drop table if exists author cascade 
Hibernate: 
    drop table if exists book cascade 
Hibernate: 
    drop sequence if exists author_id_seq
Hibernate: 
    create sequence author_id_seq start with 1 increment by 50
Hibernate: 
    create table author (
        age integer,
        id bigint not null,
        name varchar(255),
        primary key (id)
    )
Hibernate: 
    create table book (
        author_id bigint,
        isbn varchar(255) not null,
        title varchar(255),
        primary key (isbn)
    )
Hibernate: 
    alter table if exists book 
       add constraint FKklnrv3weler2ftkweewlky958 
       foreign key (author_id) 
       references author
2024-01-12T22:02:40.861-05:00  INFO 37024 --- [           main] j.LocalContainerEntityManagerFactoryBean : Initialized JPA EntityManagerFactory for persistence unit 'default'
2024-01-12T22:02:40.982-05:00  WARN 37024 --- [           main] JpaBaseConfiguration$JpaWebConfiguration : spring.jpa.open-in-view is enabled by default. Therefore, database queries may be performed during view rendering. Explicitly configure spring.jpa.open-in-view to disable this warning
2024-01-12T22:02:41.132-05:00  INFO 37024 --- [           main] o.s.b.t.m.w.SpringBootMockServletContext : Initializing Spring TestDispatcherServlet ''
2024-01-12T22:02:41.133-05:00  INFO 37024 --- [           main] o.s.t.web.servlet.TestDispatcherServlet  : Initializing Servlet ''
2024-01-12T22:02:41.134-05:00  INFO 37024 --- [           main] o.s.t.web.servlet.TestDispatcherServlet  : Completed initialization in 1 ms
2024-01-12T22:02:41.146-05:00  INFO 37024 --- [           main] c.t.q.c.AuthorControllerIntegrationTests : Started AuthorControllerIntegrationTests in 0.92 seconds (process running for 11.672)
2024-01-12T22:02:41.167-05:00  INFO 37024 --- [           main] c.t.q.controllers.AuthorController       : Got Author: AuthorDto(id=null, name=Abigail Rose, age=80)
Hibernate: 
    select
        next value for author_id_seq
Hibernate: 
    insert 
    into
        author
        (age, name, id) 
    values
        (?, ?, ?)
2024-01-12T22:02:41.194-05:00  INFO 37024 --- [           main] j.LocalContainerEntityManagerFactoryBean : Closing JPA EntityManagerFactory for persistence unit 'default'
2024-01-12T22:02:41.196-05:00  INFO 37024 --- [           main] com.zaxxer.hikari.HikariDataSource       : HikariPool-7 - Shutdown initiated...
2024-01-12T22:02:41.198-05:00  INFO 37024 --- [           main] com.zaxxer.hikari.HikariDataSource       : HikariPool-7 - Shutdown completed.
]]></system-out>
  </testcase>
  <testcase name="testThatRetrieveAuthorsReturnsListOfAuthors" classname="com.tyrien.quickstart.controllers.AuthorControllerIntegrationTests" time="0.1">
    <system-out><![CDATA[
  .   ____          _            __ _ _
 /\\ / ___'_ __ _ _(_)_ __  __ _ \ \ \ \
( ( )\___ | '_ | '_| | '_ \/ _` | \ \ \ \
 \\/  ___)| |_)| | | | | || (_| |  ) ) ) )
  '  |____| .__|_| |_|_| |_\__, | / / / /
 =========|_|==============|___/=/_/_/_/
 :: Spring Boot ::                (v3.2.1)

2024-01-12T22:02:41.239-05:00  INFO 37024 --- [           main] c.t.q.c.AuthorControllerIntegrationTests : Starting AuthorControllerIntegrationTests using Java 21.0.1 with PID 37024 (started by gilpi in C:\Users\gilpi\OneDrive\Documents\New\Personal Projects\quickstart\quickstart)
2024-01-12T22:02:41.241-05:00  INFO 37024 --- [           main] c.t.q.c.AuthorControllerIntegrationTests : No active profile set, falling back to 1 default profile: "default"
2024-01-12T22:02:41.520-05:00  INFO 37024 --- [           main] .s.d.r.c.RepositoryConfigurationDelegate : Bootstrapping Spring Data JPA repositories in DEFAULT mode.
2024-01-12T22:02:41.551-05:00  INFO 37024 --- [           main] .s.d.r.c.RepositoryConfigurationDelegate : Finished Spring Data repository scanning in 30 ms. Found 2 JPA repository interfaces.
2024-01-12T22:02:41.644-05:00  INFO 37024 --- [           main] com.zaxxer.hikari.HikariDataSource       : HikariPool-8 - Starting...
2024-01-12T22:02:41.646-05:00  INFO 37024 --- [           main] com.zaxxer.hikari.pool.HikariPool        : HikariPool-8 - Added connection conn70: url=jdbc:h2:mem:testdb user=SA
2024-01-12T22:02:41.646-05:00  INFO 37024 --- [           main] com.zaxxer.hikari.HikariDataSource       : HikariPool-8 - Start completed.
2024-01-12T22:02:41.682-05:00  INFO 37024 --- [           main] o.hibernate.jpa.internal.util.LogHelper  : HHH000204: Processing PersistenceUnitInfo [name: default]
2024-01-12T22:02:41.689-05:00  INFO 37024 --- [           main] o.h.c.internal.RegionFactoryInitiator    : HHH000026: Second-level cache disabled
2024-01-12T22:02:41.699-05:00  INFO 37024 --- [           main] o.s.o.j.p.SpringPersistenceUnitInfo      : No LoadTimeWeaver setup: ignoring JPA class transformer
2024-01-12T22:02:41.783-05:00  INFO 37024 --- [           main] o.h.e.t.j.p.i.JtaPlatformInitiator       : HHH000489: No JTA platform available (set 'hibernate.transaction.jta.platform' to enable JTA platform integration)
Hibernate: 
    drop table if exists author cascade 
Hibernate: 
    drop table if exists book cascade 
Hibernate: 
    drop sequence if exists author_id_seq
Hibernate: 
    create sequence author_id_seq start with 1 increment by 50
Hibernate: 
    create table author (
        age integer,
        id bigint not null,
        name varchar(255),
        primary key (id)
    )
Hibernate: 
    create table book (
        author_id bigint,
        isbn varchar(255) not null,
        title varchar(255),
        primary key (isbn)
    )
Hibernate: 
    alter table if exists book 
       add constraint FKklnrv3weler2ftkweewlky958 
       foreign key (author_id) 
       references author
2024-01-12T22:02:41.791-05:00  INFO 37024 --- [           main] j.LocalContainerEntityManagerFactoryBean : Initialized JPA EntityManagerFactory for persistence unit 'default'
2024-01-12T22:02:41.894-05:00  WARN 37024 --- [           main] JpaBaseConfiguration$JpaWebConfiguration : spring.jpa.open-in-view is enabled by default. Therefore, database queries may be performed during view rendering. Explicitly configure spring.jpa.open-in-view to disable this warning
2024-01-12T22:02:42.067-05:00  INFO 37024 --- [           main] o.s.b.t.m.w.SpringBootMockServletContext : Initializing Spring TestDispatcherServlet ''
2024-01-12T22:02:42.067-05:00  INFO 37024 --- [           main] o.s.t.web.servlet.TestDispatcherServlet  : Initializing Servlet ''
2024-01-12T22:02:42.069-05:00  INFO 37024 --- [           main] o.s.t.web.servlet.TestDispatcherServlet  : Completed initialization in 2 ms
2024-01-12T22:02:42.081-05:00  INFO 37024 --- [           main] c.t.q.c.AuthorControllerIntegrationTests : Started AuthorControllerIntegrationTests in 0.875 seconds (process running for 12.607)
Hibernate: 
    select
        a1_0.id,
        a1_0.age,
        a1_0.name 
    from
        author a1_0 
    where
        a1_0.id=?
Hibernate: 
    select
        next value for author_id_seq
Hibernate: 
    insert 
    into
        author
        (age, name, id) 
    values
        (?, ?, ?)
Hibernate: 
    select
        a1_0.id,
        a1_0.age,
        a1_0.name 
    from
        author a1_0
2024-01-12T22:02:42.182-05:00  INFO 37024 --- [           main] j.LocalContainerEntityManagerFactoryBean : Closing JPA EntityManagerFactory for persistence unit 'default'
2024-01-12T22:02:42.184-05:00  INFO 37024 --- [           main] com.zaxxer.hikari.HikariDataSource       : HikariPool-8 - Shutdown initiated...
2024-01-12T22:02:42.185-05:00  INFO 37024 --- [           main] com.zaxxer.hikari.HikariDataSource       : HikariPool-8 - Shutdown completed.
]]></system-out>
  </testcase>
  <testcase name="testThatRetrieveAuthorReturnHttpsStatus200WhenAuthorExits" classname="com.tyrien.quickstart.controllers.AuthorControllerIntegrationTests" time="0.033">
    <system-out><![CDATA[
  .   ____          _            __ _ _
 /\\ / ___'_ __ _ _(_)_ __  __ _ \ \ \ \
( ( )\___ | '_ | '_| | '_ \/ _` | \ \ \ \
 \\/  ___)| |_)| | | | | || (_| |  ) ) ) )
  '  |____| .__|_| |_|_| |_\__, | / / / /
 =========|_|==============|___/=/_/_/_/
 :: Spring Boot ::                (v3.2.1)

2024-01-12T22:02:42.236-05:00  INFO 37024 --- [           main] c.t.q.c.AuthorControllerIntegrationTests : Starting AuthorControllerIntegrationTests using Java 21.0.1 with PID 37024 (started by gilpi in C:\Users\gilpi\OneDrive\Documents\New\Personal Projects\quickstart\quickstart)
2024-01-12T22:02:42.237-05:00  INFO 37024 --- [           main] c.t.q.c.AuthorControllerIntegrationTests : No active profile set, falling back to 1 default profile: "default"
2024-01-12T22:02:42.521-05:00  INFO 37024 --- [           main] .s.d.r.c.RepositoryConfigurationDelegate : Bootstrapping Spring Data JPA repositories in DEFAULT mode.
2024-01-12T22:02:42.552-05:00  INFO 37024 --- [           main] .s.d.r.c.RepositoryConfigurationDelegate : Finished Spring Data repository scanning in 29 ms. Found 2 JPA repository interfaces.
2024-01-12T22:02:42.641-05:00  INFO 37024 --- [           main] com.zaxxer.hikari.HikariDataSource       : HikariPool-9 - Starting...
2024-01-12T22:02:42.644-05:00  INFO 37024 --- [           main] com.zaxxer.hikari.pool.HikariPool        : HikariPool-9 - Added connection conn80: url=jdbc:h2:mem:testdb user=SA
2024-01-12T22:02:42.645-05:00  INFO 37024 --- [           main] com.zaxxer.hikari.HikariDataSource       : HikariPool-9 - Start completed.
2024-01-12T22:02:42.676-05:00  INFO 37024 --- [           main] o.hibernate.jpa.internal.util.LogHelper  : HHH000204: Processing PersistenceUnitInfo [name: default]
2024-01-12T22:02:42.684-05:00  INFO 37024 --- [           main] o.h.c.internal.RegionFactoryInitiator    : HHH000026: Second-level cache disabled
2024-01-12T22:02:42.694-05:00  INFO 37024 --- [           main] o.s.o.j.p.SpringPersistenceUnitInfo      : No LoadTimeWeaver setup: ignoring JPA class transformer
2024-01-12T22:02:42.767-05:00  INFO 37024 --- [           main] o.h.e.t.j.p.i.JtaPlatformInitiator       : HHH000489: No JTA platform available (set 'hibernate.transaction.jta.platform' to enable JTA platform integration)
Hibernate: 
    drop table if exists author cascade 
Hibernate: 
    drop table if exists book cascade 
Hibernate: 
    drop sequence if exists author_id_seq
Hibernate: 
    create sequence author_id_seq start with 1 increment by 50
Hibernate: 
    create table author (
        age integer,
        id bigint not null,
        name varchar(255),
        primary key (id)
    )
Hibernate: 
    create table book (
        author_id bigint,
        isbn varchar(255) not null,
        title varchar(255),
        primary key (isbn)
    )
Hibernate: 
    alter table if exists book 
       add constraint FKklnrv3weler2ftkweewlky958 
       foreign key (author_id) 
       references author
2024-01-12T22:02:42.779-05:00  INFO 37024 --- [           main] j.LocalContainerEntityManagerFactoryBean : Initialized JPA EntityManagerFactory for persistence unit 'default'
2024-01-12T22:02:42.883-05:00  WARN 37024 --- [           main] JpaBaseConfiguration$JpaWebConfiguration : spring.jpa.open-in-view is enabled by default. Therefore, database queries may be performed during view rendering. Explicitly configure spring.jpa.open-in-view to disable this warning
2024-01-12T22:02:43.025-05:00  INFO 37024 --- [           main] o.s.b.t.m.w.SpringBootMockServletContext : Initializing Spring TestDispatcherServlet ''
2024-01-12T22:02:43.025-05:00  INFO 37024 --- [           main] o.s.t.web.servlet.TestDispatcherServlet  : Initializing Servlet ''
2024-01-12T22:02:43.026-05:00  INFO 37024 --- [           main] o.s.t.web.servlet.TestDispatcherServlet  : Completed initialization in 1 ms
2024-01-12T22:02:43.037-05:00  INFO 37024 --- [           main] c.t.q.c.AuthorControllerIntegrationTests : Started AuthorControllerIntegrationTests in 0.845 seconds (process running for 13.564)
Hibernate: 
    select
        a1_0.id,
        a1_0.age,
        a1_0.name 
    from
        author a1_0 
    where
        a1_0.id=?
Hibernate: 
    select
        next value for author_id_seq
Hibernate: 
    insert 
    into
        author
        (age, name, id) 
    values
        (?, ?, ?)
Hibernate: 
    select
        a1_0.id,
        a1_0.age,
        a1_0.name 
    from
        author a1_0 
    where
        a1_0.id=?
2024-01-12T22:02:43.070-05:00  INFO 37024 --- [           main] j.LocalContainerEntityManagerFactoryBean : Closing JPA EntityManagerFactory for persistence unit 'default'
2024-01-12T22:02:43.071-05:00  INFO 37024 --- [           main] com.zaxxer.hikari.HikariDataSource       : HikariPool-9 - Shutdown initiated...
2024-01-12T22:02:43.073-05:00  INFO 37024 --- [           main] com.zaxxer.hikari.HikariDataSource       : HikariPool-9 - Shutdown completed.
]]></system-out>
  </testcase>
  <testcase name="testThatDeleteAuthorReturnsHttpStatus204ForNonExistingAuthors" classname="com.tyrien.quickstart.controllers.AuthorControllerIntegrationTests" time="0.023">
    <system-out><![CDATA[
  .   ____          _            __ _ _
 /\\ / ___'_ __ _ _(_)_ __  __ _ \ \ \ \
( ( )\___ | '_ | '_| | '_ \/ _` | \ \ \ \
 \\/  ___)| |_)| | | | | || (_| |  ) ) ) )
  '  |____| .__|_| |_|_| |_\__, | / / / /
 =========|_|==============|___/=/_/_/_/
 :: Spring Boot ::                (v3.2.1)

2024-01-12T22:02:43.111-05:00  INFO 37024 --- [           main] c.t.q.c.AuthorControllerIntegrationTests : Starting AuthorControllerIntegrationTests using Java 21.0.1 with PID 37024 (started by gilpi in C:\Users\gilpi\OneDrive\Documents\New\Personal Projects\quickstart\quickstart)
2024-01-12T22:02:43.111-05:00  INFO 37024 --- [           main] c.t.q.c.AuthorControllerIntegrationTests : No active profile set, falling back to 1 default profile: "default"
2024-01-12T22:02:43.369-05:00  INFO 37024 --- [           main] .s.d.r.c.RepositoryConfigurationDelegate : Bootstrapping Spring Data JPA repositories in DEFAULT mode.
2024-01-12T22:02:43.393-05:00  INFO 37024 --- [           main] .s.d.r.c.RepositoryConfigurationDelegate : Finished Spring Data repository scanning in 24 ms. Found 2 JPA repository interfaces.
2024-01-12T22:02:43.484-05:00  INFO 37024 --- [           main] com.zaxxer.hikari.HikariDataSource       : HikariPool-10 - Starting...
2024-01-12T22:02:43.486-05:00  INFO 37024 --- [           main] com.zaxxer.hikari.pool.HikariPool        : HikariPool-10 - Added connection conn90: url=jdbc:h2:mem:testdb user=SA
2024-01-12T22:02:43.487-05:00  INFO 37024 --- [           main] com.zaxxer.hikari.HikariDataSource       : HikariPool-10 - Start completed.
2024-01-12T22:02:43.521-05:00  INFO 37024 --- [           main] o.hibernate.jpa.internal.util.LogHelper  : HHH000204: Processing PersistenceUnitInfo [name: default]
2024-01-12T22:02:43.528-05:00  INFO 37024 --- [           main] o.h.c.internal.RegionFactoryInitiator    : HHH000026: Second-level cache disabled
2024-01-12T22:02:43.537-05:00  INFO 37024 --- [           main] o.s.o.j.p.SpringPersistenceUnitInfo      : No LoadTimeWeaver setup: ignoring JPA class transformer
2024-01-12T22:02:43.621-05:00  INFO 37024 --- [           main] o.h.e.t.j.p.i.JtaPlatformInitiator       : HHH000489: No JTA platform available (set 'hibernate.transaction.jta.platform' to enable JTA platform integration)
Hibernate: 
    drop table if exists author cascade 
Hibernate: 
    drop table if exists book cascade 
Hibernate: 
    drop sequence if exists author_id_seq
Hibernate: 
    create sequence author_id_seq start with 1 increment by 50
Hibernate: 
    create table author (
        age integer,
        id bigint not null,
        name varchar(255),
        primary key (id)
    )
Hibernate: 
    create table book (
        author_id bigint,
        isbn varchar(255) not null,
        title varchar(255),
        primary key (isbn)
    )
Hibernate: 
    alter table if exists book 
       add constraint FKklnrv3weler2ftkweewlky958 
       foreign key (author_id) 
       references author
2024-01-12T22:02:43.633-05:00  INFO 37024 --- [           main] j.LocalContainerEntityManagerFactoryBean : Initialized JPA EntityManagerFactory for persistence unit 'default'
2024-01-12T22:02:43.721-05:00  WARN 37024 --- [           main] JpaBaseConfiguration$JpaWebConfiguration : spring.jpa.open-in-view is enabled by default. Therefore, database queries may be performed during view rendering. Explicitly configure spring.jpa.open-in-view to disable this warning
2024-01-12T22:02:43.856-05:00  INFO 37024 --- [           main] o.s.b.t.m.w.SpringBootMockServletContext : Initializing Spring TestDispatcherServlet ''
2024-01-12T22:02:43.856-05:00  INFO 37024 --- [           main] o.s.t.web.servlet.TestDispatcherServlet  : Initializing Servlet ''
2024-01-12T22:02:43.857-05:00  INFO 37024 --- [           main] o.s.t.web.servlet.TestDispatcherServlet  : Completed initialization in 1 ms
2024-01-12T22:02:43.866-05:00  INFO 37024 --- [           main] c.t.q.c.AuthorControllerIntegrationTests : Started AuthorControllerIntegrationTests in 0.788 seconds (process running for 14.393)
Hibernate: 
    select
        a1_0.id,
        a1_0.age,
        a1_0.name 
    from
        author a1_0 
    where
        a1_0.id=?
2024-01-12T22:02:43.891-05:00  INFO 37024 --- [           main] j.LocalContainerEntityManagerFactoryBean : Closing JPA EntityManagerFactory for persistence unit 'default'
2024-01-12T22:02:43.892-05:00  INFO 37024 --- [           main] com.zaxxer.hikari.HikariDataSource       : HikariPool-10 - Shutdown initiated...
2024-01-12T22:02:43.895-05:00  INFO 37024 --- [           main] com.zaxxer.hikari.HikariDataSource       : HikariPool-10 - Shutdown completed.
]]></system-out>
  </testcase>
  <testcase name="testThatRetrieveAuthorReturnHttpsStatus404WhenNoAuthorExits" classname="com.tyrien.quickstart.controllers.AuthorControllerIntegrationTests" time="0.026">
    <system-out><![CDATA[
  .   ____          _            __ _ _
 /\\ / ___'_ __ _ _(_)_ __  __ _ \ \ \ \
( ( )\___ | '_ | '_| | '_ \/ _` | \ \ \ \
 \\/  ___)| |_)| | | | | || (_| |  ) ) ) )
  '  |____| .__|_| |_|_| |_\__, | / / / /
 =========|_|==============|___/=/_/_/_/
 :: Spring Boot ::                (v3.2.1)

2024-01-12T22:02:43.932-05:00  INFO 37024 --- [           main] c.t.q.c.AuthorControllerIntegrationTests : Starting AuthorControllerIntegrationTests using Java 21.0.1 with PID 37024 (started by gilpi in C:\Users\gilpi\OneDrive\Documents\New\Personal Projects\quickstart\quickstart)
2024-01-12T22:02:43.933-05:00  INFO 37024 --- [           main] c.t.q.c.AuthorControllerIntegrationTests : No active profile set, falling back to 1 default profile: "default"
2024-01-12T22:02:44.205-05:00  INFO 37024 --- [           main] .s.d.r.c.RepositoryConfigurationDelegate : Bootstrapping Spring Data JPA repositories in DEFAULT mode.
2024-01-12T22:02:44.231-05:00  INFO 37024 --- [           main] .s.d.r.c.RepositoryConfigurationDelegate : Finished Spring Data repository scanning in 25 ms. Found 2 JPA repository interfaces.
2024-01-12T22:02:44.331-05:00  INFO 37024 --- [           main] com.zaxxer.hikari.HikariDataSource       : HikariPool-11 - Starting...
2024-01-12T22:02:44.333-05:00  INFO 37024 --- [           main] com.zaxxer.hikari.pool.HikariPool        : HikariPool-11 - Added connection conn100: url=jdbc:h2:mem:testdb user=SA
2024-01-12T22:02:44.333-05:00  INFO 37024 --- [           main] com.zaxxer.hikari.HikariDataSource       : HikariPool-11 - Start completed.
2024-01-12T22:02:44.362-05:00  INFO 37024 --- [           main] o.hibernate.jpa.internal.util.LogHelper  : HHH000204: Processing PersistenceUnitInfo [name: default]
2024-01-12T22:02:44.366-05:00  INFO 37024 --- [           main] o.h.c.internal.RegionFactoryInitiator    : HHH000026: Second-level cache disabled
2024-01-12T22:02:44.389-05:00  INFO 37024 --- [           main] o.s.o.j.p.SpringPersistenceUnitInfo      : No LoadTimeWeaver setup: ignoring JPA class transformer
2024-01-12T22:02:44.462-05:00  INFO 37024 --- [           main] o.h.e.t.j.p.i.JtaPlatformInitiator       : HHH000489: No JTA platform available (set 'hibernate.transaction.jta.platform' to enable JTA platform integration)
Hibernate: 
    drop table if exists author cascade 
Hibernate: 
    drop table if exists book cascade 
Hibernate: 
    drop sequence if exists author_id_seq
Hibernate: 
    create sequence author_id_seq start with 1 increment by 50
Hibernate: 
    create table author (
        age integer,
        id bigint not null,
        name varchar(255),
        primary key (id)
    )
Hibernate: 
    create table book (
        author_id bigint,
        isbn varchar(255) not null,
        title varchar(255),
        primary key (isbn)
    )
Hibernate: 
    alter table if exists book 
       add constraint FKklnrv3weler2ftkweewlky958 
       foreign key (author_id) 
       references author
2024-01-12T22:02:44.474-05:00  INFO 37024 --- [           main] j.LocalContainerEntityManagerFactoryBean : Initialized JPA EntityManagerFactory for persistence unit 'default'
2024-01-12T22:02:44.569-05:00  WARN 37024 --- [           main] JpaBaseConfiguration$JpaWebConfiguration : spring.jpa.open-in-view is enabled by default. Therefore, database queries may be performed during view rendering. Explicitly configure spring.jpa.open-in-view to disable this warning
2024-01-12T22:02:44.700-05:00  INFO 37024 --- [           main] o.s.b.t.m.w.SpringBootMockServletContext : Initializing Spring TestDispatcherServlet ''
2024-01-12T22:02:44.700-05:00  INFO 37024 --- [           main] o.s.t.web.servlet.TestDispatcherServlet  : Initializing Servlet ''
2024-01-12T22:02:44.701-05:00  INFO 37024 --- [           main] o.s.t.web.servlet.TestDispatcherServlet  : Completed initialization in 1 ms
2024-01-12T22:02:44.713-05:00  INFO 37024 --- [           main] c.t.q.c.AuthorControllerIntegrationTests : Started AuthorControllerIntegrationTests in 0.813 seconds (process running for 15.238)
Hibernate: 
    select
        a1_0.id,
        a1_0.age,
        a1_0.name 
    from
        author a1_0 
    where
        a1_0.id=?
2024-01-12T22:02:44.738-05:00  INFO 37024 --- [           main] j.LocalContainerEntityManagerFactoryBean : Closing JPA EntityManagerFactory for persistence unit 'default'
2024-01-12T22:02:44.739-05:00  INFO 37024 --- [           main] com.zaxxer.hikari.HikariDataSource       : HikariPool-11 - Shutdown initiated...
2024-01-12T22:02:44.742-05:00  INFO 37024 --- [           main] com.zaxxer.hikari.HikariDataSource       : HikariPool-11 - Shutdown completed.
]]></system-out>
  </testcase>
  <testcase name="testThatFullUpdateAuthorReturnHttpStatus200WhenAuthorExits" classname="com.tyrien.quickstart.controllers.AuthorControllerIntegrationTests" time="0.04">
    <system-out><![CDATA[
  .   ____          _            __ _ _
 /\\ / ___'_ __ _ _(_)_ __  __ _ \ \ \ \
( ( )\___ | '_ | '_| | '_ \/ _` | \ \ \ \
 \\/  ___)| |_)| | | | | || (_| |  ) ) ) )
  '  |____| .__|_| |_|_| |_\__, | / / / /
 =========|_|==============|___/=/_/_/_/
 :: Spring Boot ::                (v3.2.1)

2024-01-12T22:02:44.782-05:00  INFO 37024 --- [           main] c.t.q.c.AuthorControllerIntegrationTests : Starting AuthorControllerIntegrationTests using Java 21.0.1 with PID 37024 (started by gilpi in C:\Users\gilpi\OneDrive\Documents\New\Personal Projects\quickstart\quickstart)
2024-01-12T22:02:44.783-05:00  INFO 37024 --- [           main] c.t.q.c.AuthorControllerIntegrationTests : No active profile set, falling back to 1 default profile: "default"
2024-01-12T22:02:45.012-05:00  INFO 37024 --- [           main] .s.d.r.c.RepositoryConfigurationDelegate : Bootstrapping Spring Data JPA repositories in DEFAULT mode.
2024-01-12T22:02:45.039-05:00  INFO 37024 --- [           main] .s.d.r.c.RepositoryConfigurationDelegate : Finished Spring Data repository scanning in 26 ms. Found 2 JPA repository interfaces.
2024-01-12T22:02:45.126-05:00  INFO 37024 --- [           main] com.zaxxer.hikari.HikariDataSource       : HikariPool-12 - Starting...
2024-01-12T22:02:45.129-05:00  INFO 37024 --- [           main] com.zaxxer.hikari.pool.HikariPool        : HikariPool-12 - Added connection conn110: url=jdbc:h2:mem:testdb user=SA
2024-01-12T22:02:45.129-05:00  INFO 37024 --- [           main] com.zaxxer.hikari.HikariDataSource       : HikariPool-12 - Start completed.
2024-01-12T22:02:45.159-05:00  INFO 37024 --- [           main] o.hibernate.jpa.internal.util.LogHelper  : HHH000204: Processing PersistenceUnitInfo [name: default]
2024-01-12T22:02:45.163-05:00  INFO 37024 --- [           main] o.h.c.internal.RegionFactoryInitiator    : HHH000026: Second-level cache disabled
2024-01-12T22:02:45.172-05:00  INFO 37024 --- [           main] o.s.o.j.p.SpringPersistenceUnitInfo      : No LoadTimeWeaver setup: ignoring JPA class transformer
2024-01-12T22:02:45.233-05:00  INFO 37024 --- [           main] o.h.e.t.j.p.i.JtaPlatformInitiator       : HHH000489: No JTA platform available (set 'hibernate.transaction.jta.platform' to enable JTA platform integration)
Hibernate: 
    drop table if exists author cascade 
Hibernate: 
    drop table if exists book cascade 
Hibernate: 
    drop sequence if exists author_id_seq
Hibernate: 
    create sequence author_id_seq start with 1 increment by 50
Hibernate: 
    create table author (
        age integer,
        id bigint not null,
        name varchar(255),
        primary key (id)
    )
Hibernate: 
    create table book (
        author_id bigint,
        isbn varchar(255) not null,
        title varchar(255),
        primary key (isbn)
    )
Hibernate: 
    alter table if exists book 
       add constraint FKklnrv3weler2ftkweewlky958 
       foreign key (author_id) 
       references author
2024-01-12T22:02:45.242-05:00  INFO 37024 --- [           main] j.LocalContainerEntityManagerFactoryBean : Initialized JPA EntityManagerFactory for persistence unit 'default'
2024-01-12T22:02:45.326-05:00  WARN 37024 --- [           main] JpaBaseConfiguration$JpaWebConfiguration : spring.jpa.open-in-view is enabled by default. Therefore, database queries may be performed during view rendering. Explicitly configure spring.jpa.open-in-view to disable this warning
2024-01-12T22:02:45.443-05:00  INFO 37024 --- [           main] o.s.b.t.m.w.SpringBootMockServletContext : Initializing Spring TestDispatcherServlet ''
2024-01-12T22:02:45.444-05:00  INFO 37024 --- [           main] o.s.t.web.servlet.TestDispatcherServlet  : Initializing Servlet ''
2024-01-12T22:02:45.445-05:00  INFO 37024 --- [           main] o.s.t.web.servlet.TestDispatcherServlet  : Completed initialization in 1 ms
2024-01-12T22:02:45.472-05:00  INFO 37024 --- [           main] c.t.q.c.AuthorControllerIntegrationTests : Started AuthorControllerIntegrationTests in 0.725 seconds (process running for 15.998)
Hibernate: 
    select
        a1_0.id,
        a1_0.age,
        a1_0.name 
    from
        author a1_0 
    where
        a1_0.id=?
Hibernate: 
    select
        next value for author_id_seq
Hibernate: 
    insert 
    into
        author
        (age, name, id) 
    values
        (?, ?, ?)
Hibernate: 
    select
        a1_0.id,
        a1_0.age,
        a1_0.name 
    from
        author a1_0 
    where
        a1_0.id=?
2024-01-12T22:02:45.514-05:00  INFO 37024 --- [           main] j.LocalContainerEntityManagerFactoryBean : Closing JPA EntityManagerFactory for persistence unit 'default'
2024-01-12T22:02:45.515-05:00  INFO 37024 --- [           main] com.zaxxer.hikari.HikariDataSource       : HikariPool-12 - Shutdown initiated...
2024-01-12T22:02:45.518-05:00  INFO 37024 --- [           main] com.zaxxer.hikari.HikariDataSource       : HikariPool-12 - Shutdown completed.
]]></system-out>
  </testcase>
  <testcase name="testThatRetrieveAuthorsReturnHttpsStatus200" classname="com.tyrien.quickstart.controllers.AuthorControllerIntegrationTests" time="0.025">
    <system-out><![CDATA[
  .   ____          _            __ _ _
 /\\ / ___'_ __ _ _(_)_ __  __ _ \ \ \ \
( ( )\___ | '_ | '_| | '_ \/ _` | \ \ \ \
 \\/  ___)| |_)| | | | | || (_| |  ) ) ) )
  '  |____| .__|_| |_|_| |_\__, | / / / /
 =========|_|==============|___/=/_/_/_/
 :: Spring Boot ::                (v3.2.1)

2024-01-12T22:02:45.559-05:00  INFO 37024 --- [           main] c.t.q.c.AuthorControllerIntegrationTests : Starting AuthorControllerIntegrationTests using Java 21.0.1 with PID 37024 (started by gilpi in C:\Users\gilpi\OneDrive\Documents\New\Personal Projects\quickstart\quickstart)
2024-01-12T22:02:45.559-05:00  INFO 37024 --- [           main] c.t.q.c.AuthorControllerIntegrationTests : No active profile set, falling back to 1 default profile: "default"
2024-01-12T22:02:45.814-05:00  INFO 37024 --- [           main] .s.d.r.c.RepositoryConfigurationDelegate : Bootstrapping Spring Data JPA repositories in DEFAULT mode.
2024-01-12T22:02:45.839-05:00  INFO 37024 --- [           main] .s.d.r.c.RepositoryConfigurationDelegate : Finished Spring Data repository scanning in 25 ms. Found 2 JPA repository interfaces.
2024-01-12T22:02:45.919-05:00  INFO 37024 --- [           main] com.zaxxer.hikari.HikariDataSource       : HikariPool-13 - Starting...
2024-01-12T22:02:45.922-05:00  INFO 37024 --- [           main] com.zaxxer.hikari.pool.HikariPool        : HikariPool-13 - Added connection conn120: url=jdbc:h2:mem:testdb user=SA
2024-01-12T22:02:45.922-05:00  INFO 37024 --- [           main] com.zaxxer.hikari.HikariDataSource       : HikariPool-13 - Start completed.
2024-01-12T22:02:45.952-05:00  INFO 37024 --- [           main] o.hibernate.jpa.internal.util.LogHelper  : HHH000204: Processing PersistenceUnitInfo [name: default]
2024-01-12T22:02:45.957-05:00  INFO 37024 --- [           main] o.h.c.internal.RegionFactoryInitiator    : HHH000026: Second-level cache disabled
2024-01-12T22:02:45.965-05:00  INFO 37024 --- [           main] o.s.o.j.p.SpringPersistenceUnitInfo      : No LoadTimeWeaver setup: ignoring JPA class transformer
2024-01-12T22:02:46.040-05:00  INFO 37024 --- [           main] o.h.e.t.j.p.i.JtaPlatformInitiator       : HHH000489: No JTA platform available (set 'hibernate.transaction.jta.platform' to enable JTA platform integration)
Hibernate: 
    drop table if exists author cascade 
Hibernate: 
    drop table if exists book cascade 
Hibernate: 
    drop sequence if exists author_id_seq
Hibernate: 
    create sequence author_id_seq start with 1 increment by 50
Hibernate: 
    create table author (
        age integer,
        id bigint not null,
        name varchar(255),
        primary key (id)
    )
Hibernate: 
    create table book (
        author_id bigint,
        isbn varchar(255) not null,
        title varchar(255),
        primary key (isbn)
    )
Hibernate: 
    alter table if exists book 
       add constraint FKklnrv3weler2ftkweewlky958 
       foreign key (author_id) 
       references author
2024-01-12T22:02:46.052-05:00  INFO 37024 --- [           main] j.LocalContainerEntityManagerFactoryBean : Initialized JPA EntityManagerFactory for persistence unit 'default'
2024-01-12T22:02:46.154-05:00  WARN 37024 --- [           main] JpaBaseConfiguration$JpaWebConfiguration : spring.jpa.open-in-view is enabled by default. Therefore, database queries may be performed during view rendering. Explicitly configure spring.jpa.open-in-view to disable this warning
2024-01-12T22:02:46.293-05:00  INFO 37024 --- [           main] o.s.b.t.m.w.SpringBootMockServletContext : Initializing Spring TestDispatcherServlet ''
2024-01-12T22:02:46.293-05:00  INFO 37024 --- [           main] o.s.t.web.servlet.TestDispatcherServlet  : Initializing Servlet ''
2024-01-12T22:02:46.295-05:00  INFO 37024 --- [           main] o.s.t.web.servlet.TestDispatcherServlet  : Completed initialization in 2 ms
2024-01-12T22:02:46.306-05:00  INFO 37024 --- [           main] c.t.q.c.AuthorControllerIntegrationTests : Started AuthorControllerIntegrationTests in 0.784 seconds (process running for 16.832)
Hibernate: 
    select
        a1_0.id,
        a1_0.age,
        a1_0.name 
    from
        author a1_0
2024-01-12T22:02:46.333-05:00  INFO 37024 --- [           main] j.LocalContainerEntityManagerFactoryBean : Closing JPA EntityManagerFactory for persistence unit 'default'
2024-01-12T22:02:46.334-05:00  INFO 37024 --- [           main] com.zaxxer.hikari.HikariDataSource       : HikariPool-13 - Shutdown initiated...
2024-01-12T22:02:46.336-05:00  INFO 37024 --- [           main] com.zaxxer.hikari.HikariDataSource       : HikariPool-13 - Shutdown completed.
]]></system-out>
  </testcase>
  <testcase name="testThatPartialUpdateExistingAuthorReturnHttpStatus200OK" classname="com.tyrien.quickstart.controllers.AuthorControllerIntegrationTests" time="0.051">
    <system-out><![CDATA[
  .   ____          _            __ _ _
 /\\ / ___'_ __ _ _(_)_ __  __ _ \ \ \ \
( ( )\___ | '_ | '_| | '_ \/ _` | \ \ \ \
 \\/  ___)| |_)| | | | | || (_| |  ) ) ) )
  '  |____| .__|_| |_|_| |_\__, | / / / /
 =========|_|==============|___/=/_/_/_/
 :: Spring Boot ::                (v3.2.1)

2024-01-12T22:02:46.379-05:00  INFO 37024 --- [           main] c.t.q.c.AuthorControllerIntegrationTests : Starting AuthorControllerIntegrationTests using Java 21.0.1 with PID 37024 (started by gilpi in C:\Users\gilpi\OneDrive\Documents\New\Personal Projects\quickstart\quickstart)
2024-01-12T22:02:46.379-05:00  INFO 37024 --- [           main] c.t.q.c.AuthorControllerIntegrationTests : No active profile set, falling back to 1 default profile: "default"
2024-01-12T22:02:46.620-05:00  INFO 37024 --- [           main] .s.d.r.c.RepositoryConfigurationDelegate : Bootstrapping Spring Data JPA repositories in DEFAULT mode.
2024-01-12T22:02:46.646-05:00  INFO 37024 --- [           main] .s.d.r.c.RepositoryConfigurationDelegate : Finished Spring Data repository scanning in 25 ms. Found 2 JPA repository interfaces.
2024-01-12T22:02:46.715-05:00  INFO 37024 --- [           main] com.zaxxer.hikari.HikariDataSource       : HikariPool-14 - Starting...
2024-01-12T22:02:46.717-05:00  INFO 37024 --- [           main] com.zaxxer.hikari.pool.HikariPool        : HikariPool-14 - Added connection conn130: url=jdbc:h2:mem:testdb user=SA
2024-01-12T22:02:46.717-05:00  INFO 37024 --- [           main] com.zaxxer.hikari.HikariDataSource       : HikariPool-14 - Start completed.
2024-01-12T22:02:46.742-05:00  INFO 37024 --- [           main] o.hibernate.jpa.internal.util.LogHelper  : HHH000204: Processing PersistenceUnitInfo [name: default]
2024-01-12T22:02:46.747-05:00  INFO 37024 --- [           main] o.h.c.internal.RegionFactoryInitiator    : HHH000026: Second-level cache disabled
2024-01-12T22:02:46.756-05:00  INFO 37024 --- [           main] o.s.o.j.p.SpringPersistenceUnitInfo      : No LoadTimeWeaver setup: ignoring JPA class transformer
2024-01-12T22:02:46.825-05:00  INFO 37024 --- [           main] o.h.e.t.j.p.i.JtaPlatformInitiator       : HHH000489: No JTA platform available (set 'hibernate.transaction.jta.platform' to enable JTA platform integration)
Hibernate: 
    drop table if exists author cascade 
Hibernate: 
    drop table if exists book cascade 
Hibernate: 
    drop sequence if exists author_id_seq
Hibernate: 
    create sequence author_id_seq start with 1 increment by 50
Hibernate: 
    create table author (
        age integer,
        id bigint not null,
        name varchar(255),
        primary key (id)
    )
Hibernate: 
    create table book (
        author_id bigint,
        isbn varchar(255) not null,
        title varchar(255),
        primary key (isbn)
    )
Hibernate: 
    alter table if exists book 
       add constraint FKklnrv3weler2ftkweewlky958 
       foreign key (author_id) 
       references author
2024-01-12T22:02:46.835-05:00  INFO 37024 --- [           main] j.LocalContainerEntityManagerFactoryBean : Initialized JPA EntityManagerFactory for persistence unit 'default'
2024-01-12T22:02:46.928-05:00  WARN 37024 --- [           main] JpaBaseConfiguration$JpaWebConfiguration : spring.jpa.open-in-view is enabled by default. Therefore, database queries may be performed during view rendering. Explicitly configure spring.jpa.open-in-view to disable this warning
2024-01-12T22:02:47.052-05:00  INFO 37024 --- [           main] o.s.b.t.m.w.SpringBootMockServletContext : Initializing Spring TestDispatcherServlet ''
2024-01-12T22:02:47.052-05:00  INFO 37024 --- [           main] o.s.t.web.servlet.TestDispatcherServlet  : Initializing Servlet ''
2024-01-12T22:02:47.053-05:00  INFO 37024 --- [           main] o.s.t.web.servlet.TestDispatcherServlet  : Completed initialization in 1 ms
2024-01-12T22:02:47.063-05:00  INFO 37024 --- [           main] c.t.q.c.AuthorControllerIntegrationTests : Started AuthorControllerIntegrationTests in 0.722 seconds (process running for 17.589)
Hibernate: 
    select
        a1_0.id,
        a1_0.age,
        a1_0.name 
    from
        author a1_0 
    where
        a1_0.id=?
Hibernate: 
    select
        next value for author_id_seq
Hibernate: 
    insert 
    into
        author
        (age, name, id) 
    values
        (?, ?, ?)
Hibernate: 
    select
        count(*) 
    from
        author a1_0 
    where
        a1_0.id=?
Hibernate: 
    select
        a1_0.id,
        a1_0.age,
        a1_0.name 
    from
        author a1_0 
    where
        a1_0.id=?
Hibernate: 
    update
        author 
    set
        age=?,
        name=? 
    where
        id=?
2024-01-12T22:02:47.116-05:00  INFO 37024 --- [           main] j.LocalContainerEntityManagerFactoryBean : Closing JPA EntityManagerFactory for persistence unit 'default'
2024-01-12T22:02:47.116-05:00  INFO 37024 --- [           main] com.zaxxer.hikari.HikariDataSource       : HikariPool-14 - Shutdown initiated...
2024-01-12T22:02:47.118-05:00  INFO 37024 --- [           main] com.zaxxer.hikari.HikariDataSource       : HikariPool-14 - Shutdown completed.
]]></system-out>
  </testcase>
  <testcase name="testThatCreateAuthorSuccessfullyReturnsSavedAuthor" classname="com.tyrien.quickstart.controllers.AuthorControllerIntegrationTests" time="0.033">
    <system-out><![CDATA[
  .   ____          _            __ _ _
 /\\ / ___'_ __ _ _(_)_ __  __ _ \ \ \ \
( ( )\___ | '_ | '_| | '_ \/ _` | \ \ \ \
 \\/  ___)| |_)| | | | | || (_| |  ) ) ) )
  '  |____| .__|_| |_|_| |_\__, | / / / /
 =========|_|==============|___/=/_/_/_/
 :: Spring Boot ::                (v3.2.1)

2024-01-12T22:02:47.164-05:00  INFO 37024 --- [           main] c.t.q.c.AuthorControllerIntegrationTests : Starting AuthorControllerIntegrationTests using Java 21.0.1 with PID 37024 (started by gilpi in C:\Users\gilpi\OneDrive\Documents\New\Personal Projects\quickstart\quickstart)
2024-01-12T22:02:47.164-05:00  INFO 37024 --- [           main] c.t.q.c.AuthorControllerIntegrationTests : No active profile set, falling back to 1 default profile: "default"
2024-01-12T22:02:47.413-05:00  INFO 37024 --- [           main] .s.d.r.c.RepositoryConfigurationDelegate : Bootstrapping Spring Data JPA repositories in DEFAULT mode.
2024-01-12T22:02:47.442-05:00  INFO 37024 --- [           main] .s.d.r.c.RepositoryConfigurationDelegate : Finished Spring Data repository scanning in 27 ms. Found 2 JPA repository interfaces.
2024-01-12T22:02:47.534-05:00  INFO 37024 --- [           main] com.zaxxer.hikari.HikariDataSource       : HikariPool-15 - Starting...
2024-01-12T22:02:47.536-05:00  INFO 37024 --- [           main] com.zaxxer.hikari.pool.HikariPool        : HikariPool-15 - Added connection conn140: url=jdbc:h2:mem:testdb user=SA
2024-01-12T22:02:47.536-05:00  INFO 37024 --- [           main] com.zaxxer.hikari.HikariDataSource       : HikariPool-15 - Start completed.
2024-01-12T22:02:47.566-05:00  INFO 37024 --- [           main] o.hibernate.jpa.internal.util.LogHelper  : HHH000204: Processing PersistenceUnitInfo [name: default]
2024-01-12T22:02:47.570-05:00  INFO 37024 --- [           main] o.h.c.internal.RegionFactoryInitiator    : HHH000026: Second-level cache disabled
2024-01-12T22:02:47.577-05:00  INFO 37024 --- [           main] o.s.o.j.p.SpringPersistenceUnitInfo      : No LoadTimeWeaver setup: ignoring JPA class transformer
2024-01-12T22:02:47.635-05:00  INFO 37024 --- [           main] o.h.e.t.j.p.i.JtaPlatformInitiator       : HHH000489: No JTA platform available (set 'hibernate.transaction.jta.platform' to enable JTA platform integration)
Hibernate: 
    drop table if exists author cascade 
Hibernate: 
    drop table if exists book cascade 
Hibernate: 
    drop sequence if exists author_id_seq
Hibernate: 
    create sequence author_id_seq start with 1 increment by 50
Hibernate: 
    create table author (
        age integer,
        id bigint not null,
        name varchar(255),
        primary key (id)
    )
Hibernate: 
    create table book (
        author_id bigint,
        isbn varchar(255) not null,
        title varchar(255),
        primary key (isbn)
    )
Hibernate: 
    alter table if exists book 
       add constraint FKklnrv3weler2ftkweewlky958 
       foreign key (author_id) 
       references author
2024-01-12T22:02:47.646-05:00  INFO 37024 --- [           main] j.LocalContainerEntityManagerFactoryBean : Initialized JPA EntityManagerFactory for persistence unit 'default'
2024-01-12T22:02:47.732-05:00  WARN 37024 --- [           main] JpaBaseConfiguration$JpaWebConfiguration : spring.jpa.open-in-view is enabled by default. Therefore, database queries may be performed during view rendering. Explicitly configure spring.jpa.open-in-view to disable this warning
2024-01-12T22:02:47.872-05:00  INFO 37024 --- [           main] o.s.b.t.m.w.SpringBootMockServletContext : Initializing Spring TestDispatcherServlet ''
2024-01-12T22:02:47.872-05:00  INFO 37024 --- [           main] o.s.t.web.servlet.TestDispatcherServlet  : Initializing Servlet ''
2024-01-12T22:02:47.873-05:00  INFO 37024 --- [           main] o.s.t.web.servlet.TestDispatcherServlet  : Completed initialization in 1 ms
2024-01-12T22:02:47.883-05:00  INFO 37024 --- [           main] c.t.q.c.AuthorControllerIntegrationTests : Started AuthorControllerIntegrationTests in 0.76 seconds (process running for 18.41)
2024-01-12T22:02:47.899-05:00  INFO 37024 --- [           main] c.t.q.controllers.AuthorController       : Got Author: AuthorDto(id=null, name=Abigail Rose, age=80)
Hibernate: 
    select
        next value for author_id_seq
Hibernate: 
    insert 
    into
        author
        (age, name, id) 
    values
        (?, ?, ?)
2024-01-12T22:02:47.917-05:00  INFO 37024 --- [           main] j.LocalContainerEntityManagerFactoryBean : Closing JPA EntityManagerFactory for persistence unit 'default'
2024-01-12T22:02:47.918-05:00  INFO 37024 --- [           main] com.zaxxer.hikari.HikariDataSource       : HikariPool-15 - Shutdown initiated...
2024-01-12T22:02:47.920-05:00  INFO 37024 --- [           main] com.zaxxer.hikari.HikariDataSource       : HikariPool-15 - Shutdown completed.
]]></system-out>
  </testcase>
</testsuite>