<?xml version="1.0" encoding="UTF-8"?>
<testsuite xmlns:xsi="http://www.w3.org/2001/XMLSchema-instance" xsi:noNamespaceSchemaLocation="https://maven.apache.org/surefire/maven-surefire-plugin/xsd/surefire-test-report-3.0.xsd" version="3.0" name="com.tyrien.quickstart.controllers.AuthorControllerIntegrationTests" time="4.95" tests="14" errors="0" skipped="0" failures="0">
  <properties>
[...]
</properties>
  <testcase name="testThatFullUpdateUpdatesExistingAuthor" classname="com.tyrien.quickstart.controllers.AuthorControllerIntegrationTests" time="0.329">
    <system-out><![CDATA[2024-01-13T18:12:36.146-05:00  INFO 764 --- [           main] t.c.s.AnnotationConfigContextLoaderUtils : Could not detect default configuration classes for test class [com.tyrien.quickstart.controllers.AuthorControllerIntegrationTests]: AuthorControllerIntegrationTests does not declare any static, non-private, non-final, nested classes annotated with @Configuration.
2024-01-13T18:12:36.175-05:00  INFO 764 --- [           main] .b.t.c.SpringBootTestContextBootstrapper : Found @SpringBootConfiguration com.tyrien.quickstart.BooksApiApplication for test class com.tyrien.quickstart.controllers.AuthorControllerIntegrationTests

  .   ____          _            __ _ _
 /\\ / ___'_ __ _ _(_)_ __  __ _ \ \ \ \
( ( )\___ | '_ | '_| | '_ \/ _` | \ \ \ \
 \\/  ___)| |_)| | | | | || (_| |  ) ) ) )
  '  |____| .__|_| |_|_| |_\__, | / / / /
 =========|_|==============|___/=/_/_/_/
 :: Spring Boot ::                (v3.2.1)

2024-01-13T18:12:36.221-05:00  INFO 764 --- [           main] c.t.q.c.AuthorControllerIntegrationTests : Starting AuthorControllerIntegrationTests using Java 21.0.1 with PID 764 (started by gilpi in C:\Users\gilpi\OneDrive\Documents\New\Personal Projects\quickstart\quickstart)
2024-01-13T18:12:36.221-05:00  INFO 764 --- [           main] c.t.q.c.AuthorControllerIntegrationTests : No active profile set, falling back to 1 default profile: "default"
2024-01-13T18:12:36.366-05:00  INFO 764 --- [           main] .s.d.r.c.RepositoryConfigurationDelegate : Bootstrapping Spring Data JPA repositories in DEFAULT mode.
2024-01-13T18:12:36.379-05:00  INFO 764 --- [           main] .s.d.r.c.RepositoryConfigurationDelegate : Finished Spring Data repository scanning in 12 ms. Found 2 JPA repository interfaces.
2024-01-13T18:12:36.449-05:00  INFO 764 --- [           main] com.zaxxer.hikari.HikariDataSource       : HikariPool-2 - Starting...
2024-01-13T18:12:36.450-05:00  INFO 764 --- [           main] com.zaxxer.hikari.pool.HikariPool        : HikariPool-2 - Added connection conn10: url=jdbc:h2:mem:testdb user=SA
2024-01-13T18:12:36.450-05:00  INFO 764 --- [           main] com.zaxxer.hikari.HikariDataSource       : HikariPool-2 - Start completed.
2024-01-13T18:12:36.467-05:00  INFO 764 --- [           main] o.hibernate.jpa.internal.util.LogHelper  : HHH000204: Processing PersistenceUnitInfo [name: default]
2024-01-13T18:12:36.469-05:00  INFO 764 --- [           main] o.h.c.internal.RegionFactoryInitiator    : HHH000026: Second-level cache disabled
2024-01-13T18:12:36.472-05:00  INFO 764 --- [           main] o.s.o.j.p.SpringPersistenceUnitInfo      : No LoadTimeWeaver setup: ignoring JPA class transformer
2024-01-13T18:12:36.504-05:00  INFO 764 --- [           main] o.h.e.t.j.p.i.JtaPlatformInitiator       : HHH000489: No JTA platform available (set 'hibernate.transaction.jta.platform' to enable JTA platform integration)
Hibernate: 
    drop table if exists author cascade 
Hibernate: 
    drop table if exists book cascade 
Hibernate: 
    drop sequence if exists author_id_seq
Hibernate: 
    create sequence author_id_seq start with 1 increment by 50
Hibernate: 
    create table author (
        age integer,
        id bigint not null,
        name varchar(255),
        primary key (id)
    )
Hibernate: 
    create table book (
        author_id bigint,
        isbn varchar(255) not null,
        title varchar(255),
        primary key (isbn)
    )
Hibernate: 
    alter table if exists book 
       add constraint FKklnrv3weler2ftkweewlky958 
       foreign key (author_id) 
       references author
2024-01-13T18:12:36.510-05:00  INFO 764 --- [           main] j.LocalContainerEntityManagerFactoryBean : Initialized JPA EntityManagerFactory for persistence unit 'default'
2024-01-13T18:12:36.577-05:00  WARN 764 --- [           main] JpaBaseConfiguration$JpaWebConfiguration : spring.jpa.open-in-view is enabled by default. Therefore, database queries may be performed during view rendering. Explicitly configure spring.jpa.open-in-view to disable this warning
2024-01-13T18:12:36.684-05:00  INFO 764 --- [           main] o.s.b.t.m.w.SpringBootMockServletContext : Initializing Spring TestDispatcherServlet ''
2024-01-13T18:12:36.684-05:00  INFO 764 --- [           main] o.s.t.web.servlet.TestDispatcherServlet  : Initializing Servlet ''
2024-01-13T18:12:36.687-05:00  INFO 764 --- [           main] o.s.t.web.servlet.TestDispatcherServlet  : Completed initialization in 1 ms
2024-01-13T18:12:36.694-05:00  INFO 764 --- [           main] c.t.q.c.AuthorControllerIntegrationTests : Started AuthorControllerIntegrationTests in 0.504 seconds (process running for 5.513)
Hibernate: 
    select
        a1_0.id,
        a1_0.age,
        a1_0.name 
    from
        author a1_0 
    where
        a1_0.id=?
Hibernate: 
    select
        next value for author_id_seq
Hibernate: 
    insert 
    into
        author
        (age, name, id) 
    values
        (?, ?, ?)
Hibernate: 
    select
        count(*) 
    from
        author a1_0 
    where
        a1_0.id=?
Hibernate: 
    select
        a1_0.id,
        a1_0.age,
        a1_0.name 
    from
        author a1_0 
    where
        a1_0.id=?
Hibernate: 
    update
        author 
    set
        age=?,
        name=? 
    where
        id=?
2024-01-13T18:12:37.024-05:00  INFO 764 --- [           main] j.LocalContainerEntityManagerFactoryBean : Closing JPA EntityManagerFactory for persistence unit 'default'
2024-01-13T18:12:37.026-05:00  INFO 764 --- [           main] com.zaxxer.hikari.HikariDataSource       : HikariPool-2 - Shutdown initiated...
2024-01-13T18:12:37.028-05:00  INFO 764 --- [           main] com.zaxxer.hikari.HikariDataSource       : HikariPool-2 - Shutdown completed.
]]></system-out>
  </testcase>
  <testcase name="testThatPartialUpdateExistingAuthorReturnsUpdatedAuthor" classname="com.tyrien.quickstart.controllers.AuthorControllerIntegrationTests" time="0.037">
    <system-out><![CDATA[
  .   ____          _            __ _ _
 /\\ / ___'_ __ _ _(_)_ __  __ _ \ \ \ \
( ( )\___ | '_ | '_| | '_ \/ _` | \ \ \ \
 \\/  ___)| |_)| | | | | || (_| |  ) ) ) )
  '  |____| .__|_| |_|_| |_\__, | / / / /
 =========|_|==============|___/=/_/_/_/
 :: Spring Boot ::                (v3.2.1)

2024-01-13T18:12:37.051-05:00  INFO 764 --- [           main] c.t.q.c.AuthorControllerIntegrationTests : Starting AuthorControllerIntegrationTests using Java 21.0.1 with PID 764 (started by gilpi in C:\Users\gilpi\OneDrive\Documents\New\Personal Projects\quickstart\quickstart)
2024-01-13T18:12:37.051-05:00  INFO 764 --- [           main] c.t.q.c.AuthorControllerIntegrationTests : No active profile set, falling back to 1 default profile: "default"
2024-01-13T18:12:37.174-05:00  INFO 764 --- [           main] .s.d.r.c.RepositoryConfigurationDelegate : Bootstrapping Spring Data JPA repositories in DEFAULT mode.
2024-01-13T18:12:37.185-05:00  INFO 764 --- [           main] .s.d.r.c.RepositoryConfigurationDelegate : Finished Spring Data repository scanning in 11 ms. Found 2 JPA repository interfaces.
2024-01-13T18:12:37.231-05:00  INFO 764 --- [           main] com.zaxxer.hikari.HikariDataSource       : HikariPool-3 - Starting...
2024-01-13T18:12:37.232-05:00  INFO 764 --- [           main] com.zaxxer.hikari.pool.HikariPool        : HikariPool-3 - Added connection conn20: url=jdbc:h2:mem:testdb user=SA
2024-01-13T18:12:37.232-05:00  INFO 764 --- [           main] com.zaxxer.hikari.HikariDataSource       : HikariPool-3 - Start completed.
2024-01-13T18:12:37.245-05:00  INFO 764 --- [           main] o.hibernate.jpa.internal.util.LogHelper  : HHH000204: Processing PersistenceUnitInfo [name: default]
2024-01-13T18:12:37.247-05:00  INFO 764 --- [           main] o.h.c.internal.RegionFactoryInitiator    : HHH000026: Second-level cache disabled
2024-01-13T18:12:37.249-05:00  INFO 764 --- [           main] o.s.o.j.p.SpringPersistenceUnitInfo      : No LoadTimeWeaver setup: ignoring JPA class transformer
2024-01-13T18:12:37.275-05:00  INFO 764 --- [           main] o.h.e.t.j.p.i.JtaPlatformInitiator       : HHH000489: No JTA platform available (set 'hibernate.transaction.jta.platform' to enable JTA platform integration)
Hibernate: 
    drop table if exists author cascade 
Hibernate: 
    drop table if exists book cascade 
Hibernate: 
    drop sequence if exists author_id_seq
Hibernate: 
    create sequence author_id_seq start with 1 increment by 50
Hibernate: 
    create table author (
        age integer,
        id bigint not null,
        name varchar(255),
        primary key (id)
    )
Hibernate: 
    create table book (
        author_id bigint,
        isbn varchar(255) not null,
        title varchar(255),
        primary key (isbn)
    )
Hibernate: 
    alter table if exists book 
       add constraint FKklnrv3weler2ftkweewlky958 
       foreign key (author_id) 
       references author
2024-01-13T18:12:37.279-05:00  INFO 764 --- [           main] j.LocalContainerEntityManagerFactoryBean : Initialized JPA EntityManagerFactory for persistence unit 'default'
2024-01-13T18:12:37.334-05:00  WARN 764 --- [           main] JpaBaseConfiguration$JpaWebConfiguration : spring.jpa.open-in-view is enabled by default. Therefore, database queries may be performed during view rendering. Explicitly configure spring.jpa.open-in-view to disable this warning
2024-01-13T18:12:37.404-05:00  INFO 764 --- [           main] o.s.b.t.m.w.SpringBootMockServletContext : Initializing Spring TestDispatcherServlet ''
2024-01-13T18:12:37.404-05:00  INFO 764 --- [           main] o.s.t.web.servlet.TestDispatcherServlet  : Initializing Servlet ''
2024-01-13T18:12:37.405-05:00  INFO 764 --- [           main] o.s.t.web.servlet.TestDispatcherServlet  : Completed initialization in 1 ms
2024-01-13T18:12:37.410-05:00  INFO 764 --- [           main] c.t.q.c.AuthorControllerIntegrationTests : Started AuthorControllerIntegrationTests in 0.379 seconds (process running for 6.23)
Hibernate: 
    select
        a1_0.id,
        a1_0.age,
        a1_0.name 
    from
        author a1_0 
    where
        a1_0.id=?
Hibernate: 
    select
        next value for author_id_seq
Hibernate: 
    insert 
    into
        author
        (age, name, id) 
    values
        (?, ?, ?)
Hibernate: 
    select
        count(*) 
    from
        author a1_0 
    where
        a1_0.id=?
Hibernate: 
    select
        a1_0.id,
        a1_0.age,
        a1_0.name 
    from
        author a1_0 
    where
        a1_0.id=?
Hibernate: 
    update
        author 
    set
        age=?,
        name=? 
    where
        id=?
2024-01-13T18:12:37.442-05:00  INFO 764 --- [           main] j.LocalContainerEntityManagerFactoryBean : Closing JPA EntityManagerFactory for persistence unit 'default'
2024-01-13T18:12:37.443-05:00  INFO 764 --- [           main] com.zaxxer.hikari.HikariDataSource       : HikariPool-3 - Shutdown initiated...
2024-01-13T18:12:37.448-05:00  INFO 764 --- [           main] com.zaxxer.hikari.HikariDataSource       : HikariPool-3 - Shutdown completed.
]]></system-out>
  </testcase>
  <testcase name="testThatFullUpdateAuthorReturnHttpStatus404WhenNoAuthorExits" classname="com.tyrien.quickstart.controllers.AuthorControllerIntegrationTests" time="0.032">
    <system-out><![CDATA[
  .   ____          _            __ _ _
 /\\ / ___'_ __ _ _(_)_ __  __ _ \ \ \ \
( ( )\___ | '_ | '_| | '_ \/ _` | \ \ \ \
 \\/  ___)| |_)| | | | | || (_| |  ) ) ) )
  '  |____| .__|_| |_|_| |_\__, | / / / /
 =========|_|==============|___/=/_/_/_/
 :: Spring Boot ::                (v3.2.1)

2024-01-13T18:12:37.483-05:00  INFO 764 --- [           main] c.t.q.c.AuthorControllerIntegrationTests : Starting AuthorControllerIntegrationTests using Java 21.0.1 with PID 764 (started by gilpi in C:\Users\gilpi\OneDrive\Documents\New\Personal Projects\quickstart\quickstart)
2024-01-13T18:12:37.483-05:00  INFO 764 --- [           main] c.t.q.c.AuthorControllerIntegrationTests : No active profile set, falling back to 1 default profile: "default"
2024-01-13T18:12:37.590-05:00  INFO 764 --- [           main] .s.d.r.c.RepositoryConfigurationDelegate : Bootstrapping Spring Data JPA repositories in DEFAULT mode.
2024-01-13T18:12:37.600-05:00  INFO 764 --- [           main] .s.d.r.c.RepositoryConfigurationDelegate : Finished Spring Data repository scanning in 9 ms. Found 2 JPA repository interfaces.
2024-01-13T18:12:37.629-05:00  INFO 764 --- [           main] com.zaxxer.hikari.HikariDataSource       : HikariPool-4 - Starting...
2024-01-13T18:12:37.629-05:00  INFO 764 --- [           main] com.zaxxer.hikari.pool.HikariPool        : HikariPool-4 - Added connection conn28: url=jdbc:h2:mem:testdb user=SA
2024-01-13T18:12:37.630-05:00  INFO 764 --- [           main] com.zaxxer.hikari.HikariDataSource       : HikariPool-4 - Start completed.
2024-01-13T18:12:37.641-05:00  INFO 764 --- [           main] o.hibernate.jpa.internal.util.LogHelper  : HHH000204: Processing PersistenceUnitInfo [name: default]
2024-01-13T18:12:37.644-05:00  INFO 764 --- [           main] o.h.c.internal.RegionFactoryInitiator    : HHH000026: Second-level cache disabled
2024-01-13T18:12:37.647-05:00  INFO 764 --- [           main] o.s.o.j.p.SpringPersistenceUnitInfo      : No LoadTimeWeaver setup: ignoring JPA class transformer
2024-01-13T18:12:37.675-05:00  INFO 764 --- [           main] o.h.e.t.j.p.i.JtaPlatformInitiator       : HHH000489: No JTA platform available (set 'hibernate.transaction.jta.platform' to enable JTA platform integration)
Hibernate: 
    drop table if exists author cascade 
Hibernate: 
    drop table if exists book cascade 
Hibernate: 
    drop sequence if exists author_id_seq
Hibernate: 
    create sequence author_id_seq start with 1 increment by 50
Hibernate: 
    create table author (
        age integer,
        id bigint not null,
        name varchar(255),
        primary key (id)
    )
Hibernate: 
    create table book (
        author_id bigint,
        isbn varchar(255) not null,
        title varchar(255),
        primary key (isbn)
    )
Hibernate: 
    alter table if exists book 
       add constraint FKklnrv3weler2ftkweewlky958 
       foreign key (author_id) 
       references author
2024-01-13T18:12:37.679-05:00  INFO 764 --- [           main] j.LocalContainerEntityManagerFactoryBean : Initialized JPA EntityManagerFactory for persistence unit 'default'
2024-01-13T18:12:37.720-05:00  WARN 764 --- [           main] JpaBaseConfiguration$JpaWebConfiguration : spring.jpa.open-in-view is enabled by default. Therefore, database queries may be performed during view rendering. Explicitly configure spring.jpa.open-in-view to disable this warning
2024-01-13T18:12:37.788-05:00  INFO 764 --- [           main] o.s.b.t.m.w.SpringBootMockServletContext : Initializing Spring TestDispatcherServlet ''
2024-01-13T18:12:37.789-05:00  INFO 764 --- [           main] o.s.t.web.servlet.TestDispatcherServlet  : Initializing Servlet ''
2024-01-13T18:12:37.789-05:00  INFO 764 --- [           main] o.s.t.web.servlet.TestDispatcherServlet  : Completed initialization in 0 ms
2024-01-13T18:12:37.793-05:00  INFO 764 --- [           main] c.t.q.c.AuthorControllerIntegrationTests : Started AuthorControllerIntegrationTests in 0.342 seconds (process running for 6.613)
Hibernate: 
    select
        a1_0.id,
        a1_0.age,
        a1_0.name 
    from
        author a1_0 
    where
        a1_0.id=?
2024-01-13T18:12:37.814-05:00  INFO 764 --- [           main] j.LocalContainerEntityManagerFactoryBean : Closing JPA EntityManagerFactory for persistence unit 'default'
2024-01-13T18:12:37.815-05:00  INFO 764 --- [           main] com.zaxxer.hikari.HikariDataSource       : HikariPool-4 - Shutdown initiated...
2024-01-13T18:12:37.827-05:00  INFO 764 --- [           main] com.zaxxer.hikari.HikariDataSource       : HikariPool-4 - Shutdown completed.
]]></system-out>
  </testcase>
  <testcase name="testThatDeleteAuthorReturnsHttpStatus204ForExistingAuthors" classname="com.tyrien.quickstart.controllers.AuthorControllerIntegrationTests" time="0.026">
    <system-out><![CDATA[
  .   ____          _            __ _ _
 /\\ / ___'_ __ _ _(_)_ __  __ _ \ \ \ \
( ( )\___ | '_ | '_| | '_ \/ _` | \ \ \ \
 \\/  ___)| |_)| | | | | || (_| |  ) ) ) )
  '  |____| .__|_| |_|_| |_\__, | / / / /
 =========|_|==============|___/=/_/_/_/
 :: Spring Boot ::                (v3.2.1)

2024-01-13T18:12:37.850-05:00  INFO 764 --- [           main] c.t.q.c.AuthorControllerIntegrationTests : Starting AuthorControllerIntegrationTests using Java 21.0.1 with PID 764 (started by gilpi in C:\Users\gilpi\OneDrive\Documents\New\Personal Projects\quickstart\quickstart)
2024-01-13T18:12:37.851-05:00  INFO 764 --- [           main] c.t.q.c.AuthorControllerIntegrationTests : No active profile set, falling back to 1 default profile: "default"
2024-01-13T18:12:37.970-05:00  INFO 764 --- [           main] .s.d.r.c.RepositoryConfigurationDelegate : Bootstrapping Spring Data JPA repositories in DEFAULT mode.
2024-01-13T18:12:37.983-05:00  INFO 764 --- [           main] .s.d.r.c.RepositoryConfigurationDelegate : Finished Spring Data repository scanning in 12 ms. Found 2 JPA repository interfaces.
2024-01-13T18:12:38.025-05:00  INFO 764 --- [           main] com.zaxxer.hikari.HikariDataSource       : HikariPool-5 - Starting...
2024-01-13T18:12:38.026-05:00  INFO 764 --- [           main] com.zaxxer.hikari.pool.HikariPool        : HikariPool-5 - Added connection conn35: url=jdbc:h2:mem:testdb user=SA
2024-01-13T18:12:38.026-05:00  INFO 764 --- [           main] com.zaxxer.hikari.HikariDataSource       : HikariPool-5 - Start completed.
2024-01-13T18:12:38.043-05:00  INFO 764 --- [           main] o.hibernate.jpa.internal.util.LogHelper  : HHH000204: Processing PersistenceUnitInfo [name: default]
2024-01-13T18:12:38.045-05:00  INFO 764 --- [           main] o.h.c.internal.RegionFactoryInitiator    : HHH000026: Second-level cache disabled
2024-01-13T18:12:38.049-05:00  INFO 764 --- [           main] o.s.o.j.p.SpringPersistenceUnitInfo      : No LoadTimeWeaver setup: ignoring JPA class transformer
2024-01-13T18:12:38.082-05:00  INFO 764 --- [           main] o.h.e.t.j.p.i.JtaPlatformInitiator       : HHH000489: No JTA platform available (set 'hibernate.transaction.jta.platform' to enable JTA platform integration)
Hibernate: 
    drop table if exists author cascade 
Hibernate: 
    drop table if exists book cascade 
Hibernate: 
    drop sequence if exists author_id_seq
Hibernate: 
    create sequence author_id_seq start with 1 increment by 50
Hibernate: 
    create table author (
        age integer,
        id bigint not null,
        name varchar(255),
        primary key (id)
    )
Hibernate: 
    create table book (
        author_id bigint,
        isbn varchar(255) not null,
        title varchar(255),
        primary key (isbn)
    )
Hibernate: 
    alter table if exists book 
       add constraint FKklnrv3weler2ftkweewlky958 
       foreign key (author_id) 
       references author
2024-01-13T18:12:38.085-05:00  INFO 764 --- [           main] j.LocalContainerEntityManagerFactoryBean : Initialized JPA EntityManagerFactory for persistence unit 'default'
2024-01-13T18:12:38.133-05:00  WARN 764 --- [           main] JpaBaseConfiguration$JpaWebConfiguration : spring.jpa.open-in-view is enabled by default. Therefore, database queries may be performed during view rendering. Explicitly configure spring.jpa.open-in-view to disable this warning
2024-01-13T18:12:38.175-05:00  INFO 764 --- [           main] o.s.b.t.m.w.SpringBootMockServletContext : Initializing Spring TestDispatcherServlet ''
2024-01-13T18:12:38.175-05:00  INFO 764 --- [           main] o.s.t.web.servlet.TestDispatcherServlet  : Initializing Servlet ''
2024-01-13T18:12:38.175-05:00  INFO 764 --- [           main] o.s.t.web.servlet.TestDispatcherServlet  : Completed initialization in 0 ms
2024-01-13T18:12:38.178-05:00  INFO 764 --- [           main] c.t.q.c.AuthorControllerIntegrationTests : Started AuthorControllerIntegrationTests in 0.348 seconds (process running for 6.998)
Hibernate: 
    select
        a1_0.id,
        a1_0.age,
        a1_0.name 
    from
        author a1_0 
    where
        a1_0.id=?
Hibernate: 
    select
        next value for author_id_seq
Hibernate: 
    insert 
    into
        author
        (age, name, id) 
    values
        (?, ?, ?)
Hibernate: 
    select
        a1_0.id,
        a1_0.age,
        a1_0.name 
    from
        author a1_0 
    where
        a1_0.id=?
Hibernate: 
    delete 
    from
        author 
    where
        id=?
2024-01-13T18:12:38.204-05:00  INFO 764 --- [           main] j.LocalContainerEntityManagerFactoryBean : Closing JPA EntityManagerFactory for persistence unit 'default'
2024-01-13T18:12:38.204-05:00  INFO 764 --- [           main] com.zaxxer.hikari.HikariDataSource       : HikariPool-5 - Shutdown initiated...
2024-01-13T18:12:38.206-05:00  INFO 764 --- [           main] com.zaxxer.hikari.HikariDataSource       : HikariPool-5 - Shutdown completed.
]]></system-out>
  </testcase>
  <testcase name="testThatRetrieveAuthorReturnAuthorWhenAuthorExits" classname="com.tyrien.quickstart.controllers.AuthorControllerIntegrationTests" time="0.021">
    <system-out><![CDATA[
  .   ____          _            __ _ _
 /\\ / ___'_ __ _ _(_)_ __  __ _ \ \ \ \
( ( )\___ | '_ | '_| | '_ \/ _` | \ \ \ \
 \\/  ___)| |_)| | | | | || (_| |  ) ) ) )
  '  |____| .__|_| |_|_| |_\__, | / / / /
 =========|_|==============|___/=/_/_/_/
 :: Spring Boot ::                (v3.2.1)

2024-01-13T18:12:38.229-05:00  INFO 764 --- [           main] c.t.q.c.AuthorControllerIntegrationTests : Starting AuthorControllerIntegrationTests using Java 21.0.1 with PID 764 (started by gilpi in C:\Users\gilpi\OneDrive\Documents\New\Personal Projects\quickstart\quickstart)
2024-01-13T18:12:38.229-05:00  INFO 764 --- [           main] c.t.q.c.AuthorControllerIntegrationTests : No active profile set, falling back to 1 default profile: "default"
2024-01-13T18:12:38.333-05:00  INFO 764 --- [           main] .s.d.r.c.RepositoryConfigurationDelegate : Bootstrapping Spring Data JPA repositories in DEFAULT mode.
2024-01-13T18:12:38.348-05:00  INFO 764 --- [           main] .s.d.r.c.RepositoryConfigurationDelegate : Finished Spring Data repository scanning in 14 ms. Found 2 JPA repository interfaces.
2024-01-13T18:12:38.385-05:00  INFO 764 --- [           main] com.zaxxer.hikari.HikariDataSource       : HikariPool-6 - Starting...
2024-01-13T18:12:38.386-05:00  INFO 764 --- [           main] com.zaxxer.hikari.pool.HikariPool        : HikariPool-6 - Added connection conn40: url=jdbc:h2:mem:testdb user=SA
2024-01-13T18:12:38.386-05:00  INFO 764 --- [           main] com.zaxxer.hikari.HikariDataSource       : HikariPool-6 - Start completed.
2024-01-13T18:12:38.397-05:00  INFO 764 --- [           main] o.hibernate.jpa.internal.util.LogHelper  : HHH000204: Processing PersistenceUnitInfo [name: default]
2024-01-13T18:12:38.398-05:00  INFO 764 --- [           main] o.h.c.internal.RegionFactoryInitiator    : HHH000026: Second-level cache disabled
2024-01-13T18:12:38.401-05:00  INFO 764 --- [           main] o.s.o.j.p.SpringPersistenceUnitInfo      : No LoadTimeWeaver setup: ignoring JPA class transformer
2024-01-13T18:12:38.431-05:00  INFO 764 --- [           main] o.h.e.t.j.p.i.JtaPlatformInitiator       : HHH000489: No JTA platform available (set 'hibernate.transaction.jta.platform' to enable JTA platform integration)
Hibernate: 
    drop table if exists author cascade 
Hibernate: 
    drop table if exists book cascade 
Hibernate: 
    drop sequence if exists author_id_seq
Hibernate: 
    create sequence author_id_seq start with 1 increment by 50
Hibernate: 
    create table author (
        age integer,
        id bigint not null,
        name varchar(255),
        primary key (id)
    )
Hibernate: 
    create table book (
        author_id bigint,
        isbn varchar(255) not null,
        title varchar(255),
        primary key (isbn)
    )
Hibernate: 
    alter table if exists book 
       add constraint FKklnrv3weler2ftkweewlky958 
       foreign key (author_id) 
       references author
2024-01-13T18:12:38.435-05:00  INFO 764 --- [           main] j.LocalContainerEntityManagerFactoryBean : Initialized JPA EntityManagerFactory for persistence unit 'default'
2024-01-13T18:12:38.470-05:00  WARN 764 --- [           main] JpaBaseConfiguration$JpaWebConfiguration : spring.jpa.open-in-view is enabled by default. Therefore, database queries may be performed during view rendering. Explicitly configure spring.jpa.open-in-view to disable this warning
2024-01-13T18:12:38.521-05:00  INFO 764 --- [           main] o.s.b.t.m.w.SpringBootMockServletContext : Initializing Spring TestDispatcherServlet ''
2024-01-13T18:12:38.521-05:00  INFO 764 --- [           main] o.s.t.web.servlet.TestDispatcherServlet  : Initializing Servlet ''
2024-01-13T18:12:38.522-05:00  INFO 764 --- [           main] o.s.t.web.servlet.TestDispatcherServlet  : Completed initialization in 0 ms
2024-01-13T18:12:38.529-05:00  INFO 764 --- [           main] c.t.q.c.AuthorControllerIntegrationTests : Started AuthorControllerIntegrationTests in 0.32 seconds (process running for 7.349)
Hibernate: 
    select
        a1_0.id,
        a1_0.age,
        a1_0.name 
    from
        author a1_0 
    where
        a1_0.id=?
Hibernate: 
    select
        next value for author_id_seq
Hibernate: 
    insert 
    into
        author
        (age, name, id) 
    values
        (?, ?, ?)
Hibernate: 
    select
        a1_0.id,
        a1_0.age,
        a1_0.name 
    from
        author a1_0 
    where
        a1_0.id=?
2024-01-13T18:12:38.543-05:00  INFO 764 --- [           main] j.LocalContainerEntityManagerFactoryBean : Closing JPA EntityManagerFactory for persistence unit 'default'
2024-01-13T18:12:38.544-05:00  INFO 764 --- [           main] com.zaxxer.hikari.HikariDataSource       : HikariPool-6 - Shutdown initiated...
2024-01-13T18:12:38.552-05:00  INFO 764 --- [           main] com.zaxxer.hikari.HikariDataSource       : HikariPool-6 - Shutdown completed.
]]></system-out>
  </testcase>
  <testcase name="testThatCreateAuthorSuccessfullyReturnsHttp201Created" classname="com.tyrien.quickstart.controllers.AuthorControllerIntegrationTests" time="0.019">
    <system-out><![CDATA[
  .   ____          _            __ _ _
 /\\ / ___'_ __ _ _(_)_ __  __ _ \ \ \ \
( ( )\___ | '_ | '_| | '_ \/ _` | \ \ \ \
 \\/  ___)| |_)| | | | | || (_| |  ) ) ) )
  '  |____| .__|_| |_|_| |_\__, | / / / /
 =========|_|==============|___/=/_/_/_/
 :: Spring Boot ::                (v3.2.1)

2024-01-13T18:12:38.567-05:00  INFO 764 --- [           main] c.t.q.c.AuthorControllerIntegrationTests : Starting AuthorControllerIntegrationTests using Java 21.0.1 with PID 764 (started by gilpi in C:\Users\gilpi\OneDrive\Documents\New\Personal Projects\quickstart\quickstart)
2024-01-13T18:12:38.567-05:00  INFO 764 --- [           main] c.t.q.c.AuthorControllerIntegrationTests : No active profile set, falling back to 1 default profile: "default"
2024-01-13T18:12:38.654-05:00  INFO 764 --- [           main] .s.d.r.c.RepositoryConfigurationDelegate : Bootstrapping Spring Data JPA repositories in DEFAULT mode.
2024-01-13T18:12:38.665-05:00  INFO 764 --- [           main] .s.d.r.c.RepositoryConfigurationDelegate : Finished Spring Data repository scanning in 10 ms. Found 2 JPA repository interfaces.
2024-01-13T18:12:38.694-05:00  INFO 764 --- [           main] com.zaxxer.hikari.HikariDataSource       : HikariPool-7 - Starting...
2024-01-13T18:12:38.695-05:00  INFO 764 --- [           main] com.zaxxer.hikari.pool.HikariPool        : HikariPool-7 - Added connection conn45: url=jdbc:h2:mem:testdb user=SA
2024-01-13T18:12:38.695-05:00  INFO 764 --- [           main] com.zaxxer.hikari.HikariDataSource       : HikariPool-7 - Start completed.
2024-01-13T18:12:38.706-05:00  INFO 764 --- [           main] o.hibernate.jpa.internal.util.LogHelper  : HHH000204: Processing PersistenceUnitInfo [name: default]
2024-01-13T18:12:38.707-05:00  INFO 764 --- [           main] o.h.c.internal.RegionFactoryInitiator    : HHH000026: Second-level cache disabled
2024-01-13T18:12:38.709-05:00  INFO 764 --- [           main] o.s.o.j.p.SpringPersistenceUnitInfo      : No LoadTimeWeaver setup: ignoring JPA class transformer
2024-01-13T18:12:38.738-05:00  INFO 764 --- [           main] o.h.e.t.j.p.i.JtaPlatformInitiator       : HHH000489: No JTA platform available (set 'hibernate.transaction.jta.platform' to enable JTA platform integration)
Hibernate: 
    drop table if exists author cascade 
Hibernate: 
    drop table if exists book cascade 
Hibernate: 
    drop sequence if exists author_id_seq
Hibernate: 
    create sequence author_id_seq start with 1 increment by 50
Hibernate: 
    create table author (
        age integer,
        id bigint not null,
        name varchar(255),
        primary key (id)
    )
Hibernate: 
    create table book (
        author_id bigint,
        isbn varchar(255) not null,
        title varchar(255),
        primary key (isbn)
    )
Hibernate: 
    alter table if exists book 
       add constraint FKklnrv3weler2ftkweewlky958 
       foreign key (author_id) 
       references author
2024-01-13T18:12:38.742-05:00  INFO 764 --- [           main] j.LocalContainerEntityManagerFactoryBean : Initialized JPA EntityManagerFactory for persistence unit 'default'
2024-01-13T18:12:38.796-05:00  WARN 764 --- [           main] JpaBaseConfiguration$JpaWebConfiguration : spring.jpa.open-in-view is enabled by default. Therefore, database queries may be performed during view rendering. Explicitly configure spring.jpa.open-in-view to disable this warning
2024-01-13T18:12:38.844-05:00  INFO 764 --- [           main] o.s.b.t.m.w.SpringBootMockServletContext : Initializing Spring TestDispatcherServlet ''
2024-01-13T18:12:38.844-05:00  INFO 764 --- [           main] o.s.t.web.servlet.TestDispatcherServlet  : Initializing Servlet ''
2024-01-13T18:12:38.844-05:00  INFO 764 --- [           main] o.s.t.web.servlet.TestDispatcherServlet  : Completed initialization in 0 ms
2024-01-13T18:12:38.847-05:00  INFO 764 --- [           main] c.t.q.c.AuthorControllerIntegrationTests : Started AuthorControllerIntegrationTests in 0.293 seconds (process running for 7.667)
2024-01-13T18:12:38.856-05:00  INFO 764 --- [           main] c.t.q.controllers.AuthorController       : Got Author: AuthorDto(id=null, name=Abigail Rose, age=80)
Hibernate: 
    select
        next value for author_id_seq
Hibernate: 
    insert 
    into
        author
        (age, name, id) 
    values
        (?, ?, ?)
2024-01-13T18:12:38.865-05:00  INFO 764 --- [           main] j.LocalContainerEntityManagerFactoryBean : Closing JPA EntityManagerFactory for persistence unit 'default'
2024-01-13T18:12:38.866-05:00  INFO 764 --- [           main] com.zaxxer.hikari.HikariDataSource       : HikariPool-7 - Shutdown initiated...
2024-01-13T18:12:38.867-05:00  INFO 764 --- [           main] com.zaxxer.hikari.HikariDataSource       : HikariPool-7 - Shutdown completed.
]]></system-out>
  </testcase>
  <testcase name="testThatRetrieveAuthorsReturnsListOfAuthors" classname="com.tyrien.quickstart.controllers.AuthorControllerIntegrationTests" time="0.055">
    <system-out><![CDATA[
  .   ____          _            __ _ _
 /\\ / ___'_ __ _ _(_)_ __  __ _ \ \ \ \
( ( )\___ | '_ | '_| | '_ \/ _` | \ \ \ \
 \\/  ___)| |_)| | | | | || (_| |  ) ) ) )
  '  |____| .__|_| |_|_| |_\__, | / / / /
 =========|_|==============|___/=/_/_/_/
 :: Spring Boot ::                (v3.2.1)

2024-01-13T18:12:38.886-05:00  INFO 764 --- [           main] c.t.q.c.AuthorControllerIntegrationTests : Starting AuthorControllerIntegrationTests using Java 21.0.1 with PID 764 (started by gilpi in C:\Users\gilpi\OneDrive\Documents\New\Personal Projects\quickstart\quickstart)
2024-01-13T18:12:38.886-05:00  INFO 764 --- [           main] c.t.q.c.AuthorControllerIntegrationTests : No active profile set, falling back to 1 default profile: "default"
2024-01-13T18:12:38.983-05:00  INFO 764 --- [           main] .s.d.r.c.RepositoryConfigurationDelegate : Bootstrapping Spring Data JPA repositories in DEFAULT mode.
2024-01-13T18:12:38.990-05:00  INFO 764 --- [           main] .s.d.r.c.RepositoryConfigurationDelegate : Finished Spring Data repository scanning in 7 ms. Found 2 JPA repository interfaces.
2024-01-13T18:12:39.025-05:00  INFO 764 --- [           main] com.zaxxer.hikari.HikariDataSource       : HikariPool-8 - Starting...
2024-01-13T18:12:39.026-05:00  INFO 764 --- [           main] com.zaxxer.hikari.pool.HikariPool        : HikariPool-8 - Added connection conn50: url=jdbc:h2:mem:testdb user=SA
2024-01-13T18:12:39.026-05:00  INFO 764 --- [           main] com.zaxxer.hikari.HikariDataSource       : HikariPool-8 - Start completed.
2024-01-13T18:12:39.036-05:00  INFO 764 --- [           main] o.hibernate.jpa.internal.util.LogHelper  : HHH000204: Processing PersistenceUnitInfo [name: default]
2024-01-13T18:12:39.037-05:00  INFO 764 --- [           main] o.h.c.internal.RegionFactoryInitiator    : HHH000026: Second-level cache disabled
2024-01-13T18:12:39.040-05:00  INFO 764 --- [           main] o.s.o.j.p.SpringPersistenceUnitInfo      : No LoadTimeWeaver setup: ignoring JPA class transformer
2024-01-13T18:12:39.064-05:00  INFO 764 --- [           main] o.h.e.t.j.p.i.JtaPlatformInitiator       : HHH000489: No JTA platform available (set 'hibernate.transaction.jta.platform' to enable JTA platform integration)
Hibernate: 
    drop table if exists author cascade 
Hibernate: 
    drop table if exists book cascade 
Hibernate: 
    drop sequence if exists author_id_seq
Hibernate: 
    create sequence author_id_seq start with 1 increment by 50
Hibernate: 
    create table author (
        age integer,
        id bigint not null,
        name varchar(255),
        primary key (id)
    )
Hibernate: 
    create table book (
        author_id bigint,
        isbn varchar(255) not null,
        title varchar(255),
        primary key (isbn)
    )
Hibernate: 
    alter table if exists book 
       add constraint FKklnrv3weler2ftkweewlky958 
       foreign key (author_id) 
       references author
2024-01-13T18:12:39.067-05:00  INFO 764 --- [           main] j.LocalContainerEntityManagerFactoryBean : Initialized JPA EntityManagerFactory for persistence unit 'default'
2024-01-13T18:12:39.113-05:00  WARN 764 --- [           main] JpaBaseConfiguration$JpaWebConfiguration : spring.jpa.open-in-view is enabled by default. Therefore, database queries may be performed during view rendering. Explicitly configure spring.jpa.open-in-view to disable this warning
2024-01-13T18:12:39.153-05:00  INFO 764 --- [           main] o.s.b.t.m.w.SpringBootMockServletContext : Initializing Spring TestDispatcherServlet ''
2024-01-13T18:12:39.153-05:00  INFO 764 --- [           main] o.s.t.web.servlet.TestDispatcherServlet  : Initializing Servlet ''
2024-01-13T18:12:39.154-05:00  INFO 764 --- [           main] o.s.t.web.servlet.TestDispatcherServlet  : Completed initialization in 1 ms
2024-01-13T18:12:39.156-05:00  INFO 764 --- [           main] c.t.q.c.AuthorControllerIntegrationTests : Started AuthorControllerIntegrationTests in 0.286 seconds (process running for 7.976)
Hibernate: 
    select
        a1_0.id,
        a1_0.age,
        a1_0.name 
    from
        author a1_0 
    where
        a1_0.id=?
Hibernate: 
    select
        next value for author_id_seq
Hibernate: 
    insert 
    into
        author
        (age, name, id) 
    values
        (?, ?, ?)
Hibernate: 
    select
        a1_0.id,
        a1_0.age,
        a1_0.name 
    from
        author a1_0
2024-01-13T18:12:39.198-05:00  INFO 764 --- [           main] j.LocalContainerEntityManagerFactoryBean : Closing JPA EntityManagerFactory for persistence unit 'default'
2024-01-13T18:12:39.198-05:00  INFO 764 --- [           main] com.zaxxer.hikari.HikariDataSource       : HikariPool-8 - Shutdown initiated...
2024-01-13T18:12:39.212-05:00  INFO 764 --- [           main] com.zaxxer.hikari.HikariDataSource       : HikariPool-8 - Shutdown completed.
]]></system-out>
  </testcase>
  <testcase name="testThatRetrieveAuthorReturnHttpsStatus200WhenAuthorExits" classname="com.tyrien.quickstart.controllers.AuthorControllerIntegrationTests" time="0.014">
    <system-out><![CDATA[
  .   ____          _            __ _ _
 /\\ / ___'_ __ _ _(_)_ __  __ _ \ \ \ \
( ( )\___ | '_ | '_| | '_ \/ _` | \ \ \ \
 \\/  ___)| |_)| | | | | || (_| |  ) ) ) )
  '  |____| .__|_| |_|_| |_\__, | / / / /
 =========|_|==============|___/=/_/_/_/
 :: Spring Boot ::                (v3.2.1)

2024-01-13T18:12:39.227-05:00  INFO 764 --- [           main] c.t.q.c.AuthorControllerIntegrationTests : Starting AuthorControllerIntegrationTests using Java 21.0.1 with PID 764 (started by gilpi in C:\Users\gilpi\OneDrive\Documents\New\Personal Projects\quickstart\quickstart)
2024-01-13T18:12:39.228-05:00  INFO 764 --- [           main] c.t.q.c.AuthorControllerIntegrationTests : No active profile set, falling back to 1 default profile: "default"
2024-01-13T18:12:39.307-05:00  INFO 764 --- [           main] .s.d.r.c.RepositoryConfigurationDelegate : Bootstrapping Spring Data JPA repositories in DEFAULT mode.
2024-01-13T18:12:39.320-05:00  INFO 764 --- [           main] .s.d.r.c.RepositoryConfigurationDelegate : Finished Spring Data repository scanning in 12 ms. Found 2 JPA repository interfaces.
2024-01-13T18:12:39.348-05:00  INFO 764 --- [           main] com.zaxxer.hikari.HikariDataSource       : HikariPool-9 - Starting...
2024-01-13T18:12:39.349-05:00  INFO 764 --- [           main] com.zaxxer.hikari.pool.HikariPool        : HikariPool-9 - Added connection conn56: url=jdbc:h2:mem:testdb user=SA
2024-01-13T18:12:39.349-05:00  INFO 764 --- [           main] com.zaxxer.hikari.HikariDataSource       : HikariPool-9 - Start completed.
2024-01-13T18:12:39.359-05:00  INFO 764 --- [           main] o.hibernate.jpa.internal.util.LogHelper  : HHH000204: Processing PersistenceUnitInfo [name: default]
2024-01-13T18:12:39.361-05:00  INFO 764 --- [           main] o.h.c.internal.RegionFactoryInitiator    : HHH000026: Second-level cache disabled
2024-01-13T18:12:39.364-05:00  INFO 764 --- [           main] o.s.o.j.p.SpringPersistenceUnitInfo      : No LoadTimeWeaver setup: ignoring JPA class transformer
2024-01-13T18:12:39.391-05:00  INFO 764 --- [           main] o.h.e.t.j.p.i.JtaPlatformInitiator       : HHH000489: No JTA platform available (set 'hibernate.transaction.jta.platform' to enable JTA platform integration)
Hibernate: 
    drop table if exists author cascade 
Hibernate: 
    drop table if exists book cascade 
Hibernate: 
    drop sequence if exists author_id_seq
Hibernate: 
    create sequence author_id_seq start with 1 increment by 50
Hibernate: 
    create table author (
        age integer,
        id bigint not null,
        name varchar(255),
        primary key (id)
    )
Hibernate: 
    create table book (
        author_id bigint,
        isbn varchar(255) not null,
        title varchar(255),
        primary key (isbn)
    )
Hibernate: 
    alter table if exists book 
       add constraint FKklnrv3weler2ftkweewlky958 
       foreign key (author_id) 
       references author
2024-01-13T18:12:39.396-05:00  INFO 764 --- [           main] j.LocalContainerEntityManagerFactoryBean : Initialized JPA EntityManagerFactory for persistence unit 'default'
2024-01-13T18:12:39.447-05:00  WARN 764 --- [           main] JpaBaseConfiguration$JpaWebConfiguration : spring.jpa.open-in-view is enabled by default. Therefore, database queries may be performed during view rendering. Explicitly configure spring.jpa.open-in-view to disable this warning
2024-01-13T18:12:39.489-05:00  INFO 764 --- [           main] o.s.b.t.m.w.SpringBootMockServletContext : Initializing Spring TestDispatcherServlet ''
2024-01-13T18:12:39.489-05:00  INFO 764 --- [           main] o.s.t.web.servlet.TestDispatcherServlet  : Initializing Servlet ''
2024-01-13T18:12:39.489-05:00  INFO 764 --- [           main] o.s.t.web.servlet.TestDispatcherServlet  : Completed initialization in 0 ms
2024-01-13T18:12:39.492-05:00  INFO 764 --- [           main] c.t.q.c.AuthorControllerIntegrationTests : Started AuthorControllerIntegrationTests in 0.277 seconds (process running for 8.312)
Hibernate: 
    select
        a1_0.id,
        a1_0.age,
        a1_0.name 
    from
        author a1_0 
    where
        a1_0.id=?
Hibernate: 
    select
        next value for author_id_seq
Hibernate: 
    insert 
    into
        author
        (age, name, id) 
    values
        (?, ?, ?)
Hibernate: 
    select
        a1_0.id,
        a1_0.age,
        a1_0.name 
    from
        author a1_0 
    where
        a1_0.id=?
2024-01-13T18:12:39.506-05:00  INFO 764 --- [           main] j.LocalContainerEntityManagerFactoryBean : Closing JPA EntityManagerFactory for persistence unit 'default'
2024-01-13T18:12:39.506-05:00  INFO 764 --- [           main] com.zaxxer.hikari.HikariDataSource       : HikariPool-9 - Shutdown initiated...
2024-01-13T18:12:39.507-05:00  INFO 764 --- [           main] com.zaxxer.hikari.HikariDataSource       : HikariPool-9 - Shutdown completed.
]]></system-out>
  </testcase>
  <testcase name="testThatDeleteAuthorReturnsHttpStatus204ForNonExistingAuthors" classname="com.tyrien.quickstart.controllers.AuthorControllerIntegrationTests" time="0.012">
    <system-out><![CDATA[
  .   ____          _            __ _ _
 /\\ / ___'_ __ _ _(_)_ __  __ _ \ \ \ \
( ( )\___ | '_ | '_| | '_ \/ _` | \ \ \ \
 \\/  ___)| |_)| | | | | || (_| |  ) ) ) )
  '  |____| .__|_| |_|_| |_\__, | / / / /
 =========|_|==============|___/=/_/_/_/
 :: Spring Boot ::                (v3.2.1)

2024-01-13T18:12:39.525-05:00  INFO 764 --- [           main] c.t.q.c.AuthorControllerIntegrationTests : Starting AuthorControllerIntegrationTests using Java 21.0.1 with PID 764 (started by gilpi in C:\Users\gilpi\OneDrive\Documents\New\Personal Projects\quickstart\quickstart)
2024-01-13T18:12:39.525-05:00  INFO 764 --- [           main] c.t.q.c.AuthorControllerIntegrationTests : No active profile set, falling back to 1 default profile: "default"
2024-01-13T18:12:39.607-05:00  INFO 764 --- [           main] .s.d.r.c.RepositoryConfigurationDelegate : Bootstrapping Spring Data JPA repositories in DEFAULT mode.
2024-01-13T18:12:39.617-05:00  INFO 764 --- [           main] .s.d.r.c.RepositoryConfigurationDelegate : Finished Spring Data repository scanning in 10 ms. Found 2 JPA repository interfaces.
2024-01-13T18:12:39.650-05:00  INFO 764 --- [           main] com.zaxxer.hikari.HikariDataSource       : HikariPool-10 - Starting...
2024-01-13T18:12:39.651-05:00  INFO 764 --- [           main] com.zaxxer.hikari.pool.HikariPool        : HikariPool-10 - Added connection conn60: url=jdbc:h2:mem:testdb user=SA
2024-01-13T18:12:39.651-05:00  INFO 764 --- [           main] com.zaxxer.hikari.HikariDataSource       : HikariPool-10 - Start completed.
2024-01-13T18:12:39.661-05:00  INFO 764 --- [           main] o.hibernate.jpa.internal.util.LogHelper  : HHH000204: Processing PersistenceUnitInfo [name: default]
2024-01-13T18:12:39.663-05:00  INFO 764 --- [           main] o.h.c.internal.RegionFactoryInitiator    : HHH000026: Second-level cache disabled
2024-01-13T18:12:39.665-05:00  INFO 764 --- [           main] o.s.o.j.p.SpringPersistenceUnitInfo      : No LoadTimeWeaver setup: ignoring JPA class transformer
2024-01-13T18:12:39.689-05:00  INFO 764 --- [           main] o.h.e.t.j.p.i.JtaPlatformInitiator       : HHH000489: No JTA platform available (set 'hibernate.transaction.jta.platform' to enable JTA platform integration)
Hibernate: 
    drop table if exists author cascade 
Hibernate: 
    drop table if exists book cascade 
Hibernate: 
    drop sequence if exists author_id_seq
Hibernate: 
    create sequence author_id_seq start with 1 increment by 50
Hibernate: 
    create table author (
        age integer,
        id bigint not null,
        name varchar(255),
        primary key (id)
    )
Hibernate: 
    create table book (
        author_id bigint,
        isbn varchar(255) not null,
        title varchar(255),
        primary key (isbn)
    )
Hibernate: 
    alter table if exists book 
       add constraint FKklnrv3weler2ftkweewlky958 
       foreign key (author_id) 
       references author
2024-01-13T18:12:39.693-05:00  INFO 764 --- [           main] j.LocalContainerEntityManagerFactoryBean : Initialized JPA EntityManagerFactory for persistence unit 'default'
2024-01-13T18:12:39.726-05:00  WARN 764 --- [           main] JpaBaseConfiguration$JpaWebConfiguration : spring.jpa.open-in-view is enabled by default. Therefore, database queries may be performed during view rendering. Explicitly configure spring.jpa.open-in-view to disable this warning
2024-01-13T18:12:39.786-05:00  INFO 764 --- [           main] o.s.b.t.m.w.SpringBootMockServletContext : Initializing Spring TestDispatcherServlet ''
2024-01-13T18:12:39.786-05:00  INFO 764 --- [           main] o.s.t.web.servlet.TestDispatcherServlet  : Initializing Servlet ''
2024-01-13T18:12:39.787-05:00  INFO 764 --- [           main] o.s.t.web.servlet.TestDispatcherServlet  : Completed initialization in 1 ms
2024-01-13T18:12:39.790-05:00  INFO 764 --- [           main] c.t.q.c.AuthorControllerIntegrationTests : Started AuthorControllerIntegrationTests in 0.28 seconds (process running for 8.61)
Hibernate: 
    select
        a1_0.id,
        a1_0.age,
        a1_0.name 
    from
        author a1_0 
    where
        a1_0.id=?
2024-01-13T18:12:39.801-05:00  INFO 764 --- [           main] j.LocalContainerEntityManagerFactoryBean : Closing JPA EntityManagerFactory for persistence unit 'default'
2024-01-13T18:12:39.802-05:00  INFO 764 --- [           main] com.zaxxer.hikari.HikariDataSource       : HikariPool-10 - Shutdown initiated...
2024-01-13T18:12:39.804-05:00  INFO 764 --- [           main] com.zaxxer.hikari.HikariDataSource       : HikariPool-10 - Shutdown completed.
]]></system-out>
  </testcase>
  <testcase name="testThatRetrieveAuthorReturnHttpsStatus404WhenNoAuthorExits" classname="com.tyrien.quickstart.controllers.AuthorControllerIntegrationTests" time="0.018">
    <system-out><![CDATA[
  .   ____          _            __ _ _
 /\\ / ___'_ __ _ _(_)_ __  __ _ \ \ \ \
( ( )\___ | '_ | '_| | '_ \/ _` | \ \ \ \
 \\/  ___)| |_)| | | | | || (_| |  ) ) ) )
  '  |____| .__|_| |_|_| |_\__, | / / / /
 =========|_|==============|___/=/_/_/_/
 :: Spring Boot ::                (v3.2.1)

2024-01-13T18:12:39.825-05:00  INFO 764 --- [           main] c.t.q.c.AuthorControllerIntegrationTests : Starting AuthorControllerIntegrationTests using Java 21.0.1 with PID 764 (started by gilpi in C:\Users\gilpi\OneDrive\Documents\New\Personal Projects\quickstart\quickstart)
2024-01-13T18:12:39.825-05:00  INFO 764 --- [           main] c.t.q.c.AuthorControllerIntegrationTests : No active profile set, falling back to 1 default profile: "default"
2024-01-13T18:12:39.908-05:00  INFO 764 --- [           main] .s.d.r.c.RepositoryConfigurationDelegate : Bootstrapping Spring Data JPA repositories in DEFAULT mode.
2024-01-13T18:12:39.916-05:00  INFO 764 --- [           main] .s.d.r.c.RepositoryConfigurationDelegate : Finished Spring Data repository scanning in 7 ms. Found 2 JPA repository interfaces.
2024-01-13T18:12:39.939-05:00  INFO 764 --- [           main] com.zaxxer.hikari.HikariDataSource       : HikariPool-11 - Starting...
2024-01-13T18:12:39.940-05:00  INFO 764 --- [           main] com.zaxxer.hikari.pool.HikariPool        : HikariPool-11 - Added connection conn64: url=jdbc:h2:mem:testdb user=SA
2024-01-13T18:12:39.941-05:00  INFO 764 --- [           main] com.zaxxer.hikari.HikariDataSource       : HikariPool-11 - Start completed.
2024-01-13T18:12:39.950-05:00  INFO 764 --- [           main] o.hibernate.jpa.internal.util.LogHelper  : HHH000204: Processing PersistenceUnitInfo [name: default]
2024-01-13T18:12:39.952-05:00  INFO 764 --- [           main] o.h.c.internal.RegionFactoryInitiator    : HHH000026: Second-level cache disabled
2024-01-13T18:12:39.954-05:00  INFO 764 --- [           main] o.s.o.j.p.SpringPersistenceUnitInfo      : No LoadTimeWeaver setup: ignoring JPA class transformer
2024-01-13T18:12:39.981-05:00  INFO 764 --- [           main] o.h.e.t.j.p.i.JtaPlatformInitiator       : HHH000489: No JTA platform available (set 'hibernate.transaction.jta.platform' to enable JTA platform integration)
Hibernate: 
    drop table if exists author cascade 
Hibernate: 
    drop table if exists book cascade 
Hibernate: 
    drop sequence if exists author_id_seq
Hibernate: 
    create sequence author_id_seq start with 1 increment by 50
Hibernate: 
    create table author (
        age integer,
        id bigint not null,
        name varchar(255),
        primary key (id)
    )
Hibernate: 
    create table book (
        author_id bigint,
        isbn varchar(255) not null,
        title varchar(255),
        primary key (isbn)
    )
Hibernate: 
    alter table if exists book 
       add constraint FKklnrv3weler2ftkweewlky958 
       foreign key (author_id) 
       references author
2024-01-13T18:12:39.985-05:00  INFO 764 --- [           main] j.LocalContainerEntityManagerFactoryBean : Initialized JPA EntityManagerFactory for persistence unit 'default'
2024-01-13T18:12:40.013-05:00  WARN 764 --- [           main] JpaBaseConfiguration$JpaWebConfiguration : spring.jpa.open-in-view is enabled by default. Therefore, database queries may be performed during view rendering. Explicitly configure spring.jpa.open-in-view to disable this warning
2024-01-13T18:12:40.048-05:00  INFO 764 --- [           main] o.s.b.t.m.w.SpringBootMockServletContext : Initializing Spring TestDispatcherServlet ''
2024-01-13T18:12:40.048-05:00  INFO 764 --- [           main] o.s.t.web.servlet.TestDispatcherServlet  : Initializing Servlet ''
2024-01-13T18:12:40.048-05:00  INFO 764 --- [           main] o.s.t.web.servlet.TestDispatcherServlet  : Completed initialization in 0 ms
2024-01-13T18:12:40.051-05:00  INFO 764 --- [           main] c.t.q.c.AuthorControllerIntegrationTests : Started AuthorControllerIntegrationTests in 0.245 seconds (process running for 8.872)
Hibernate: 
    select
        a1_0.id,
        a1_0.age,
        a1_0.name 
    from
        author a1_0 
    where
        a1_0.id=?
2024-01-13T18:12:40.061-05:00  INFO 764 --- [           main] j.LocalContainerEntityManagerFactoryBean : Closing JPA EntityManagerFactory for persistence unit 'default'
2024-01-13T18:12:40.061-05:00  INFO 764 --- [           main] com.zaxxer.hikari.HikariDataSource       : HikariPool-11 - Shutdown initiated...
2024-01-13T18:12:40.071-05:00  INFO 764 --- [           main] com.zaxxer.hikari.HikariDataSource       : HikariPool-11 - Shutdown completed.
]]></system-out>
  </testcase>
  <testcase name="testThatFullUpdateAuthorReturnHttpStatus200WhenAuthorExits" classname="com.tyrien.quickstart.controllers.AuthorControllerIntegrationTests" time="0.021">
    <system-out><![CDATA[
  .   ____          _            __ _ _
 /\\ / ___'_ __ _ _(_)_ __  __ _ \ \ \ \
( ( )\___ | '_ | '_| | '_ \/ _` | \ \ \ \
 \\/  ___)| |_)| | | | | || (_| |  ) ) ) )
  '  |____| .__|_| |_|_| |_\__, | / / / /
 =========|_|==============|___/=/_/_/_/
 :: Spring Boot ::                (v3.2.1)

2024-01-13T18:12:40.082-05:00  INFO 764 --- [           main] c.t.q.c.AuthorControllerIntegrationTests : Starting AuthorControllerIntegrationTests using Java 21.0.1 with PID 764 (started by gilpi in C:\Users\gilpi\OneDrive\Documents\New\Personal Projects\quickstart\quickstart)
2024-01-13T18:12:40.083-05:00  INFO 764 --- [           main] c.t.q.c.AuthorControllerIntegrationTests : No active profile set, falling back to 1 default profile: "default"
2024-01-13T18:12:40.156-05:00  INFO 764 --- [           main] .s.d.r.c.RepositoryConfigurationDelegate : Bootstrapping Spring Data JPA repositories in DEFAULT mode.
2024-01-13T18:12:40.165-05:00  INFO 764 --- [           main] .s.d.r.c.RepositoryConfigurationDelegate : Finished Spring Data repository scanning in 9 ms. Found 2 JPA repository interfaces.
2024-01-13T18:12:40.196-05:00  INFO 764 --- [           main] com.zaxxer.hikari.HikariDataSource       : HikariPool-12 - Starting...
2024-01-13T18:12:40.198-05:00  INFO 764 --- [           main] com.zaxxer.hikari.pool.HikariPool        : HikariPool-12 - Added connection conn66: url=jdbc:h2:mem:testdb user=SA
2024-01-13T18:12:40.199-05:00  INFO 764 --- [           main] com.zaxxer.hikari.HikariDataSource       : HikariPool-12 - Start completed.
2024-01-13T18:12:40.208-05:00  INFO 764 --- [           main] o.hibernate.jpa.internal.util.LogHelper  : HHH000204: Processing PersistenceUnitInfo [name: default]
2024-01-13T18:12:40.210-05:00  INFO 764 --- [           main] o.h.c.internal.RegionFactoryInitiator    : HHH000026: Second-level cache disabled
2024-01-13T18:12:40.213-05:00  INFO 764 --- [           main] o.s.o.j.p.SpringPersistenceUnitInfo      : No LoadTimeWeaver setup: ignoring JPA class transformer
2024-01-13T18:12:40.233-05:00  INFO 764 --- [           main] o.h.e.t.j.p.i.JtaPlatformInitiator       : HHH000489: No JTA platform available (set 'hibernate.transaction.jta.platform' to enable JTA platform integration)
Hibernate: 
    drop table if exists author cascade 
Hibernate: 
    drop table if exists book cascade 
Hibernate: 
    drop sequence if exists author_id_seq
Hibernate: 
    create sequence author_id_seq start with 1 increment by 50
Hibernate: 
    create table author (
        age integer,
        id bigint not null,
        name varchar(255),
        primary key (id)
    )
Hibernate: 
    create table book (
        author_id bigint,
        isbn varchar(255) not null,
        title varchar(255),
        primary key (isbn)
    )
Hibernate: 
    alter table if exists book 
       add constraint FKklnrv3weler2ftkweewlky958 
       foreign key (author_id) 
       references author
2024-01-13T18:12:40.237-05:00  INFO 764 --- [           main] j.LocalContainerEntityManagerFactoryBean : Initialized JPA EntityManagerFactory for persistence unit 'default'
2024-01-13T18:12:40.261-05:00  WARN 764 --- [           main] JpaBaseConfiguration$JpaWebConfiguration : spring.jpa.open-in-view is enabled by default. Therefore, database queries may be performed during view rendering. Explicitly configure spring.jpa.open-in-view to disable this warning
2024-01-13T18:12:40.308-05:00  INFO 764 --- [           main] o.s.b.t.m.w.SpringBootMockServletContext : Initializing Spring TestDispatcherServlet ''
2024-01-13T18:12:40.308-05:00  INFO 764 --- [           main] o.s.t.web.servlet.TestDispatcherServlet  : Initializing Servlet ''
2024-01-13T18:12:40.308-05:00  INFO 764 --- [           main] o.s.t.web.servlet.TestDispatcherServlet  : Completed initialization in 0 ms
2024-01-13T18:12:40.312-05:00  INFO 764 --- [           main] c.t.q.c.AuthorControllerIntegrationTests : Started AuthorControllerIntegrationTests in 0.239 seconds (process running for 9.131)
Hibernate: 
    select
        a1_0.id,
        a1_0.age,
        a1_0.name 
    from
        author a1_0 
    where
        a1_0.id=?
Hibernate: 
    select
        next value for author_id_seq
Hibernate: 
    insert 
    into
        author
        (age, name, id) 
    values
        (?, ?, ?)
Hibernate: 
    select
        a1_0.id,
        a1_0.age,
        a1_0.name 
    from
        author a1_0 
    where
        a1_0.id=?
2024-01-13T18:12:40.327-05:00  INFO 764 --- [           main] j.LocalContainerEntityManagerFactoryBean : Closing JPA EntityManagerFactory for persistence unit 'default'
2024-01-13T18:12:40.328-05:00  INFO 764 --- [           main] com.zaxxer.hikari.HikariDataSource       : HikariPool-12 - Shutdown initiated...
2024-01-13T18:12:40.336-05:00  INFO 764 --- [           main] com.zaxxer.hikari.HikariDataSource       : HikariPool-12 - Shutdown completed.
]]></system-out>
  </testcase>
  <testcase name="testThatRetrieveAuthorsReturnHttpsStatus200" classname="com.tyrien.quickstart.controllers.AuthorControllerIntegrationTests" time="0.018">
    <system-out><![CDATA[
  .   ____          _            __ _ _
 /\\ / ___'_ __ _ _(_)_ __  __ _ \ \ \ \
( ( )\___ | '_ | '_| | '_ \/ _` | \ \ \ \
 \\/  ___)| |_)| | | | | || (_| |  ) ) ) )
  '  |____| .__|_| |_|_| |_\__, | / / / /
 =========|_|==============|___/=/_/_/_/
 :: Spring Boot ::                (v3.2.1)

2024-01-13T18:12:40.350-05:00  INFO 764 --- [           main] c.t.q.c.AuthorControllerIntegrationTests : Starting AuthorControllerIntegrationTests using Java 21.0.1 with PID 764 (started by gilpi in C:\Users\gilpi\OneDrive\Documents\New\Personal Projects\quickstart\quickstart)
2024-01-13T18:12:40.350-05:00  INFO 764 --- [           main] c.t.q.c.AuthorControllerIntegrationTests : No active profile set, falling back to 1 default profile: "default"
2024-01-13T18:12:40.418-05:00  INFO 764 --- [           main] .s.d.r.c.RepositoryConfigurationDelegate : Bootstrapping Spring Data JPA repositories in DEFAULT mode.
2024-01-13T18:12:40.426-05:00  INFO 764 --- [           main] .s.d.r.c.RepositoryConfigurationDelegate : Finished Spring Data repository scanning in 7 ms. Found 2 JPA repository interfaces.
2024-01-13T18:12:40.446-05:00  INFO 764 --- [           main] com.zaxxer.hikari.HikariDataSource       : HikariPool-13 - Starting...
2024-01-13T18:12:40.447-05:00  INFO 764 --- [           main] com.zaxxer.hikari.pool.HikariPool        : HikariPool-13 - Added connection conn69: url=jdbc:h2:mem:testdb user=SA
2024-01-13T18:12:40.447-05:00  INFO 764 --- [           main] com.zaxxer.hikari.HikariDataSource       : HikariPool-13 - Start completed.
2024-01-13T18:12:40.456-05:00  INFO 764 --- [           main] o.hibernate.jpa.internal.util.LogHelper  : HHH000204: Processing PersistenceUnitInfo [name: default]
2024-01-13T18:12:40.457-05:00  INFO 764 --- [           main] o.h.c.internal.RegionFactoryInitiator    : HHH000026: Second-level cache disabled
2024-01-13T18:12:40.459-05:00  INFO 764 --- [           main] o.s.o.j.p.SpringPersistenceUnitInfo      : No LoadTimeWeaver setup: ignoring JPA class transformer
2024-01-13T18:12:40.480-05:00  INFO 764 --- [           main] o.h.e.t.j.p.i.JtaPlatformInitiator       : HHH000489: No JTA platform available (set 'hibernate.transaction.jta.platform' to enable JTA platform integration)
Hibernate: 
    drop table if exists author cascade 
Hibernate: 
    drop table if exists book cascade 
Hibernate: 
    drop sequence if exists author_id_seq
Hibernate: 
    create sequence author_id_seq start with 1 increment by 50
Hibernate: 
    create table author (
        age integer,
        id bigint not null,
        name varchar(255),
        primary key (id)
    )
Hibernate: 
    create table book (
        author_id bigint,
        isbn varchar(255) not null,
        title varchar(255),
        primary key (isbn)
    )
Hibernate: 
    alter table if exists book 
       add constraint FKklnrv3weler2ftkweewlky958 
       foreign key (author_id) 
       references author
2024-01-13T18:12:40.482-05:00  INFO 764 --- [           main] j.LocalContainerEntityManagerFactoryBean : Initialized JPA EntityManagerFactory for persistence unit 'default'
2024-01-13T18:12:40.507-05:00  WARN 764 --- [           main] JpaBaseConfiguration$JpaWebConfiguration : spring.jpa.open-in-view is enabled by default. Therefore, database queries may be performed during view rendering. Explicitly configure spring.jpa.open-in-view to disable this warning
2024-01-13T18:12:40.550-05:00  INFO 764 --- [           main] o.s.b.t.m.w.SpringBootMockServletContext : Initializing Spring TestDispatcherServlet ''
2024-01-13T18:12:40.550-05:00  INFO 764 --- [           main] o.s.t.web.servlet.TestDispatcherServlet  : Initializing Servlet ''
2024-01-13T18:12:40.551-05:00  INFO 764 --- [           main] o.s.t.web.servlet.TestDispatcherServlet  : Completed initialization in 1 ms
2024-01-13T18:12:40.553-05:00  INFO 764 --- [           main] c.t.q.c.AuthorControllerIntegrationTests : Started AuthorControllerIntegrationTests in 0.215 seconds (process running for 9.373)
Hibernate: 
    select
        a1_0.id,
        a1_0.age,
        a1_0.name 
    from
        author a1_0
2024-01-13T18:12:40.563-05:00  INFO 764 --- [           main] j.LocalContainerEntityManagerFactoryBean : Closing JPA EntityManagerFactory for persistence unit 'default'
2024-01-13T18:12:40.563-05:00  INFO 764 --- [           main] com.zaxxer.hikari.HikariDataSource       : HikariPool-13 - Shutdown initiated...
2024-01-13T18:12:40.573-05:00  INFO 764 --- [           main] com.zaxxer.hikari.HikariDataSource       : HikariPool-13 - Shutdown completed.
]]></system-out>
  </testcase>
  <testcase name="testThatPartialUpdateExistingAuthorReturnHttpStatus200OK" classname="com.tyrien.quickstart.controllers.AuthorControllerIntegrationTests" time="0.031">
    <system-out><![CDATA[
  .   ____          _            __ _ _
 /\\ / ___'_ __ _ _(_)_ __  __ _ \ \ \ \
( ( )\___ | '_ | '_| | '_ \/ _` | \ \ \ \
 \\/  ___)| |_)| | | | | || (_| |  ) ) ) )
  '  |____| .__|_| |_|_| |_\__, | / / / /
 =========|_|==============|___/=/_/_/_/
 :: Spring Boot ::                (v3.2.1)

2024-01-13T18:12:40.585-05:00  INFO 764 --- [           main] c.t.q.c.AuthorControllerIntegrationTests : Starting AuthorControllerIntegrationTests using Java 21.0.1 with PID 764 (started by gilpi in C:\Users\gilpi\OneDrive\Documents\New\Personal Projects\quickstart\quickstart)
2024-01-13T18:12:40.585-05:00  INFO 764 --- [           main] c.t.q.c.AuthorControllerIntegrationTests : No active profile set, falling back to 1 default profile: "default"
2024-01-13T18:12:40.666-05:00  INFO 764 --- [           main] .s.d.r.c.RepositoryConfigurationDelegate : Bootstrapping Spring Data JPA repositories in DEFAULT mode.
2024-01-13T18:12:40.675-05:00  INFO 764 --- [           main] .s.d.r.c.RepositoryConfigurationDelegate : Finished Spring Data repository scanning in 7 ms. Found 2 JPA repository interfaces.
2024-01-13T18:12:40.694-05:00  INFO 764 --- [           main] com.zaxxer.hikari.HikariDataSource       : HikariPool-14 - Starting...
2024-01-13T18:12:40.695-05:00  INFO 764 --- [           main] com.zaxxer.hikari.pool.HikariPool        : HikariPool-14 - Added connection conn71: url=jdbc:h2:mem:testdb user=SA
2024-01-13T18:12:40.695-05:00  INFO 764 --- [           main] com.zaxxer.hikari.HikariDataSource       : HikariPool-14 - Start completed.
2024-01-13T18:12:40.703-05:00  INFO 764 --- [           main] o.hibernate.jpa.internal.util.LogHelper  : HHH000204: Processing PersistenceUnitInfo [name: default]
2024-01-13T18:12:40.704-05:00  INFO 764 --- [           main] o.h.c.internal.RegionFactoryInitiator    : HHH000026: Second-level cache disabled
2024-01-13T18:12:40.708-05:00  INFO 764 --- [           main] o.s.o.j.p.SpringPersistenceUnitInfo      : No LoadTimeWeaver setup: ignoring JPA class transformer
2024-01-13T18:12:40.735-05:00  INFO 764 --- [           main] o.h.e.t.j.p.i.JtaPlatformInitiator       : HHH000489: No JTA platform available (set 'hibernate.transaction.jta.platform' to enable JTA platform integration)
Hibernate: 
    drop table if exists author cascade 
Hibernate: 
    drop table if exists book cascade 
Hibernate: 
    drop sequence if exists author_id_seq
Hibernate: 
    create sequence author_id_seq start with 1 increment by 50
Hibernate: 
    create table author (
        age integer,
        id bigint not null,
        name varchar(255),
        primary key (id)
    )
Hibernate: 
    create table book (
        author_id bigint,
        isbn varchar(255) not null,
        title varchar(255),
        primary key (isbn)
    )
Hibernate: 
    alter table if exists book 
       add constraint FKklnrv3weler2ftkweewlky958 
       foreign key (author_id) 
       references author
2024-01-13T18:12:40.738-05:00  INFO 764 --- [           main] j.LocalContainerEntityManagerFactoryBean : Initialized JPA EntityManagerFactory for persistence unit 'default'
2024-01-13T18:12:40.769-05:00  WARN 764 --- [           main] JpaBaseConfiguration$JpaWebConfiguration : spring.jpa.open-in-view is enabled by default. Therefore, database queries may be performed during view rendering. Explicitly configure spring.jpa.open-in-view to disable this warning
2024-01-13T18:12:40.805-05:00  INFO 764 --- [           main] o.s.b.t.m.w.SpringBootMockServletContext : Initializing Spring TestDispatcherServlet ''
2024-01-13T18:12:40.805-05:00  INFO 764 --- [           main] o.s.t.web.servlet.TestDispatcherServlet  : Initializing Servlet ''
2024-01-13T18:12:40.805-05:00  INFO 764 --- [           main] o.s.t.web.servlet.TestDispatcherServlet  : Completed initialization in 0 ms
2024-01-13T18:12:40.807-05:00  INFO 764 --- [           main] c.t.q.c.AuthorControllerIntegrationTests : Started AuthorControllerIntegrationTests in 0.232 seconds (process running for 9.627)
Hibernate: 
    select
        a1_0.id,
        a1_0.age,
        a1_0.name 
    from
        author a1_0 
    where
        a1_0.id=?
Hibernate: 
    select
        next value for author_id_seq
Hibernate: 
    insert 
    into
        author
        (age, name, id) 
    values
        (?, ?, ?)
Hibernate: 
    select
        count(*) 
    from
        author a1_0 
    where
        a1_0.id=?
Hibernate: 
    select
        a1_0.id,
        a1_0.age,
        a1_0.name 
    from
        author a1_0 
    where
        a1_0.id=?
Hibernate: 
    update
        author 
    set
        age=?,
        name=? 
    where
        id=?
2024-01-13T18:12:40.823-05:00  INFO 764 --- [           main] j.LocalContainerEntityManagerFactoryBean : Closing JPA EntityManagerFactory for persistence unit 'default'
2024-01-13T18:12:40.823-05:00  INFO 764 --- [           main] com.zaxxer.hikari.HikariDataSource       : HikariPool-14 - Shutdown initiated...
2024-01-13T18:12:40.839-05:00  INFO 764 --- [           main] com.zaxxer.hikari.HikariDataSource       : HikariPool-14 - Shutdown completed.
]]></system-out>
  </testcase>
  <testcase name="testThatCreateAuthorSuccessfullyReturnsSavedAuthor" classname="com.tyrien.quickstart.controllers.AuthorControllerIntegrationTests" time="0.021">
    <system-out><![CDATA[
  .   ____          _            __ _ _
 /\\ / ___'_ __ _ _(_)_ __  __ _ \ \ \ \
( ( )\___ | '_ | '_| | '_ \/ _` | \ \ \ \
 \\/  ___)| |_)| | | | | || (_| |  ) ) ) )
  '  |____| .__|_| |_|_| |_\__, | / / / /
 =========|_|==============|___/=/_/_/_/
 :: Spring Boot ::                (v3.2.1)

2024-01-13T18:12:40.853-05:00  INFO 764 --- [           main] c.t.q.c.AuthorControllerIntegrationTests : Starting AuthorControllerIntegrationTests using Java 21.0.1 with PID 764 (started by gilpi in C:\Users\gilpi\OneDrive\Documents\New\Personal Projects\quickstart\quickstart)
2024-01-13T18:12:40.854-05:00  INFO 764 --- [           main] c.t.q.c.AuthorControllerIntegrationTests : No active profile set, falling back to 1 default profile: "default"
2024-01-13T18:12:40.929-05:00  INFO 764 --- [           main] .s.d.r.c.RepositoryConfigurationDelegate : Bootstrapping Spring Data JPA repositories in DEFAULT mode.
2024-01-13T18:12:40.939-05:00  INFO 764 --- [           main] .s.d.r.c.RepositoryConfigurationDelegate : Finished Spring Data repository scanning in 9 ms. Found 2 JPA repository interfaces.
2024-01-13T18:12:40.964-05:00  INFO 764 --- [           main] com.zaxxer.hikari.HikariDataSource       : HikariPool-15 - Starting...
2024-01-13T18:12:40.965-05:00  INFO 764 --- [           main] com.zaxxer.hikari.pool.HikariPool        : HikariPool-15 - Added connection conn74: url=jdbc:h2:mem:testdb user=SA
2024-01-13T18:12:40.965-05:00  INFO 764 --- [           main] com.zaxxer.hikari.HikariDataSource       : HikariPool-15 - Start completed.
2024-01-13T18:12:40.975-05:00  INFO 764 --- [           main] o.hibernate.jpa.internal.util.LogHelper  : HHH000204: Processing PersistenceUnitInfo [name: default]
2024-01-13T18:12:40.976-05:00  INFO 764 --- [           main] o.h.c.internal.RegionFactoryInitiator    : HHH000026: Second-level cache disabled
2024-01-13T18:12:40.978-05:00  INFO 764 --- [           main] o.s.o.j.p.SpringPersistenceUnitInfo      : No LoadTimeWeaver setup: ignoring JPA class transformer
2024-01-13T18:12:41.000-05:00  INFO 764 --- [           main] o.h.e.t.j.p.i.JtaPlatformInitiator       : HHH000489: No JTA platform available (set 'hibernate.transaction.jta.platform' to enable JTA platform integration)
Hibernate: 
    drop table if exists author cascade 
Hibernate: 
    drop table if exists book cascade 
Hibernate: 
    drop sequence if exists author_id_seq
Hibernate: 
    create sequence author_id_seq start with 1 increment by 50
Hibernate: 
    create table author (
        age integer,
        id bigint not null,
        name varchar(255),
        primary key (id)
    )
Hibernate: 
    create table book (
        author_id bigint,
        isbn varchar(255) not null,
        title varchar(255),
        primary key (isbn)
    )
Hibernate: 
    alter table if exists book 
       add constraint FKklnrv3weler2ftkweewlky958 
       foreign key (author_id) 
       references author
2024-01-13T18:12:41.003-05:00  INFO 764 --- [           main] j.LocalContainerEntityManagerFactoryBean : Initialized JPA EntityManagerFactory for persistence unit 'default'
2024-01-13T18:12:41.028-05:00  WARN 764 --- [           main] JpaBaseConfiguration$JpaWebConfiguration : spring.jpa.open-in-view is enabled by default. Therefore, database queries may be performed during view rendering. Explicitly configure spring.jpa.open-in-view to disable this warning
2024-01-13T18:12:41.068-05:00  INFO 764 --- [           main] o.s.b.t.m.w.SpringBootMockServletContext : Initializing Spring TestDispatcherServlet ''
2024-01-13T18:12:41.068-05:00  INFO 764 --- [           main] o.s.t.web.servlet.TestDispatcherServlet  : Initializing Servlet ''
2024-01-13T18:12:41.068-05:00  INFO 764 --- [           main] o.s.t.web.servlet.TestDispatcherServlet  : Completed initialization in 0 ms
2024-01-13T18:12:41.071-05:00  INFO 764 --- [           main] c.t.q.c.AuthorControllerIntegrationTests : Started AuthorControllerIntegrationTests in 0.229 seconds (process running for 9.891)
2024-01-13T18:12:41.079-05:00  INFO 764 --- [           main] c.t.q.controllers.AuthorController       : Got Author: AuthorDto(id=null, name=Abigail Rose, age=80)
Hibernate: 
    select
        next value for author_id_seq
Hibernate: 
    insert 
    into
        author
        (age, name, id) 
    values
        (?, ?, ?)
2024-01-13T18:12:41.087-05:00  INFO 764 --- [           main] j.LocalContainerEntityManagerFactoryBean : Closing JPA EntityManagerFactory for persistence unit 'default'
2024-01-13T18:12:41.087-05:00  INFO 764 --- [           main] com.zaxxer.hikari.HikariDataSource       : HikariPool-15 - Shutdown initiated...
2024-01-13T18:12:41.092-05:00  INFO 764 --- [           main] com.zaxxer.hikari.HikariDataSource       : HikariPool-15 - Shutdown completed.
]]></system-out>
  </testcase>
</testsuite>