<?xml version="1.0" encoding="UTF-8"?>
<testsuite xmlns:xsi="http://www.w3.org/2001/XMLSchema-instance" xsi:noNamespaceSchemaLocation="https://maven.apache.org/surefire/maven-surefire-plugin/xsd/surefire-test-report-3.0.xsd" version="3.0" name="com.tyrien.quickstart.controllers.BookControllerIntegrationTests" time="8.92" tests="13" errors="0" skipped="0" failures="0">
  <properties>
[...]
</properties>
  <testcase name="testThatListBooksReturnBook" classname="com.tyrien.quickstart.controllers.BookControllerIntegrationTests" time="0.107">
    <system-out><![CDATA[2024-01-12T22:02:47.929-05:00  INFO 37024 --- [           main] t.c.s.AnnotationConfigContextLoaderUtils : Could not detect default configuration classes for test class [com.tyrien.quickstart.controllers.BookControllerIntegrationTests]: BookControllerIntegrationTests does not declare any static, non-private, non-final, nested classes annotated with @Configuration.
2024-01-12T22:02:47.935-05:00  INFO 37024 --- [           main] .b.t.c.SpringBootTestContextBootstrapper : Found @SpringBootConfiguration com.tyrien.quickstart.BooksApiApplication for test class com.tyrien.quickstart.controllers.BookControllerIntegrationTests

  .   ____          _            __ _ _
 /\\ / ___'_ __ _ _(_)_ __  __ _ \ \ \ \
( ( )\___ | '_ | '_| | '_ \/ _` | \ \ \ \
 \\/  ___)| |_)| | | | | || (_| |  ) ) ) )
  '  |____| .__|_| |_|_| |_\__, | / / / /
 =========|_|==============|___/=/_/_/_/
 :: Spring Boot ::                (v3.2.1)

2024-01-12T22:02:47.972-05:00  INFO 37024 --- [           main] c.t.q.c.BookControllerIntegrationTests   : Starting BookControllerIntegrationTests using Java 21.0.1 with PID 37024 (started by gilpi in C:\Users\gilpi\OneDrive\Documents\New\Personal Projects\quickstart\quickstart)
2024-01-12T22:02:47.972-05:00  INFO 37024 --- [           main] c.t.q.c.BookControllerIntegrationTests   : No active profile set, falling back to 1 default profile: "default"
2024-01-12T22:02:48.231-05:00  INFO 37024 --- [           main] .s.d.r.c.RepositoryConfigurationDelegate : Bootstrapping Spring Data JPA repositories in DEFAULT mode.
2024-01-12T22:02:48.260-05:00  INFO 37024 --- [           main] .s.d.r.c.RepositoryConfigurationDelegate : Finished Spring Data repository scanning in 28 ms. Found 2 JPA repository interfaces.
2024-01-12T22:02:48.346-05:00  INFO 37024 --- [           main] com.zaxxer.hikari.HikariDataSource       : HikariPool-16 - Starting...
2024-01-12T22:02:48.349-05:00  INFO 37024 --- [           main] com.zaxxer.hikari.pool.HikariPool        : HikariPool-16 - Added connection conn150: url=jdbc:h2:mem:testdb user=SA
2024-01-12T22:02:48.349-05:00  INFO 37024 --- [           main] com.zaxxer.hikari.HikariDataSource       : HikariPool-16 - Start completed.
2024-01-12T22:02:48.381-05:00  INFO 37024 --- [           main] o.hibernate.jpa.internal.util.LogHelper  : HHH000204: Processing PersistenceUnitInfo [name: default]
2024-01-12T22:02:48.385-05:00  INFO 37024 --- [           main] o.h.c.internal.RegionFactoryInitiator    : HHH000026: Second-level cache disabled
2024-01-12T22:02:48.392-05:00  INFO 37024 --- [           main] o.s.o.j.p.SpringPersistenceUnitInfo      : No LoadTimeWeaver setup: ignoring JPA class transformer
2024-01-12T22:02:48.459-05:00  INFO 37024 --- [           main] o.h.e.t.j.p.i.JtaPlatformInitiator       : HHH000489: No JTA platform available (set 'hibernate.transaction.jta.platform' to enable JTA platform integration)
Hibernate: 
    drop table if exists author cascade 
Hibernate: 
    drop table if exists book cascade 
Hibernate: 
    drop sequence if exists author_id_seq
Hibernate: 
    create sequence author_id_seq start with 1 increment by 50
Hibernate: 
    create table author (
        age integer,
        id bigint not null,
        name varchar(255),
        primary key (id)
    )
Hibernate: 
    create table book (
        author_id bigint,
        isbn varchar(255) not null,
        title varchar(255),
        primary key (isbn)
    )
Hibernate: 
    alter table if exists book 
       add constraint FKklnrv3weler2ftkweewlky958 
       foreign key (author_id) 
       references author
2024-01-12T22:02:48.470-05:00  INFO 37024 --- [           main] j.LocalContainerEntityManagerFactoryBean : Initialized JPA EntityManagerFactory for persistence unit 'default'
2024-01-12T22:02:48.574-05:00  WARN 37024 --- [           main] JpaBaseConfiguration$JpaWebConfiguration : spring.jpa.open-in-view is enabled by default. Therefore, database queries may be performed during view rendering. Explicitly configure spring.jpa.open-in-view to disable this warning
2024-01-12T22:02:48.705-05:00  INFO 37024 --- [           main] o.s.b.t.m.w.SpringBootMockServletContext : Initializing Spring TestDispatcherServlet ''
2024-01-12T22:02:48.707-05:00  INFO 37024 --- [           main] o.s.t.web.servlet.TestDispatcherServlet  : Initializing Servlet ''
2024-01-12T22:02:48.707-05:00  INFO 37024 --- [           main] o.s.t.web.servlet.TestDispatcherServlet  : Completed initialization in 0 ms
2024-01-12T22:02:48.718-05:00  INFO 37024 --- [           main] c.t.q.c.BookControllerIntegrationTests   : Started BookControllerIntegrationTests in 0.778 seconds (process running for 19.245)
Hibernate: 
    select
        b1_0.isbn,
        a1_0.id,
        a1_0.age,
        a1_0.name,
        b1_0.title 
    from
        book b1_0 
    left join
        author a1_0 
            on a1_0.id=b1_0.author_id 
    where
        b1_0.isbn=?
Hibernate: 
    insert 
    into
        book
        (author_id, title, isbn) 
    values
        (?, ?, ?)
Hibernate: 
    select
        b1_0.isbn,
        b1_0.author_id,
        b1_0.title 
    from
        book b1_0 
    offset
        ? rows 
    fetch
        first ? rows only
2024-01-12T22:02:48.827-05:00  INFO 37024 --- [           main] j.LocalContainerEntityManagerFactoryBean : Closing JPA EntityManagerFactory for persistence unit 'default'
2024-01-12T22:02:48.828-05:00  INFO 37024 --- [           main] com.zaxxer.hikari.HikariDataSource       : HikariPool-16 - Shutdown initiated...
2024-01-12T22:02:48.830-05:00  INFO 37024 --- [           main] com.zaxxer.hikari.HikariDataSource       : HikariPool-16 - Shutdown completed.
]]></system-out>
  </testcase>
  <testcase name="testThatPartialUpdateBookReturnsHttpStatus200OK" classname="com.tyrien.quickstart.controllers.BookControllerIntegrationTests" time="0.067">
    <system-out><![CDATA[
  .   ____          _            __ _ _
 /\\ / ___'_ __ _ _(_)_ __  __ _ \ \ \ \
( ( )\___ | '_ | '_| | '_ \/ _` | \ \ \ \
 \\/  ___)| |_)| | | | | || (_| |  ) ) ) )
  '  |____| .__|_| |_|_| |_\__, | / / / /
 =========|_|==============|___/=/_/_/_/
 :: Spring Boot ::                (v3.2.1)

2024-01-12T22:02:48.870-05:00  INFO 37024 --- [           main] c.t.q.c.BookControllerIntegrationTests   : Starting BookControllerIntegrationTests using Java 21.0.1 with PID 37024 (started by gilpi in C:\Users\gilpi\OneDrive\Documents\New\Personal Projects\quickstart\quickstart)
2024-01-12T22:02:48.871-05:00  INFO 37024 --- [           main] c.t.q.c.BookControllerIntegrationTests   : No active profile set, falling back to 1 default profile: "default"
2024-01-12T22:02:49.089-05:00  INFO 37024 --- [           main] .s.d.r.c.RepositoryConfigurationDelegate : Bootstrapping Spring Data JPA repositories in DEFAULT mode.
2024-01-12T22:02:49.116-05:00  INFO 37024 --- [           main] .s.d.r.c.RepositoryConfigurationDelegate : Finished Spring Data repository scanning in 26 ms. Found 2 JPA repository interfaces.
2024-01-12T22:02:49.187-05:00  INFO 37024 --- [           main] com.zaxxer.hikari.HikariDataSource       : HikariPool-17 - Starting...
2024-01-12T22:02:49.189-05:00  INFO 37024 --- [           main] com.zaxxer.hikari.pool.HikariPool        : HikariPool-17 - Added connection conn160: url=jdbc:h2:mem:testdb user=SA
2024-01-12T22:02:49.189-05:00  INFO 37024 --- [           main] com.zaxxer.hikari.HikariDataSource       : HikariPool-17 - Start completed.
2024-01-12T22:02:49.214-05:00  INFO 37024 --- [           main] o.hibernate.jpa.internal.util.LogHelper  : HHH000204: Processing PersistenceUnitInfo [name: default]
2024-01-12T22:02:49.220-05:00  INFO 37024 --- [           main] o.h.c.internal.RegionFactoryInitiator    : HHH000026: Second-level cache disabled
2024-01-12T22:02:49.227-05:00  INFO 37024 --- [           main] o.s.o.j.p.SpringPersistenceUnitInfo      : No LoadTimeWeaver setup: ignoring JPA class transformer
2024-01-12T22:02:49.268-05:00  INFO 37024 --- [           main] o.h.e.t.j.p.i.JtaPlatformInitiator       : HHH000489: No JTA platform available (set 'hibernate.transaction.jta.platform' to enable JTA platform integration)
Hibernate: 
    drop table if exists author cascade 
Hibernate: 
    drop table if exists book cascade 
Hibernate: 
    drop sequence if exists author_id_seq
Hibernate: 
    create sequence author_id_seq start with 1 increment by 50
Hibernate: 
    create table author (
        age integer,
        id bigint not null,
        name varchar(255),
        primary key (id)
    )
Hibernate: 
    create table book (
        author_id bigint,
        isbn varchar(255) not null,
        title varchar(255),
        primary key (isbn)
    )
Hibernate: 
    alter table if exists book 
       add constraint FKklnrv3weler2ftkweewlky958 
       foreign key (author_id) 
       references author
2024-01-12T22:02:49.277-05:00  INFO 37024 --- [           main] j.LocalContainerEntityManagerFactoryBean : Initialized JPA EntityManagerFactory for persistence unit 'default'
2024-01-12T22:02:49.347-05:00  WARN 37024 --- [           main] JpaBaseConfiguration$JpaWebConfiguration : spring.jpa.open-in-view is enabled by default. Therefore, database queries may be performed during view rendering. Explicitly configure spring.jpa.open-in-view to disable this warning
2024-01-12T22:02:49.453-05:00  INFO 37024 --- [           main] o.s.b.t.m.w.SpringBootMockServletContext : Initializing Spring TestDispatcherServlet ''
2024-01-12T22:02:49.453-05:00  INFO 37024 --- [           main] o.s.t.web.servlet.TestDispatcherServlet  : Initializing Servlet ''
2024-01-12T22:02:49.454-05:00  INFO 37024 --- [           main] o.s.t.web.servlet.TestDispatcherServlet  : Completed initialization in 1 ms
2024-01-12T22:02:49.461-05:00  INFO 37024 --- [           main] c.t.q.c.BookControllerIntegrationTests   : Started BookControllerIntegrationTests in 0.626 seconds (process running for 19.987)
Hibernate: 
    select
        b1_0.isbn,
        a1_0.id,
        a1_0.age,
        a1_0.name,
        b1_0.title 
    from
        book b1_0 
    left join
        author a1_0 
            on a1_0.id=b1_0.author_id 
    where
        b1_0.isbn=?
Hibernate: 
    insert 
    into
        book
        (author_id, title, isbn) 
    values
        (?, ?, ?)
Hibernate: 
    select
        count(*) 
    from
        book b1_0 
    where
        b1_0.isbn=?
Hibernate: 
    select
        b1_0.isbn,
        a1_0.id,
        a1_0.age,
        a1_0.name,
        b1_0.title 
    from
        book b1_0 
    left join
        author a1_0 
            on a1_0.id=b1_0.author_id 
    where
        b1_0.isbn=?
Hibernate: 
    update
        book 
    set
        author_id=?,
        title=? 
    where
        isbn=?
2024-01-12T22:02:49.527-05:00  INFO 37024 --- [           main] j.LocalContainerEntityManagerFactoryBean : Closing JPA EntityManagerFactory for persistence unit 'default'
2024-01-12T22:02:49.528-05:00  INFO 37024 --- [           main] com.zaxxer.hikari.HikariDataSource       : HikariPool-17 - Shutdown initiated...
2024-01-12T22:02:49.530-05:00  INFO 37024 --- [           main] com.zaxxer.hikari.HikariDataSource       : HikariPool-17 - Shutdown completed.
]]></system-out>
  </testcase>
  <testcase name="testThatRetrieveBookReturnHttpsStatus200WhenBookExist" classname="com.tyrien.quickstart.controllers.BookControllerIntegrationTests" time="0.036">
    <system-out><![CDATA[
  .   ____          _            __ _ _
 /\\ / ___'_ __ _ _(_)_ __  __ _ \ \ \ \
( ( )\___ | '_ | '_| | '_ \/ _` | \ \ \ \
 \\/  ___)| |_)| | | | | || (_| |  ) ) ) )
  '  |____| .__|_| |_|_| |_\__, | / / / /
 =========|_|==============|___/=/_/_/_/
 :: Spring Boot ::                (v3.2.1)

2024-01-12T22:02:49.569-05:00  INFO 37024 --- [           main] c.t.q.c.BookControllerIntegrationTests   : Starting BookControllerIntegrationTests using Java 21.0.1 with PID 37024 (started by gilpi in C:\Users\gilpi\OneDrive\Documents\New\Personal Projects\quickstart\quickstart)
2024-01-12T22:02:49.570-05:00  INFO 37024 --- [           main] c.t.q.c.BookControllerIntegrationTests   : No active profile set, falling back to 1 default profile: "default"
2024-01-12T22:02:49.813-05:00  INFO 37024 --- [           main] .s.d.r.c.RepositoryConfigurationDelegate : Bootstrapping Spring Data JPA repositories in DEFAULT mode.
2024-01-12T22:02:49.839-05:00  INFO 37024 --- [           main] .s.d.r.c.RepositoryConfigurationDelegate : Finished Spring Data repository scanning in 24 ms. Found 2 JPA repository interfaces.
2024-01-12T22:02:49.908-05:00  INFO 37024 --- [           main] com.zaxxer.hikari.HikariDataSource       : HikariPool-18 - Starting...
2024-01-12T22:02:49.909-05:00  INFO 37024 --- [           main] com.zaxxer.hikari.pool.HikariPool        : HikariPool-18 - Added connection conn170: url=jdbc:h2:mem:testdb user=SA
2024-01-12T22:02:49.910-05:00  INFO 37024 --- [           main] com.zaxxer.hikari.HikariDataSource       : HikariPool-18 - Start completed.
2024-01-12T22:02:49.939-05:00  INFO 37024 --- [           main] o.hibernate.jpa.internal.util.LogHelper  : HHH000204: Processing PersistenceUnitInfo [name: default]
2024-01-12T22:02:49.944-05:00  INFO 37024 --- [           main] o.h.c.internal.RegionFactoryInitiator    : HHH000026: Second-level cache disabled
2024-01-12T22:02:49.949-05:00  INFO 37024 --- [           main] o.s.o.j.p.SpringPersistenceUnitInfo      : No LoadTimeWeaver setup: ignoring JPA class transformer
2024-01-12T22:02:50.018-05:00  INFO 37024 --- [           main] o.h.e.t.j.p.i.JtaPlatformInitiator       : HHH000489: No JTA platform available (set 'hibernate.transaction.jta.platform' to enable JTA platform integration)
Hibernate: 
    drop table if exists author cascade 
Hibernate: 
    drop table if exists book cascade 
Hibernate: 
    drop sequence if exists author_id_seq
Hibernate: 
    create sequence author_id_seq start with 1 increment by 50
Hibernate: 
    create table author (
        age integer,
        id bigint not null,
        name varchar(255),
        primary key (id)
    )
Hibernate: 
    create table book (
        author_id bigint,
        isbn varchar(255) not null,
        title varchar(255),
        primary key (isbn)
    )
Hibernate: 
    alter table if exists book 
       add constraint FKklnrv3weler2ftkweewlky958 
       foreign key (author_id) 
       references author
2024-01-12T22:02:50.029-05:00  INFO 37024 --- [           main] j.LocalContainerEntityManagerFactoryBean : Initialized JPA EntityManagerFactory for persistence unit 'default'
2024-01-12T22:02:50.107-05:00  WARN 37024 --- [           main] JpaBaseConfiguration$JpaWebConfiguration : spring.jpa.open-in-view is enabled by default. Therefore, database queries may be performed during view rendering. Explicitly configure spring.jpa.open-in-view to disable this warning
2024-01-12T22:02:50.234-05:00  INFO 37024 --- [           main] o.s.b.t.m.w.SpringBootMockServletContext : Initializing Spring TestDispatcherServlet ''
2024-01-12T22:02:50.234-05:00  INFO 37024 --- [           main] o.s.t.web.servlet.TestDispatcherServlet  : Initializing Servlet ''
2024-01-12T22:02:50.235-05:00  INFO 37024 --- [           main] o.s.t.web.servlet.TestDispatcherServlet  : Completed initialization in 1 ms
2024-01-12T22:02:50.243-05:00  INFO 37024 --- [           main] c.t.q.c.BookControllerIntegrationTests   : Started BookControllerIntegrationTests in 0.709 seconds (process running for 20.769)
Hibernate: 
    select
        b1_0.isbn,
        a1_0.id,
        a1_0.age,
        a1_0.name,
        b1_0.title 
    from
        book b1_0 
    left join
        author a1_0 
            on a1_0.id=b1_0.author_id 
    where
        b1_0.isbn=?
Hibernate: 
    insert 
    into
        book
        (author_id, title, isbn) 
    values
        (?, ?, ?)
Hibernate: 
    select
        b1_0.isbn,
        a1_0.id,
        a1_0.age,
        a1_0.name,
        b1_0.title 
    from
        book b1_0 
    left join
        author a1_0 
            on a1_0.id=b1_0.author_id 
    where
        b1_0.isbn=?
2024-01-12T22:02:50.280-05:00  INFO 37024 --- [           main] j.LocalContainerEntityManagerFactoryBean : Closing JPA EntityManagerFactory for persistence unit 'default'
2024-01-12T22:02:50.281-05:00  INFO 37024 --- [           main] com.zaxxer.hikari.HikariDataSource       : HikariPool-18 - Shutdown initiated...
2024-01-12T22:02:50.283-05:00  INFO 37024 --- [           main] com.zaxxer.hikari.HikariDataSource       : HikariPool-18 - Shutdown completed.
]]></system-out>
  </testcase>
  <testcase name="testThatFullUpdateBookReturnsUpdatedBook" classname="com.tyrien.quickstart.controllers.BookControllerIntegrationTests" time="0.04">
    <system-out><![CDATA[
  .   ____          _            __ _ _
 /\\ / ___'_ __ _ _(_)_ __  __ _ \ \ \ \
( ( )\___ | '_ | '_| | '_ \/ _` | \ \ \ \
 \\/  ___)| |_)| | | | | || (_| |  ) ) ) )
  '  |____| .__|_| |_|_| |_\__, | / / / /
 =========|_|==============|___/=/_/_/_/
 :: Spring Boot ::                (v3.2.1)

2024-01-12T22:02:50.318-05:00  INFO 37024 --- [           main] c.t.q.c.BookControllerIntegrationTests   : Starting BookControllerIntegrationTests using Java 21.0.1 with PID 37024 (started by gilpi in C:\Users\gilpi\OneDrive\Documents\New\Personal Projects\quickstart\quickstart)
2024-01-12T22:02:50.318-05:00  INFO 37024 --- [           main] c.t.q.c.BookControllerIntegrationTests   : No active profile set, falling back to 1 default profile: "default"
2024-01-12T22:02:50.555-05:00  INFO 37024 --- [           main] .s.d.r.c.RepositoryConfigurationDelegate : Bootstrapping Spring Data JPA repositories in DEFAULT mode.
2024-01-12T22:02:50.578-05:00  INFO 37024 --- [           main] .s.d.r.c.RepositoryConfigurationDelegate : Finished Spring Data repository scanning in 22 ms. Found 2 JPA repository interfaces.
2024-01-12T22:02:50.649-05:00  INFO 37024 --- [           main] com.zaxxer.hikari.HikariDataSource       : HikariPool-19 - Starting...
2024-01-12T22:02:50.651-05:00  INFO 37024 --- [           main] com.zaxxer.hikari.pool.HikariPool        : HikariPool-19 - Added connection conn180: url=jdbc:h2:mem:testdb user=SA
2024-01-12T22:02:50.651-05:00  INFO 37024 --- [           main] com.zaxxer.hikari.HikariDataSource       : HikariPool-19 - Start completed.
2024-01-12T22:02:50.676-05:00  INFO 37024 --- [           main] o.hibernate.jpa.internal.util.LogHelper  : HHH000204: Processing PersistenceUnitInfo [name: default]
2024-01-12T22:02:50.682-05:00  INFO 37024 --- [           main] o.h.c.internal.RegionFactoryInitiator    : HHH000026: Second-level cache disabled
2024-01-12T22:02:50.690-05:00  INFO 37024 --- [           main] o.s.o.j.p.SpringPersistenceUnitInfo      : No LoadTimeWeaver setup: ignoring JPA class transformer
2024-01-12T22:02:50.754-05:00  INFO 37024 --- [           main] o.h.e.t.j.p.i.JtaPlatformInitiator       : HHH000489: No JTA platform available (set 'hibernate.transaction.jta.platform' to enable JTA platform integration)
Hibernate: 
    drop table if exists author cascade 
Hibernate: 
    drop table if exists book cascade 
Hibernate: 
    drop sequence if exists author_id_seq
Hibernate: 
    create sequence author_id_seq start with 1 increment by 50
Hibernate: 
    create table author (
        age integer,
        id bigint not null,
        name varchar(255),
        primary key (id)
    )
Hibernate: 
    create table book (
        author_id bigint,
        isbn varchar(255) not null,
        title varchar(255),
        primary key (isbn)
    )
Hibernate: 
    alter table if exists book 
       add constraint FKklnrv3weler2ftkweewlky958 
       foreign key (author_id) 
       references author
2024-01-12T22:02:50.765-05:00  INFO 37024 --- [           main] j.LocalContainerEntityManagerFactoryBean : Initialized JPA EntityManagerFactory for persistence unit 'default'
2024-01-12T22:02:50.832-05:00  WARN 37024 --- [           main] JpaBaseConfiguration$JpaWebConfiguration : spring.jpa.open-in-view is enabled by default. Therefore, database queries may be performed during view rendering. Explicitly configure spring.jpa.open-in-view to disable this warning
2024-01-12T22:02:50.941-05:00  INFO 37024 --- [           main] o.s.b.t.m.w.SpringBootMockServletContext : Initializing Spring TestDispatcherServlet ''
2024-01-12T22:02:50.941-05:00  INFO 37024 --- [           main] o.s.t.web.servlet.TestDispatcherServlet  : Initializing Servlet ''
2024-01-12T22:02:50.942-05:00  INFO 37024 --- [           main] o.s.t.web.servlet.TestDispatcherServlet  : Completed initialization in 1 ms
2024-01-12T22:02:50.949-05:00  INFO 37024 --- [           main] c.t.q.c.BookControllerIntegrationTests   : Started BookControllerIntegrationTests in 0.663 seconds (process running for 21.476)
Hibernate: 
    select
        b1_0.isbn,
        a1_0.id,
        a1_0.age,
        a1_0.name,
        b1_0.title 
    from
        book b1_0 
    left join
        author a1_0 
            on a1_0.id=b1_0.author_id 
    where
        b1_0.isbn=?
Hibernate: 
    insert 
    into
        book
        (author_id, title, isbn) 
    values
        (?, ?, ?)
Hibernate: 
    select
        count(*) 
    from
        book b1_0 
    where
        b1_0.isbn=?
Hibernate: 
    select
        b1_0.isbn,
        a1_0.id,
        a1_0.age,
        a1_0.name,
        b1_0.title 
    from
        book b1_0 
    left join
        author a1_0 
            on a1_0.id=b1_0.author_id 
    where
        b1_0.isbn=?
Hibernate: 
    update
        book 
    set
        author_id=?,
        title=? 
    where
        isbn=?
2024-01-12T22:02:50.990-05:00  INFO 37024 --- [           main] j.LocalContainerEntityManagerFactoryBean : Closing JPA EntityManagerFactory for persistence unit 'default'
2024-01-12T22:02:50.991-05:00  INFO 37024 --- [           main] com.zaxxer.hikari.HikariDataSource       : HikariPool-19 - Shutdown initiated...
2024-01-12T22:02:50.992-05:00  INFO 37024 --- [           main] com.zaxxer.hikari.HikariDataSource       : HikariPool-19 - Shutdown completed.
]]></system-out>
  </testcase>
  <testcase name="testThatDeleteBookReturnsHttpStatus204ForExistingBooks" classname="com.tyrien.quickstart.controllers.BookControllerIntegrationTests" time="0.032">
    <system-out><![CDATA[
  .   ____          _            __ _ _
 /\\ / ___'_ __ _ _(_)_ __  __ _ \ \ \ \
( ( )\___ | '_ | '_| | '_ \/ _` | \ \ \ \
 \\/  ___)| |_)| | | | | || (_| |  ) ) ) )
  '  |____| .__|_| |_|_| |_\__, | / / / /
 =========|_|==============|___/=/_/_/_/
 :: Spring Boot ::                (v3.2.1)

2024-01-12T22:02:51.026-05:00  INFO 37024 --- [           main] c.t.q.c.BookControllerIntegrationTests   : Starting BookControllerIntegrationTests using Java 21.0.1 with PID 37024 (started by gilpi in C:\Users\gilpi\OneDrive\Documents\New\Personal Projects\quickstart\quickstart)
2024-01-12T22:02:51.027-05:00  INFO 37024 --- [           main] c.t.q.c.BookControllerIntegrationTests   : No active profile set, falling back to 1 default profile: "default"
2024-01-12T22:02:51.220-05:00  INFO 37024 --- [           main] .s.d.r.c.RepositoryConfigurationDelegate : Bootstrapping Spring Data JPA repositories in DEFAULT mode.
2024-01-12T22:02:51.240-05:00  INFO 37024 --- [           main] .s.d.r.c.RepositoryConfigurationDelegate : Finished Spring Data repository scanning in 19 ms. Found 2 JPA repository interfaces.
2024-01-12T22:02:51.308-05:00  INFO 37024 --- [           main] com.zaxxer.hikari.HikariDataSource       : HikariPool-20 - Starting...
2024-01-12T22:02:51.310-05:00  INFO 37024 --- [           main] com.zaxxer.hikari.pool.HikariPool        : HikariPool-20 - Added connection conn190: url=jdbc:h2:mem:testdb user=SA
2024-01-12T22:02:51.310-05:00  INFO 37024 --- [           main] com.zaxxer.hikari.HikariDataSource       : HikariPool-20 - Start completed.
2024-01-12T22:02:51.338-05:00  INFO 37024 --- [           main] o.hibernate.jpa.internal.util.LogHelper  : HHH000204: Processing PersistenceUnitInfo [name: default]
2024-01-12T22:02:51.342-05:00  INFO 37024 --- [           main] o.h.c.internal.RegionFactoryInitiator    : HHH000026: Second-level cache disabled
2024-01-12T22:02:51.350-05:00  INFO 37024 --- [           main] o.s.o.j.p.SpringPersistenceUnitInfo      : No LoadTimeWeaver setup: ignoring JPA class transformer
2024-01-12T22:02:51.410-05:00  INFO 37024 --- [           main] o.h.e.t.j.p.i.JtaPlatformInitiator       : HHH000489: No JTA platform available (set 'hibernate.transaction.jta.platform' to enable JTA platform integration)
Hibernate: 
    drop table if exists author cascade 
Hibernate: 
    drop table if exists book cascade 
Hibernate: 
    drop sequence if exists author_id_seq
Hibernate: 
    create sequence author_id_seq start with 1 increment by 50
Hibernate: 
    create table author (
        age integer,
        id bigint not null,
        name varchar(255),
        primary key (id)
    )
Hibernate: 
    create table book (
        author_id bigint,
        isbn varchar(255) not null,
        title varchar(255),
        primary key (isbn)
    )
Hibernate: 
    alter table if exists book 
       add constraint FKklnrv3weler2ftkweewlky958 
       foreign key (author_id) 
       references author
2024-01-12T22:02:51.418-05:00  INFO 37024 --- [           main] j.LocalContainerEntityManagerFactoryBean : Initialized JPA EntityManagerFactory for persistence unit 'default'
2024-01-12T22:02:51.493-05:00  WARN 37024 --- [           main] JpaBaseConfiguration$JpaWebConfiguration : spring.jpa.open-in-view is enabled by default. Therefore, database queries may be performed during view rendering. Explicitly configure spring.jpa.open-in-view to disable this warning
2024-01-12T22:02:51.610-05:00  INFO 37024 --- [           main] o.s.b.t.m.w.SpringBootMockServletContext : Initializing Spring TestDispatcherServlet ''
2024-01-12T22:02:51.610-05:00  INFO 37024 --- [           main] o.s.t.web.servlet.TestDispatcherServlet  : Initializing Servlet ''
2024-01-12T22:02:51.611-05:00  INFO 37024 --- [           main] o.s.t.web.servlet.TestDispatcherServlet  : Completed initialization in 1 ms
2024-01-12T22:02:51.619-05:00  INFO 37024 --- [           main] c.t.q.c.BookControllerIntegrationTests   : Started BookControllerIntegrationTests in 0.622 seconds (process running for 22.145)
Hibernate: 
    select
        b1_0.isbn,
        a1_0.id,
        a1_0.age,
        a1_0.name,
        b1_0.title 
    from
        book b1_0 
    left join
        author a1_0 
            on a1_0.id=b1_0.author_id 
    where
        b1_0.isbn=?
Hibernate: 
    insert 
    into
        book
        (author_id, title, isbn) 
    values
        (?, ?, ?)
Hibernate: 
    select
        b1_0.isbn,
        a1_0.id,
        a1_0.age,
        a1_0.name,
        b1_0.title 
    from
        book b1_0 
    left join
        author a1_0 
            on a1_0.id=b1_0.author_id 
    where
        b1_0.isbn=?
Hibernate: 
    delete 
    from
        book 
    where
        isbn=?
2024-01-12T22:02:51.651-05:00  INFO 37024 --- [           main] j.LocalContainerEntityManagerFactoryBean : Closing JPA EntityManagerFactory for persistence unit 'default'
2024-01-12T22:02:51.652-05:00  INFO 37024 --- [           main] com.zaxxer.hikari.HikariDataSource       : HikariPool-20 - Shutdown initiated...
2024-01-12T22:02:51.653-05:00  INFO 37024 --- [           main] com.zaxxer.hikari.HikariDataSource       : HikariPool-20 - Shutdown completed.
]]></system-out>
  </testcase>
  <testcase name="testThatListBooksReturnHttpsStatus200" classname="com.tyrien.quickstart.controllers.BookControllerIntegrationTests" time="0.03">
    <system-out><![CDATA[
  .   ____          _            __ _ _
 /\\ / ___'_ __ _ _(_)_ __  __ _ \ \ \ \
( ( )\___ | '_ | '_| | '_ \/ _` | \ \ \ \
 \\/  ___)| |_)| | | | | || (_| |  ) ) ) )
  '  |____| .__|_| |_|_| |_\__, | / / / /
 =========|_|==============|___/=/_/_/_/
 :: Spring Boot ::                (v3.2.1)

2024-01-12T22:02:51.687-05:00  INFO 37024 --- [           main] c.t.q.c.BookControllerIntegrationTests   : Starting BookControllerIntegrationTests using Java 21.0.1 with PID 37024 (started by gilpi in C:\Users\gilpi\OneDrive\Documents\New\Personal Projects\quickstart\quickstart)
2024-01-12T22:02:51.687-05:00  INFO 37024 --- [           main] c.t.q.c.BookControllerIntegrationTests   : No active profile set, falling back to 1 default profile: "default"
2024-01-12T22:02:51.893-05:00  INFO 37024 --- [           main] .s.d.r.c.RepositoryConfigurationDelegate : Bootstrapping Spring Data JPA repositories in DEFAULT mode.
2024-01-12T22:02:51.916-05:00  INFO 37024 --- [           main] .s.d.r.c.RepositoryConfigurationDelegate : Finished Spring Data repository scanning in 22 ms. Found 2 JPA repository interfaces.
2024-01-12T22:02:51.973-05:00  INFO 37024 --- [           main] com.zaxxer.hikari.HikariDataSource       : HikariPool-21 - Starting...
2024-01-12T22:02:51.975-05:00  INFO 37024 --- [           main] com.zaxxer.hikari.pool.HikariPool        : HikariPool-21 - Added connection conn200: url=jdbc:h2:mem:testdb user=SA
2024-01-12T22:02:51.975-05:00  INFO 37024 --- [           main] com.zaxxer.hikari.HikariDataSource       : HikariPool-21 - Start completed.
2024-01-12T22:02:52.002-05:00  INFO 37024 --- [           main] o.hibernate.jpa.internal.util.LogHelper  : HHH000204: Processing PersistenceUnitInfo [name: default]
2024-01-12T22:02:52.006-05:00  INFO 37024 --- [           main] o.h.c.internal.RegionFactoryInitiator    : HHH000026: Second-level cache disabled
2024-01-12T22:02:52.011-05:00  INFO 37024 --- [           main] o.s.o.j.p.SpringPersistenceUnitInfo      : No LoadTimeWeaver setup: ignoring JPA class transformer
2024-01-12T22:02:52.061-05:00  INFO 37024 --- [           main] o.h.e.t.j.p.i.JtaPlatformInitiator       : HHH000489: No JTA platform available (set 'hibernate.transaction.jta.platform' to enable JTA platform integration)
Hibernate: 
    drop table if exists author cascade 
Hibernate: 
    drop table if exists book cascade 
Hibernate: 
    drop sequence if exists author_id_seq
Hibernate: 
    create sequence author_id_seq start with 1 increment by 50
Hibernate: 
    create table author (
        age integer,
        id bigint not null,
        name varchar(255),
        primary key (id)
    )
Hibernate: 
    create table book (
        author_id bigint,
        isbn varchar(255) not null,
        title varchar(255),
        primary key (isbn)
    )
Hibernate: 
    alter table if exists book 
       add constraint FKklnrv3weler2ftkweewlky958 
       foreign key (author_id) 
       references author
2024-01-12T22:02:52.070-05:00  INFO 37024 --- [           main] j.LocalContainerEntityManagerFactoryBean : Initialized JPA EntityManagerFactory for persistence unit 'default'
2024-01-12T22:02:52.160-05:00  WARN 37024 --- [           main] JpaBaseConfiguration$JpaWebConfiguration : spring.jpa.open-in-view is enabled by default. Therefore, database queries may be performed during view rendering. Explicitly configure spring.jpa.open-in-view to disable this warning
2024-01-12T22:02:52.260-05:00  INFO 37024 --- [           main] o.s.b.t.m.w.SpringBootMockServletContext : Initializing Spring TestDispatcherServlet ''
2024-01-12T22:02:52.260-05:00  INFO 37024 --- [           main] o.s.t.web.servlet.TestDispatcherServlet  : Initializing Servlet ''
2024-01-12T22:02:52.261-05:00  INFO 37024 --- [           main] o.s.t.web.servlet.TestDispatcherServlet  : Completed initialization in 0 ms
2024-01-12T22:02:52.269-05:00  INFO 37024 --- [           main] c.t.q.c.BookControllerIntegrationTests   : Started BookControllerIntegrationTests in 0.612 seconds (process running for 22.795)
Hibernate: 
    select
        b1_0.isbn,
        b1_0.author_id,
        b1_0.title 
    from
        book b1_0 
    offset
        ? rows 
    fetch
        first ? rows only
2024-01-12T22:02:52.301-05:00  INFO 37024 --- [           main] j.LocalContainerEntityManagerFactoryBean : Closing JPA EntityManagerFactory for persistence unit 'default'
2024-01-12T22:02:52.301-05:00  INFO 37024 --- [           main] com.zaxxer.hikari.HikariDataSource       : HikariPool-21 - Shutdown initiated...
2024-01-12T22:02:52.303-05:00  INFO 37024 --- [           main] com.zaxxer.hikari.HikariDataSource       : HikariPool-21 - Shutdown completed.
]]></system-out>
  </testcase>
  <testcase name="testThatCreateBookSuccessfullyReturnsSavedBook" classname="com.tyrien.quickstart.controllers.BookControllerIntegrationTests" time="0.042">
    <system-out><![CDATA[
  .   ____          _            __ _ _
 /\\ / ___'_ __ _ _(_)_ __  __ _ \ \ \ \
( ( )\___ | '_ | '_| | '_ \/ _` | \ \ \ \
 \\/  ___)| |_)| | | | | || (_| |  ) ) ) )
  '  |____| .__|_| |_|_| |_\__, | / / / /
 =========|_|==============|___/=/_/_/_/
 :: Spring Boot ::                (v3.2.1)

2024-01-12T22:02:52.328-05:00  INFO 37024 --- [           main] c.t.q.c.BookControllerIntegrationTests   : Starting BookControllerIntegrationTests using Java 21.0.1 with PID 37024 (started by gilpi in C:\Users\gilpi\OneDrive\Documents\New\Personal Projects\quickstart\quickstart)
2024-01-12T22:02:52.328-05:00  INFO 37024 --- [           main] c.t.q.c.BookControllerIntegrationTests   : No active profile set, falling back to 1 default profile: "default"
2024-01-12T22:02:52.558-05:00  INFO 37024 --- [           main] .s.d.r.c.RepositoryConfigurationDelegate : Bootstrapping Spring Data JPA repositories in DEFAULT mode.
2024-01-12T22:02:52.580-05:00  INFO 37024 --- [           main] .s.d.r.c.RepositoryConfigurationDelegate : Finished Spring Data repository scanning in 21 ms. Found 2 JPA repository interfaces.
2024-01-12T22:02:52.662-05:00  INFO 37024 --- [           main] com.zaxxer.hikari.HikariDataSource       : HikariPool-22 - Starting...
2024-01-12T22:02:52.664-05:00  INFO 37024 --- [           main] com.zaxxer.hikari.pool.HikariPool        : HikariPool-22 - Added connection conn210: url=jdbc:h2:mem:testdb user=SA
2024-01-12T22:02:52.664-05:00  INFO 37024 --- [           main] com.zaxxer.hikari.HikariDataSource       : HikariPool-22 - Start completed.
2024-01-12T22:02:52.691-05:00  INFO 37024 --- [           main] o.hibernate.jpa.internal.util.LogHelper  : HHH000204: Processing PersistenceUnitInfo [name: default]
2024-01-12T22:02:52.696-05:00  INFO 37024 --- [           main] o.h.c.internal.RegionFactoryInitiator    : HHH000026: Second-level cache disabled
2024-01-12T22:02:52.703-05:00  INFO 37024 --- [           main] o.s.o.j.p.SpringPersistenceUnitInfo      : No LoadTimeWeaver setup: ignoring JPA class transformer
2024-01-12T22:02:52.763-05:00  INFO 37024 --- [           main] o.h.e.t.j.p.i.JtaPlatformInitiator       : HHH000489: No JTA platform available (set 'hibernate.transaction.jta.platform' to enable JTA platform integration)
Hibernate: 
    drop table if exists author cascade 
Hibernate: 
    drop table if exists book cascade 
Hibernate: 
    drop sequence if exists author_id_seq
Hibernate: 
    create sequence author_id_seq start with 1 increment by 50
Hibernate: 
    create table author (
        age integer,
        id bigint not null,
        name varchar(255),
        primary key (id)
    )
Hibernate: 
    create table book (
        author_id bigint,
        isbn varchar(255) not null,
        title varchar(255),
        primary key (isbn)
    )
Hibernate: 
    alter table if exists book 
       add constraint FKklnrv3weler2ftkweewlky958 
       foreign key (author_id) 
       references author
2024-01-12T22:02:52.772-05:00  INFO 37024 --- [           main] j.LocalContainerEntityManagerFactoryBean : Initialized JPA EntityManagerFactory for persistence unit 'default'
2024-01-12T22:02:52.845-05:00  WARN 37024 --- [           main] JpaBaseConfiguration$JpaWebConfiguration : spring.jpa.open-in-view is enabled by default. Therefore, database queries may be performed during view rendering. Explicitly configure spring.jpa.open-in-view to disable this warning
2024-01-12T22:02:52.954-05:00  INFO 37024 --- [           main] o.s.b.t.m.w.SpringBootMockServletContext : Initializing Spring TestDispatcherServlet ''
2024-01-12T22:02:52.954-05:00  INFO 37024 --- [           main] o.s.t.web.servlet.TestDispatcherServlet  : Initializing Servlet ''
2024-01-12T22:02:52.955-05:00  INFO 37024 --- [           main] o.s.t.web.servlet.TestDispatcherServlet  : Completed initialization in 0 ms
2024-01-12T22:02:52.962-05:00  INFO 37024 --- [           main] c.t.q.c.BookControllerIntegrationTests   : Started BookControllerIntegrationTests in 0.655 seconds (process running for 23.487)
Hibernate: 
    select
        count(*) 
    from
        book b1_0 
    where
        b1_0.isbn=?
Hibernate: 
    select
        b1_0.isbn,
        a1_0.id,
        a1_0.age,
        a1_0.name,
        b1_0.title 
    from
        book b1_0 
    left join
        author a1_0 
            on a1_0.id=b1_0.author_id 
    where
        b1_0.isbn=?
Hibernate: 
    insert 
    into
        book
        (author_id, title, isbn) 
    values
        (?, ?, ?)
2024-01-12T22:02:52.995-05:00  INFO 37024 --- [           main] c.t.q.controllers.BookController         : Got Book: BookDto(isbn=978-1-2345-6789-0, title=The Shadow in the Attic, author=null)
2024-01-12T22:02:53.005-05:00  INFO 37024 --- [           main] j.LocalContainerEntityManagerFactoryBean : Closing JPA EntityManagerFactory for persistence unit 'default'
2024-01-12T22:02:53.005-05:00  INFO 37024 --- [           main] com.zaxxer.hikari.HikariDataSource       : HikariPool-22 - Shutdown initiated...
2024-01-12T22:02:53.007-05:00  INFO 37024 --- [           main] com.zaxxer.hikari.HikariDataSource       : HikariPool-22 - Shutdown completed.
]]></system-out>
  </testcase>
  <testcase name="testThatPartialUpdateBookReturnsUpdatedBook" classname="com.tyrien.quickstart.controllers.BookControllerIntegrationTests" time="0.047">
    <system-out><![CDATA[
  .   ____          _            __ _ _
 /\\ / ___'_ __ _ _(_)_ __  __ _ \ \ \ \
( ( )\___ | '_ | '_| | '_ \/ _` | \ \ \ \
 \\/  ___)| |_)| | | | | || (_| |  ) ) ) )
  '  |____| .__|_| |_|_| |_\__, | / / / /
 =========|_|==============|___/=/_/_/_/
 :: Spring Boot ::                (v3.2.1)

2024-01-12T22:02:53.028-05:00  INFO 37024 --- [           main] c.t.q.c.BookControllerIntegrationTests   : Starting BookControllerIntegrationTests using Java 21.0.1 with PID 37024 (started by gilpi in C:\Users\gilpi\OneDrive\Documents\New\Personal Projects\quickstart\quickstart)
2024-01-12T22:02:53.028-05:00  INFO 37024 --- [           main] c.t.q.c.BookControllerIntegrationTests   : No active profile set, falling back to 1 default profile: "default"
2024-01-12T22:02:53.220-05:00  INFO 37024 --- [           main] .s.d.r.c.RepositoryConfigurationDelegate : Bootstrapping Spring Data JPA repositories in DEFAULT mode.
2024-01-12T22:02:53.242-05:00  INFO 37024 --- [           main] .s.d.r.c.RepositoryConfigurationDelegate : Finished Spring Data repository scanning in 22 ms. Found 2 JPA repository interfaces.
2024-01-12T22:02:53.311-05:00  INFO 37024 --- [           main] com.zaxxer.hikari.HikariDataSource       : HikariPool-23 - Starting...
2024-01-12T22:02:53.313-05:00  INFO 37024 --- [           main] com.zaxxer.hikari.pool.HikariPool        : HikariPool-23 - Added connection conn220: url=jdbc:h2:mem:testdb user=SA
2024-01-12T22:02:53.313-05:00  INFO 37024 --- [           main] com.zaxxer.hikari.HikariDataSource       : HikariPool-23 - Start completed.
2024-01-12T22:02:53.344-05:00  INFO 37024 --- [           main] o.hibernate.jpa.internal.util.LogHelper  : HHH000204: Processing PersistenceUnitInfo [name: default]
2024-01-12T22:02:53.349-05:00  INFO 37024 --- [           main] o.h.c.internal.RegionFactoryInitiator    : HHH000026: Second-level cache disabled
2024-01-12T22:02:53.354-05:00  INFO 37024 --- [           main] o.s.o.j.p.SpringPersistenceUnitInfo      : No LoadTimeWeaver setup: ignoring JPA class transformer
2024-01-12T22:02:53.410-05:00  INFO 37024 --- [           main] o.h.e.t.j.p.i.JtaPlatformInitiator       : HHH000489: No JTA platform available (set 'hibernate.transaction.jta.platform' to enable JTA platform integration)
Hibernate: 
    drop table if exists author cascade 
Hibernate: 
    drop table if exists book cascade 
Hibernate: 
    drop sequence if exists author_id_seq
Hibernate: 
    create sequence author_id_seq start with 1 increment by 50
Hibernate: 
    create table author (
        age integer,
        id bigint not null,
        name varchar(255),
        primary key (id)
    )
Hibernate: 
    create table book (
        author_id bigint,
        isbn varchar(255) not null,
        title varchar(255),
        primary key (isbn)
    )
Hibernate: 
    alter table if exists book 
       add constraint FKklnrv3weler2ftkweewlky958 
       foreign key (author_id) 
       references author
2024-01-12T22:02:53.420-05:00  INFO 37024 --- [           main] j.LocalContainerEntityManagerFactoryBean : Initialized JPA EntityManagerFactory for persistence unit 'default'
2024-01-12T22:02:53.491-05:00  WARN 37024 --- [           main] JpaBaseConfiguration$JpaWebConfiguration : spring.jpa.open-in-view is enabled by default. Therefore, database queries may be performed during view rendering. Explicitly configure spring.jpa.open-in-view to disable this warning
2024-01-12T22:02:53.597-05:00  INFO 37024 --- [           main] o.s.b.t.m.w.SpringBootMockServletContext : Initializing Spring TestDispatcherServlet ''
2024-01-12T22:02:53.598-05:00  INFO 37024 --- [           main] o.s.t.web.servlet.TestDispatcherServlet  : Initializing Servlet ''
2024-01-12T22:02:53.598-05:00  INFO 37024 --- [           main] o.s.t.web.servlet.TestDispatcherServlet  : Completed initialization in 0 ms
2024-01-12T22:02:53.606-05:00  INFO 37024 --- [           main] c.t.q.c.BookControllerIntegrationTests   : Started BookControllerIntegrationTests in 0.597 seconds (process running for 24.132)
Hibernate: 
    select
        b1_0.isbn,
        a1_0.id,
        a1_0.age,
        a1_0.name,
        b1_0.title 
    from
        book b1_0 
    left join
        author a1_0 
            on a1_0.id=b1_0.author_id 
    where
        b1_0.isbn=?
Hibernate: 
    insert 
    into
        book
        (author_id, title, isbn) 
    values
        (?, ?, ?)
Hibernate: 
    select
        count(*) 
    from
        book b1_0 
    where
        b1_0.isbn=?
Hibernate: 
    select
        b1_0.isbn,
        a1_0.id,
        a1_0.age,
        a1_0.name,
        b1_0.title 
    from
        book b1_0 
    left join
        author a1_0 
            on a1_0.id=b1_0.author_id 
    where
        b1_0.isbn=?
Hibernate: 
    update
        book 
    set
        author_id=?,
        title=? 
    where
        isbn=?
2024-01-12T22:02:53.653-05:00  INFO 37024 --- [           main] j.LocalContainerEntityManagerFactoryBean : Closing JPA EntityManagerFactory for persistence unit 'default'
2024-01-12T22:02:53.654-05:00  INFO 37024 --- [           main] com.zaxxer.hikari.HikariDataSource       : HikariPool-23 - Shutdown initiated...
2024-01-12T22:02:53.655-05:00  INFO 37024 --- [           main] com.zaxxer.hikari.HikariDataSource       : HikariPool-23 - Shutdown completed.
]]></system-out>
  </testcase>
  <testcase name="testThatRetrieveBookReturnWhenBookExist" classname="com.tyrien.quickstart.controllers.BookControllerIntegrationTests" time="0.027">
    <system-out><![CDATA[
  .   ____          _            __ _ _
 /\\ / ___'_ __ _ _(_)_ __  __ _ \ \ \ \
( ( )\___ | '_ | '_| | '_ \/ _` | \ \ \ \
 \\/  ___)| |_)| | | | | || (_| |  ) ) ) )
  '  |____| .__|_| |_|_| |_\__, | / / / /
 =========|_|==============|___/=/_/_/_/
 :: Spring Boot ::                (v3.2.1)

2024-01-12T22:02:53.687-05:00  INFO 37024 --- [           main] c.t.q.c.BookControllerIntegrationTests   : Starting BookControllerIntegrationTests using Java 21.0.1 with PID 37024 (started by gilpi in C:\Users\gilpi\OneDrive\Documents\New\Personal Projects\quickstart\quickstart)
2024-01-12T22:02:53.687-05:00  INFO 37024 --- [           main] c.t.q.c.BookControllerIntegrationTests   : No active profile set, falling back to 1 default profile: "default"
2024-01-12T22:02:53.882-05:00  INFO 37024 --- [           main] .s.d.r.c.RepositoryConfigurationDelegate : Bootstrapping Spring Data JPA repositories in DEFAULT mode.
2024-01-12T22:02:53.903-05:00  INFO 37024 --- [           main] .s.d.r.c.RepositoryConfigurationDelegate : Finished Spring Data repository scanning in 20 ms. Found 2 JPA repository interfaces.
2024-01-12T22:02:53.965-05:00  INFO 37024 --- [           main] com.zaxxer.hikari.HikariDataSource       : HikariPool-24 - Starting...
2024-01-12T22:02:53.966-05:00  INFO 37024 --- [           main] com.zaxxer.hikari.pool.HikariPool        : HikariPool-24 - Added connection conn230: url=jdbc:h2:mem:testdb user=SA
2024-01-12T22:02:53.967-05:00  INFO 37024 --- [           main] com.zaxxer.hikari.HikariDataSource       : HikariPool-24 - Start completed.
2024-01-12T22:02:53.987-05:00  INFO 37024 --- [           main] o.hibernate.jpa.internal.util.LogHelper  : HHH000204: Processing PersistenceUnitInfo [name: default]
2024-01-12T22:02:53.992-05:00  INFO 37024 --- [           main] o.h.c.internal.RegionFactoryInitiator    : HHH000026: Second-level cache disabled
2024-01-12T22:02:53.997-05:00  INFO 37024 --- [           main] o.s.o.j.p.SpringPersistenceUnitInfo      : No LoadTimeWeaver setup: ignoring JPA class transformer
2024-01-12T22:02:54.047-05:00  INFO 37024 --- [           main] o.h.e.t.j.p.i.JtaPlatformInitiator       : HHH000489: No JTA platform available (set 'hibernate.transaction.jta.platform' to enable JTA platform integration)
Hibernate: 
    drop table if exists author cascade 
Hibernate: 
    drop table if exists book cascade 
Hibernate: 
    drop sequence if exists author_id_seq
Hibernate: 
    create sequence author_id_seq start with 1 increment by 50
Hibernate: 
    create table author (
        age integer,
        id bigint not null,
        name varchar(255),
        primary key (id)
    )
Hibernate: 
    create table book (
        author_id bigint,
        isbn varchar(255) not null,
        title varchar(255),
        primary key (isbn)
    )
Hibernate: 
    alter table if exists book 
       add constraint FKklnrv3weler2ftkweewlky958 
       foreign key (author_id) 
       references author
2024-01-12T22:02:54.056-05:00  INFO 37024 --- [           main] j.LocalContainerEntityManagerFactoryBean : Initialized JPA EntityManagerFactory for persistence unit 'default'
2024-01-12T22:02:54.135-05:00  WARN 37024 --- [           main] JpaBaseConfiguration$JpaWebConfiguration : spring.jpa.open-in-view is enabled by default. Therefore, database queries may be performed during view rendering. Explicitly configure spring.jpa.open-in-view to disable this warning
2024-01-12T22:02:54.230-05:00  INFO 37024 --- [           main] o.s.b.t.m.w.SpringBootMockServletContext : Initializing Spring TestDispatcherServlet ''
2024-01-12T22:02:54.230-05:00  INFO 37024 --- [           main] o.s.t.web.servlet.TestDispatcherServlet  : Initializing Servlet ''
2024-01-12T22:02:54.231-05:00  INFO 37024 --- [           main] o.s.t.web.servlet.TestDispatcherServlet  : Completed initialization in 1 ms
2024-01-12T22:02:54.244-05:00  INFO 37024 --- [           main] c.t.q.c.BookControllerIntegrationTests   : Started BookControllerIntegrationTests in 0.585 seconds (process running for 24.769)
Hibernate: 
    select
        b1_0.isbn,
        a1_0.id,
        a1_0.age,
        a1_0.name,
        b1_0.title 
    from
        book b1_0 
    left join
        author a1_0 
            on a1_0.id=b1_0.author_id 
    where
        b1_0.isbn=?
Hibernate: 
    insert 
    into
        book
        (author_id, title, isbn) 
    values
        (?, ?, ?)
Hibernate: 
    select
        b1_0.isbn,
        a1_0.id,
        a1_0.age,
        a1_0.name,
        b1_0.title 
    from
        book b1_0 
    left join
        author a1_0 
            on a1_0.id=b1_0.author_id 
    where
        b1_0.isbn=?
2024-01-12T22:02:54.271-05:00  INFO 37024 --- [           main] j.LocalContainerEntityManagerFactoryBean : Closing JPA EntityManagerFactory for persistence unit 'default'
2024-01-12T22:02:54.272-05:00  INFO 37024 --- [           main] com.zaxxer.hikari.HikariDataSource       : HikariPool-24 - Shutdown initiated...
2024-01-12T22:02:54.273-05:00  INFO 37024 --- [           main] com.zaxxer.hikari.HikariDataSource       : HikariPool-24 - Shutdown completed.
]]></system-out>
  </testcase>
  <testcase name="testThatFullUpdateBookReturnHttpStatus200Ok" classname="com.tyrien.quickstart.controllers.BookControllerIntegrationTests" time="0.042">
    <system-out><![CDATA[
  .   ____          _            __ _ _
 /\\ / ___'_ __ _ _(_)_ __  __ _ \ \ \ \
( ( )\___ | '_ | '_| | '_ \/ _` | \ \ \ \
 \\/  ___)| |_)| | | | | || (_| |  ) ) ) )
  '  |____| .__|_| |_|_| |_\__, | / / / /
 =========|_|==============|___/=/_/_/_/
 :: Spring Boot ::                (v3.2.1)

2024-01-12T22:02:54.299-05:00  INFO 37024 --- [           main] c.t.q.c.BookControllerIntegrationTests   : Starting BookControllerIntegrationTests using Java 21.0.1 with PID 37024 (started by gilpi in C:\Users\gilpi\OneDrive\Documents\New\Personal Projects\quickstart\quickstart)
2024-01-12T22:02:54.299-05:00  INFO 37024 --- [           main] c.t.q.c.BookControllerIntegrationTests   : No active profile set, falling back to 1 default profile: "default"
2024-01-12T22:02:54.475-05:00  INFO 37024 --- [           main] .s.d.r.c.RepositoryConfigurationDelegate : Bootstrapping Spring Data JPA repositories in DEFAULT mode.
2024-01-12T22:02:54.495-05:00  INFO 37024 --- [           main] .s.d.r.c.RepositoryConfigurationDelegate : Finished Spring Data repository scanning in 20 ms. Found 2 JPA repository interfaces.
2024-01-12T22:02:54.553-05:00  INFO 37024 --- [           main] com.zaxxer.hikari.HikariDataSource       : HikariPool-25 - Starting...
2024-01-12T22:02:54.555-05:00  INFO 37024 --- [           main] com.zaxxer.hikari.pool.HikariPool        : HikariPool-25 - Added connection conn240: url=jdbc:h2:mem:testdb user=SA
2024-01-12T22:02:54.555-05:00  INFO 37024 --- [           main] com.zaxxer.hikari.HikariDataSource       : HikariPool-25 - Start completed.
2024-01-12T22:02:54.579-05:00  INFO 37024 --- [           main] o.hibernate.jpa.internal.util.LogHelper  : HHH000204: Processing PersistenceUnitInfo [name: default]
2024-01-12T22:02:54.584-05:00  INFO 37024 --- [           main] o.h.c.internal.RegionFactoryInitiator    : HHH000026: Second-level cache disabled
2024-01-12T22:02:54.590-05:00  INFO 37024 --- [           main] o.s.o.j.p.SpringPersistenceUnitInfo      : No LoadTimeWeaver setup: ignoring JPA class transformer
2024-01-12T22:02:54.641-05:00  INFO 37024 --- [           main] o.h.e.t.j.p.i.JtaPlatformInitiator       : HHH000489: No JTA platform available (set 'hibernate.transaction.jta.platform' to enable JTA platform integration)
Hibernate: 
    drop table if exists author cascade 
Hibernate: 
    drop table if exists book cascade 
Hibernate: 
    drop sequence if exists author_id_seq
Hibernate: 
    create sequence author_id_seq start with 1 increment by 50
Hibernate: 
    create table author (
        age integer,
        id bigint not null,
        name varchar(255),
        primary key (id)
    )
Hibernate: 
    create table book (
        author_id bigint,
        isbn varchar(255) not null,
        title varchar(255),
        primary key (isbn)
    )
Hibernate: 
    alter table if exists book 
       add constraint FKklnrv3weler2ftkweewlky958 
       foreign key (author_id) 
       references author
2024-01-12T22:02:54.648-05:00  INFO 37024 --- [           main] j.LocalContainerEntityManagerFactoryBean : Initialized JPA EntityManagerFactory for persistence unit 'default'
2024-01-12T22:02:54.720-05:00  WARN 37024 --- [           main] JpaBaseConfiguration$JpaWebConfiguration : spring.jpa.open-in-view is enabled by default. Therefore, database queries may be performed during view rendering. Explicitly configure spring.jpa.open-in-view to disable this warning
2024-01-12T22:02:54.855-05:00  INFO 37024 --- [           main] o.s.b.t.m.w.SpringBootMockServletContext : Initializing Spring TestDispatcherServlet ''
2024-01-12T22:02:54.856-05:00  INFO 37024 --- [           main] o.s.t.web.servlet.TestDispatcherServlet  : Initializing Servlet ''
2024-01-12T22:02:54.857-05:00  INFO 37024 --- [           main] o.s.t.web.servlet.TestDispatcherServlet  : Completed initialization in 1 ms
2024-01-12T22:02:54.867-05:00  INFO 37024 --- [           main] c.t.q.c.BookControllerIntegrationTests   : Started BookControllerIntegrationTests in 0.591 seconds (process running for 25.394)
Hibernate: 
    select
        b1_0.isbn,
        a1_0.id,
        a1_0.age,
        a1_0.name,
        b1_0.title 
    from
        book b1_0 
    left join
        author a1_0 
            on a1_0.id=b1_0.author_id 
    where
        b1_0.isbn=?
Hibernate: 
    insert 
    into
        book
        (author_id, title, isbn) 
    values
        (?, ?, ?)
Hibernate: 
    select
        count(*) 
    from
        book b1_0 
    where
        b1_0.isbn=?
Hibernate: 
    select
        b1_0.isbn,
        a1_0.id,
        a1_0.age,
        a1_0.name,
        b1_0.title 
    from
        book b1_0 
    left join
        author a1_0 
            on a1_0.id=b1_0.author_id 
    where
        b1_0.isbn=?
2024-01-12T22:02:54.910-05:00  INFO 37024 --- [           main] j.LocalContainerEntityManagerFactoryBean : Closing JPA EntityManagerFactory for persistence unit 'default'
2024-01-12T22:02:54.911-05:00  INFO 37024 --- [           main] com.zaxxer.hikari.HikariDataSource       : HikariPool-25 - Shutdown initiated...
2024-01-12T22:02:54.912-05:00  INFO 37024 --- [           main] com.zaxxer.hikari.HikariDataSource       : HikariPool-25 - Shutdown completed.
]]></system-out>
  </testcase>
  <testcase name="testThatCreateBookSuccessfullyReturnsHttpStatus201Created" classname="com.tyrien.quickstart.controllers.BookControllerIntegrationTests" time="0.033">
    <system-out><![CDATA[
  .   ____          _            __ _ _
 /\\ / ___'_ __ _ _(_)_ __  __ _ \ \ \ \
( ( )\___ | '_ | '_| | '_ \/ _` | \ \ \ \
 \\/  ___)| |_)| | | | | || (_| |  ) ) ) )
  '  |____| .__|_| |_|_| |_\__, | / / / /
 =========|_|==============|___/=/_/_/_/
 :: Spring Boot ::                (v3.2.1)

2024-01-12T22:02:54.951-05:00  INFO 37024 --- [           main] c.t.q.c.BookControllerIntegrationTests   : Starting BookControllerIntegrationTests using Java 21.0.1 with PID 37024 (started by gilpi in C:\Users\gilpi\OneDrive\Documents\New\Personal Projects\quickstart\quickstart)
2024-01-12T22:02:54.952-05:00  INFO 37024 --- [           main] c.t.q.c.BookControllerIntegrationTests   : No active profile set, falling back to 1 default profile: "default"
2024-01-12T22:02:55.147-05:00  INFO 37024 --- [           main] .s.d.r.c.RepositoryConfigurationDelegate : Bootstrapping Spring Data JPA repositories in DEFAULT mode.
2024-01-12T22:02:55.165-05:00  INFO 37024 --- [           main] .s.d.r.c.RepositoryConfigurationDelegate : Finished Spring Data repository scanning in 17 ms. Found 2 JPA repository interfaces.
2024-01-12T22:02:55.220-05:00  INFO 37024 --- [           main] com.zaxxer.hikari.HikariDataSource       : HikariPool-26 - Starting...
2024-01-12T22:02:55.222-05:00  INFO 37024 --- [           main] com.zaxxer.hikari.pool.HikariPool        : HikariPool-26 - Added connection conn250: url=jdbc:h2:mem:testdb user=SA
2024-01-12T22:02:55.222-05:00  INFO 37024 --- [           main] com.zaxxer.hikari.HikariDataSource       : HikariPool-26 - Start completed.
2024-01-12T22:02:55.243-05:00  INFO 37024 --- [           main] o.hibernate.jpa.internal.util.LogHelper  : HHH000204: Processing PersistenceUnitInfo [name: default]
2024-01-12T22:02:55.248-05:00  INFO 37024 --- [           main] o.h.c.internal.RegionFactoryInitiator    : HHH000026: Second-level cache disabled
2024-01-12T22:02:55.252-05:00  INFO 37024 --- [           main] o.s.o.j.p.SpringPersistenceUnitInfo      : No LoadTimeWeaver setup: ignoring JPA class transformer
2024-01-12T22:02:55.296-05:00  INFO 37024 --- [           main] o.h.e.t.j.p.i.JtaPlatformInitiator       : HHH000489: No JTA platform available (set 'hibernate.transaction.jta.platform' to enable JTA platform integration)
Hibernate: 
    drop table if exists author cascade 
Hibernate: 
    drop table if exists book cascade 
Hibernate: 
    drop sequence if exists author_id_seq
Hibernate: 
    create sequence author_id_seq start with 1 increment by 50
Hibernate: 
    create table author (
        age integer,
        id bigint not null,
        name varchar(255),
        primary key (id)
    )
Hibernate: 
    create table book (
        author_id bigint,
        isbn varchar(255) not null,
        title varchar(255),
        primary key (isbn)
    )
Hibernate: 
    alter table if exists book 
       add constraint FKklnrv3weler2ftkweewlky958 
       foreign key (author_id) 
       references author
2024-01-12T22:02:55.303-05:00  INFO 37024 --- [           main] j.LocalContainerEntityManagerFactoryBean : Initialized JPA EntityManagerFactory for persistence unit 'default'
2024-01-12T22:02:55.374-05:00  WARN 37024 --- [           main] JpaBaseConfiguration$JpaWebConfiguration : spring.jpa.open-in-view is enabled by default. Therefore, database queries may be performed during view rendering. Explicitly configure spring.jpa.open-in-view to disable this warning
2024-01-12T22:02:55.482-05:00  INFO 37024 --- [           main] o.s.b.t.m.w.SpringBootMockServletContext : Initializing Spring TestDispatcherServlet ''
2024-01-12T22:02:55.482-05:00  INFO 37024 --- [           main] o.s.t.web.servlet.TestDispatcherServlet  : Initializing Servlet ''
2024-01-12T22:02:55.483-05:00  INFO 37024 --- [           main] o.s.t.web.servlet.TestDispatcherServlet  : Completed initialization in 1 ms
2024-01-12T22:02:55.491-05:00  INFO 37024 --- [           main] c.t.q.c.BookControllerIntegrationTests   : Started BookControllerIntegrationTests in 0.575 seconds (process running for 26.017)
Hibernate: 
    select
        count(*) 
    from
        book b1_0 
    where
        b1_0.isbn=?
Hibernate: 
    select
        b1_0.isbn,
        a1_0.id,
        a1_0.age,
        a1_0.name,
        b1_0.title 
    from
        book b1_0 
    left join
        author a1_0 
            on a1_0.id=b1_0.author_id 
    where
        b1_0.isbn=?
Hibernate: 
    insert 
    into
        book
        (author_id, title, isbn) 
    values
        (?, ?, ?)
2024-01-12T22:02:55.518-05:00  INFO 37024 --- [           main] c.t.q.controllers.BookController         : Got Book: BookDto(isbn=978-1-2345-6789-0, title=The Shadow in the Attic, author=null)
2024-01-12T22:02:55.524-05:00  INFO 37024 --- [           main] j.LocalContainerEntityManagerFactoryBean : Closing JPA EntityManagerFactory for persistence unit 'default'
2024-01-12T22:02:55.525-05:00  INFO 37024 --- [           main] com.zaxxer.hikari.HikariDataSource       : HikariPool-26 - Shutdown initiated...
2024-01-12T22:02:55.526-05:00  INFO 37024 --- [           main] com.zaxxer.hikari.HikariDataSource       : HikariPool-26 - Shutdown completed.
]]></system-out>
  </testcase>
  <testcase name="testThatRetrieveBookReturnHttpsStatus200WhenNoBookExist" classname="com.tyrien.quickstart.controllers.BookControllerIntegrationTests" time="0.023">
    <system-out><![CDATA[
  .   ____          _            __ _ _
 /\\ / ___'_ __ _ _(_)_ __  __ _ \ \ \ \
( ( )\___ | '_ | '_| | '_ \/ _` | \ \ \ \
 \\/  ___)| |_)| | | | | || (_| |  ) ) ) )
  '  |____| .__|_| |_|_| |_\__, | / / / /
 =========|_|==============|___/=/_/_/_/
 :: Spring Boot ::                (v3.2.1)

2024-01-12T22:02:55.558-05:00  INFO 37024 --- [           main] c.t.q.c.BookControllerIntegrationTests   : Starting BookControllerIntegrationTests using Java 21.0.1 with PID 37024 (started by gilpi in C:\Users\gilpi\OneDrive\Documents\New\Personal Projects\quickstart\quickstart)
2024-01-12T22:02:55.558-05:00  INFO 37024 --- [           main] c.t.q.c.BookControllerIntegrationTests   : No active profile set, falling back to 1 default profile: "default"
2024-01-12T22:02:55.741-05:00  INFO 37024 --- [           main] .s.d.r.c.RepositoryConfigurationDelegate : Bootstrapping Spring Data JPA repositories in DEFAULT mode.
2024-01-12T22:02:55.765-05:00  INFO 37024 --- [           main] .s.d.r.c.RepositoryConfigurationDelegate : Finished Spring Data repository scanning in 23 ms. Found 2 JPA repository interfaces.
2024-01-12T22:02:55.843-05:00  INFO 37024 --- [           main] com.zaxxer.hikari.HikariDataSource       : HikariPool-27 - Starting...
2024-01-12T22:02:55.844-05:00  INFO 37024 --- [           main] com.zaxxer.hikari.pool.HikariPool        : HikariPool-27 - Added connection conn260: url=jdbc:h2:mem:testdb user=SA
2024-01-12T22:02:55.844-05:00  INFO 37024 --- [           main] com.zaxxer.hikari.HikariDataSource       : HikariPool-27 - Start completed.
2024-01-12T22:02:55.871-05:00  INFO 37024 --- [           main] o.hibernate.jpa.internal.util.LogHelper  : HHH000204: Processing PersistenceUnitInfo [name: default]
2024-01-12T22:02:55.878-05:00  INFO 37024 --- [           main] o.h.c.internal.RegionFactoryInitiator    : HHH000026: Second-level cache disabled
2024-01-12T22:02:55.886-05:00  INFO 37024 --- [           main] o.s.o.j.p.SpringPersistenceUnitInfo      : No LoadTimeWeaver setup: ignoring JPA class transformer
2024-01-12T22:02:55.941-05:00  INFO 37024 --- [           main] o.h.e.t.j.p.i.JtaPlatformInitiator       : HHH000489: No JTA platform available (set 'hibernate.transaction.jta.platform' to enable JTA platform integration)
Hibernate: 
    drop table if exists author cascade 
Hibernate: 
    drop table if exists book cascade 
Hibernate: 
    drop sequence if exists author_id_seq
Hibernate: 
    create sequence author_id_seq start with 1 increment by 50
Hibernate: 
    create table author (
        age integer,
        id bigint not null,
        name varchar(255),
        primary key (id)
    )
Hibernate: 
    create table book (
        author_id bigint,
        isbn varchar(255) not null,
        title varchar(255),
        primary key (isbn)
    )
Hibernate: 
    alter table if exists book 
       add constraint FKklnrv3weler2ftkweewlky958 
       foreign key (author_id) 
       references author
2024-01-12T22:02:55.948-05:00  INFO 37024 --- [           main] j.LocalContainerEntityManagerFactoryBean : Initialized JPA EntityManagerFactory for persistence unit 'default'
2024-01-12T22:02:56.038-05:00  WARN 37024 --- [           main] JpaBaseConfiguration$JpaWebConfiguration : spring.jpa.open-in-view is enabled by default. Therefore, database queries may be performed during view rendering. Explicitly configure spring.jpa.open-in-view to disable this warning
2024-01-12T22:02:56.147-05:00  INFO 37024 --- [           main] o.s.b.t.m.w.SpringBootMockServletContext : Initializing Spring TestDispatcherServlet ''
2024-01-12T22:02:56.147-05:00  INFO 37024 --- [           main] o.s.t.web.servlet.TestDispatcherServlet  : Initializing Servlet ''
2024-01-12T22:02:56.148-05:00  INFO 37024 --- [           main] o.s.t.web.servlet.TestDispatcherServlet  : Completed initialization in 1 ms
2024-01-12T22:02:56.156-05:00  INFO 37024 --- [           main] c.t.q.c.BookControllerIntegrationTests   : Started BookControllerIntegrationTests in 0.626 seconds (process running for 26.682)
Hibernate: 
    select
        b1_0.isbn,
        a1_0.id,
        a1_0.age,
        a1_0.name,
        b1_0.title 
    from
        book b1_0 
    left join
        author a1_0 
            on a1_0.id=b1_0.author_id 
    where
        b1_0.isbn=?
2024-01-12T22:02:56.177-05:00  INFO 37024 --- [           main] j.LocalContainerEntityManagerFactoryBean : Closing JPA EntityManagerFactory for persistence unit 'default'
2024-01-12T22:02:56.178-05:00  INFO 37024 --- [           main] com.zaxxer.hikari.HikariDataSource       : HikariPool-27 - Shutdown initiated...
2024-01-12T22:02:56.180-05:00  INFO 37024 --- [           main] com.zaxxer.hikari.HikariDataSource       : HikariPool-27 - Shutdown completed.
]]></system-out>
  </testcase>
  <testcase name="testThatDeleteBookReturnsHttpStatus204ForNonExistingBooks" classname="com.tyrien.quickstart.controllers.BookControllerIntegrationTests" time="0.016">
    <system-out><![CDATA[
  .   ____          _            __ _ _
 /\\ / ___'_ __ _ _(_)_ __  __ _ \ \ \ \
( ( )\___ | '_ | '_| | '_ \/ _` | \ \ \ \
 \\/  ___)| |_)| | | | | || (_| |  ) ) ) )
  '  |____| .__|_| |_|_| |_\__, | / / / /
 =========|_|==============|___/=/_/_/_/
 :: Spring Boot ::                (v3.2.1)

2024-01-12T22:02:56.218-05:00  INFO 37024 --- [           main] c.t.q.c.BookControllerIntegrationTests   : Starting BookControllerIntegrationTests using Java 21.0.1 with PID 37024 (started by gilpi in C:\Users\gilpi\OneDrive\Documents\New\Personal Projects\quickstart\quickstart)
2024-01-12T22:02:56.218-05:00  INFO 37024 --- [           main] c.t.q.c.BookControllerIntegrationTests   : No active profile set, falling back to 1 default profile: "default"
2024-01-12T22:02:56.450-05:00  INFO 37024 --- [           main] .s.d.r.c.RepositoryConfigurationDelegate : Bootstrapping Spring Data JPA repositories in DEFAULT mode.
2024-01-12T22:02:56.470-05:00  INFO 37024 --- [           main] .s.d.r.c.RepositoryConfigurationDelegate : Finished Spring Data repository scanning in 19 ms. Found 2 JPA repository interfaces.
2024-01-12T22:02:56.528-05:00  INFO 37024 --- [           main] com.zaxxer.hikari.HikariDataSource       : HikariPool-28 - Starting...
2024-01-12T22:02:56.530-05:00  INFO 37024 --- [           main] com.zaxxer.hikari.pool.HikariPool        : HikariPool-28 - Added connection conn270: url=jdbc:h2:mem:testdb user=SA
2024-01-12T22:02:56.530-05:00  INFO 37024 --- [           main] com.zaxxer.hikari.HikariDataSource       : HikariPool-28 - Start completed.
2024-01-12T22:02:56.558-05:00  INFO 37024 --- [           main] o.hibernate.jpa.internal.util.LogHelper  : HHH000204: Processing PersistenceUnitInfo [name: default]
2024-01-12T22:02:56.564-05:00  INFO 37024 --- [           main] o.h.c.internal.RegionFactoryInitiator    : HHH000026: Second-level cache disabled
2024-01-12T22:02:56.572-05:00  INFO 37024 --- [           main] o.s.o.j.p.SpringPersistenceUnitInfo      : No LoadTimeWeaver setup: ignoring JPA class transformer
2024-01-12T22:02:56.630-05:00  INFO 37024 --- [           main] o.h.e.t.j.p.i.JtaPlatformInitiator       : HHH000489: No JTA platform available (set 'hibernate.transaction.jta.platform' to enable JTA platform integration)
Hibernate: 
    drop table if exists author cascade 
Hibernate: 
    drop table if exists book cascade 
Hibernate: 
    drop sequence if exists author_id_seq
Hibernate: 
    create sequence author_id_seq start with 1 increment by 50
Hibernate: 
    create table author (
        age integer,
        id bigint not null,
        name varchar(255),
        primary key (id)
    )
Hibernate: 
    create table book (
        author_id bigint,
        isbn varchar(255) not null,
        title varchar(255),
        primary key (isbn)
    )
Hibernate: 
    alter table if exists book 
       add constraint FKklnrv3weler2ftkweewlky958 
       foreign key (author_id) 
       references author
2024-01-12T22:02:56.639-05:00  INFO 37024 --- [           main] j.LocalContainerEntityManagerFactoryBean : Initialized JPA EntityManagerFactory for persistence unit 'default'
2024-01-12T22:02:56.713-05:00  WARN 37024 --- [           main] JpaBaseConfiguration$JpaWebConfiguration : spring.jpa.open-in-view is enabled by default. Therefore, database queries may be performed during view rendering. Explicitly configure spring.jpa.open-in-view to disable this warning
2024-01-12T22:02:56.816-05:00  INFO 37024 --- [           main] o.s.b.t.m.w.SpringBootMockServletContext : Initializing Spring TestDispatcherServlet ''
2024-01-12T22:02:56.816-05:00  INFO 37024 --- [           main] o.s.t.web.servlet.TestDispatcherServlet  : Initializing Servlet ''
2024-01-12T22:02:56.817-05:00  INFO 37024 --- [           main] o.s.t.web.servlet.TestDispatcherServlet  : Completed initialization in 1 ms
2024-01-12T22:02:56.825-05:00  INFO 37024 --- [           main] c.t.q.c.BookControllerIntegrationTests   : Started BookControllerIntegrationTests in 0.641 seconds (process running for 27.351)
Hibernate: 
    select
        b1_0.isbn,
        a1_0.id,
        a1_0.age,
        a1_0.name,
        b1_0.title 
    from
        book b1_0 
    left join
        author a1_0 
            on a1_0.id=b1_0.author_id 
    where
        b1_0.isbn=?
2024-01-12T22:02:56.842-05:00  INFO 37024 --- [           main] j.LocalContainerEntityManagerFactoryBean : Closing JPA EntityManagerFactory for persistence unit 'default'
2024-01-12T22:02:56.842-05:00  INFO 37024 --- [           main] com.zaxxer.hikari.HikariDataSource       : HikariPool-28 - Shutdown initiated...
2024-01-12T22:02:56.844-05:00  INFO 37024 --- [           main] com.zaxxer.hikari.HikariDataSource       : HikariPool-28 - Shutdown completed.
]]></system-out>
  </testcase>
</testsuite>