<?xml version="1.0" encoding="UTF-8"?>
<testsuite xmlns:xsi="http://www.w3.org/2001/XMLSchema-instance" xsi:noNamespaceSchemaLocation="https://maven.apache.org/surefire/maven-surefire-plugin/xsd/surefire-test-report-3.0.xsd" version="3.0" name="com.tyrien.quickstart.repositories.BookRepositoryIntegrationTest" time="2.386" tests="4" errors="0" skipped="0" failures="0">
  <properties>
[...]
</properties>
  <testcase name="testThatBookCanBeUpdated" classname="com.tyrien.quickstart.repositories.BookRepositoryIntegrationTest" time="0.035">
    <system-out><![CDATA[2024-01-12T22:03:00.220-05:00  INFO 37024 --- [           main] t.c.s.AnnotationConfigContextLoaderUtils : Could not detect default configuration classes for test class [com.tyrien.quickstart.repositories.BookRepositoryIntegrationTest]: BookRepositoryIntegrationTest does not declare any static, non-private, non-final, nested classes annotated with @Configuration.
2024-01-12T22:03:00.222-05:00  INFO 37024 --- [           main] .b.t.c.SpringBootTestContextBootstrapper : Found @SpringBootConfiguration com.tyrien.quickstart.BooksApiApplication for test class com.tyrien.quickstart.repositories.BookRepositoryIntegrationTest

  .   ____          _            __ _ _
 /\\ / ___'_ __ _ _(_)_ __  __ _ \ \ \ \
( ( )\___ | '_ | '_| | '_ \/ _` | \ \ \ \
 \\/  ___)| |_)| | | | | || (_| |  ) ) ) )
  '  |____| .__|_| |_|_| |_\__, | / / / /
 =========|_|==============|___/=/_/_/_/
 :: Spring Boot ::                (v3.2.1)

2024-01-12T22:03:00.254-05:00  INFO 37024 --- [           main] c.t.q.r.BookRepositoryIntegrationTest    : Starting BookRepositoryIntegrationTest using Java 21.0.1 with PID 37024 (started by gilpi in C:\Users\gilpi\OneDrive\Documents\New\Personal Projects\quickstart\quickstart)
2024-01-12T22:03:00.254-05:00  INFO 37024 --- [           main] c.t.q.r.BookRepositoryIntegrationTest    : No active profile set, falling back to 1 default profile: "default"
2024-01-12T22:03:00.435-05:00  INFO 37024 --- [           main] .s.d.r.c.RepositoryConfigurationDelegate : Bootstrapping Spring Data JPA repositories in DEFAULT mode.
2024-01-12T22:03:00.456-05:00  INFO 37024 --- [           main] .s.d.r.c.RepositoryConfigurationDelegate : Finished Spring Data repository scanning in 20 ms. Found 2 JPA repository interfaces.
2024-01-12T22:03:00.528-05:00  INFO 37024 --- [           main] com.zaxxer.hikari.HikariDataSource       : HikariPool-34 - Starting...
2024-01-12T22:03:00.531-05:00  INFO 37024 --- [           main] com.zaxxer.hikari.pool.HikariPool        : HikariPool-34 - Added connection conn330: url=jdbc:h2:mem:testdb user=SA
2024-01-12T22:03:00.531-05:00  INFO 37024 --- [           main] com.zaxxer.hikari.HikariDataSource       : HikariPool-34 - Start completed.
2024-01-12T22:03:00.552-05:00  INFO 37024 --- [           main] o.hibernate.jpa.internal.util.LogHelper  : HHH000204: Processing PersistenceUnitInfo [name: default]
2024-01-12T22:03:00.555-05:00  INFO 37024 --- [           main] o.h.c.internal.RegionFactoryInitiator    : HHH000026: Second-level cache disabled
2024-01-12T22:03:00.563-05:00  INFO 37024 --- [           main] o.s.o.j.p.SpringPersistenceUnitInfo      : No LoadTimeWeaver setup: ignoring JPA class transformer
2024-01-12T22:03:00.611-05:00  INFO 37024 --- [           main] o.h.e.t.j.p.i.JtaPlatformInitiator       : HHH000489: No JTA platform available (set 'hibernate.transaction.jta.platform' to enable JTA platform integration)
Hibernate: 
    drop table if exists author cascade 
Hibernate: 
    drop table if exists book cascade 
Hibernate: 
    drop sequence if exists author_id_seq
Hibernate: 
    create sequence author_id_seq start with 1 increment by 50
Hibernate: 
    create table author (
        age integer,
        id bigint not null,
        name varchar(255),
        primary key (id)
    )
Hibernate: 
    create table book (
        author_id bigint,
        isbn varchar(255) not null,
        title varchar(255),
        primary key (isbn)
    )
Hibernate: 
    alter table if exists book 
       add constraint FKklnrv3weler2ftkweewlky958 
       foreign key (author_id) 
       references author
2024-01-12T22:03:00.619-05:00  INFO 37024 --- [           main] j.LocalContainerEntityManagerFactoryBean : Initialized JPA EntityManagerFactory for persistence unit 'default'
2024-01-12T22:03:00.685-05:00  WARN 37024 --- [           main] JpaBaseConfiguration$JpaWebConfiguration : spring.jpa.open-in-view is enabled by default. Therefore, database queries may be performed during view rendering. Explicitly configure spring.jpa.open-in-view to disable this warning
2024-01-12T22:03:00.789-05:00  INFO 37024 --- [           main] c.t.q.r.BookRepositoryIntegrationTest    : Started BookRepositoryIntegrationTest in 0.561 seconds (process running for 31.315)
Hibernate: 
    select
        b1_0.isbn,
        a1_0.id,
        a1_0.age,
        a1_0.name,
        b1_0.title 
    from
        book b1_0 
    left join
        author a1_0 
            on a1_0.id=b1_0.author_id 
    where
        b1_0.isbn=?
Hibernate: 
    select
        a1_0.id,
        a1_0.age,
        a1_0.name 
    from
        author a1_0 
    where
        a1_0.id=?
Hibernate: 
    select
        next value for author_id_seq
Hibernate: 
    insert 
    into
        author
        (age, name, id) 
    values
        (?, ?, ?)
Hibernate: 
    insert 
    into
        book
        (author_id, title, isbn) 
    values
        (?, ?, ?)
Hibernate: 
    select
        b1_0.isbn,
        a1_0.id,
        a1_0.age,
        a1_0.name,
        b1_0.title 
    from
        book b1_0 
    left join
        author a1_0 
            on a1_0.id=b1_0.author_id 
    where
        b1_0.isbn=?
Hibernate: 
    update
        book 
    set
        author_id=?,
        title=? 
    where
        isbn=?
Hibernate: 
    select
        b1_0.isbn,
        a1_0.id,
        a1_0.age,
        a1_0.name,
        b1_0.title 
    from
        book b1_0 
    left join
        author a1_0 
            on a1_0.id=b1_0.author_id 
    where
        b1_0.isbn=?
2024-01-12T22:03:00.824-05:00  INFO 37024 --- [           main] j.LocalContainerEntityManagerFactoryBean : Closing JPA EntityManagerFactory for persistence unit 'default'
2024-01-12T22:03:00.825-05:00  INFO 37024 --- [           main] com.zaxxer.hikari.HikariDataSource       : HikariPool-34 - Shutdown initiated...
2024-01-12T22:03:00.827-05:00  INFO 37024 --- [           main] com.zaxxer.hikari.HikariDataSource       : HikariPool-34 - Shutdown completed.
]]></system-out>
  </testcase>
  <testcase name="testThatBookCanBeCreatedAndRecalled" classname="com.tyrien.quickstart.repositories.BookRepositoryIntegrationTest" time="0.023">
    <system-out><![CDATA[
  .   ____          _            __ _ _
 /\\ / ___'_ __ _ _(_)_ __  __ _ \ \ \ \
( ( )\___ | '_ | '_| | '_ \/ _` | \ \ \ \
 \\/  ___)| |_)| | | | | || (_| |  ) ) ) )
  '  |____| .__|_| |_|_| |_\__, | / / / /
 =========|_|==============|___/=/_/_/_/
 :: Spring Boot ::                (v3.2.1)

2024-01-12T22:03:00.864-05:00  INFO 37024 --- [           main] c.t.q.r.BookRepositoryIntegrationTest    : Starting BookRepositoryIntegrationTest using Java 21.0.1 with PID 37024 (started by gilpi in C:\Users\gilpi\OneDrive\Documents\New\Personal Projects\quickstart\quickstart)
2024-01-12T22:03:00.865-05:00  INFO 37024 --- [           main] c.t.q.r.BookRepositoryIntegrationTest    : No active profile set, falling back to 1 default profile: "default"
2024-01-12T22:03:01.050-05:00  INFO 37024 --- [           main] .s.d.r.c.RepositoryConfigurationDelegate : Bootstrapping Spring Data JPA repositories in DEFAULT mode.
2024-01-12T22:03:01.075-05:00  INFO 37024 --- [           main] .s.d.r.c.RepositoryConfigurationDelegate : Finished Spring Data repository scanning in 24 ms. Found 2 JPA repository interfaces.
2024-01-12T22:03:01.130-05:00  INFO 37024 --- [           main] com.zaxxer.hikari.HikariDataSource       : HikariPool-35 - Starting...
2024-01-12T22:03:01.132-05:00  INFO 37024 --- [           main] com.zaxxer.hikari.pool.HikariPool        : HikariPool-35 - Added connection conn340: url=jdbc:h2:mem:testdb user=SA
2024-01-12T22:03:01.133-05:00  INFO 37024 --- [           main] com.zaxxer.hikari.HikariDataSource       : HikariPool-35 - Start completed.
2024-01-12T22:03:01.156-05:00  INFO 37024 --- [           main] o.hibernate.jpa.internal.util.LogHelper  : HHH000204: Processing PersistenceUnitInfo [name: default]
2024-01-12T22:03:01.162-05:00  INFO 37024 --- [           main] o.h.c.internal.RegionFactoryInitiator    : HHH000026: Second-level cache disabled
2024-01-12T22:03:01.169-05:00  INFO 37024 --- [           main] o.s.o.j.p.SpringPersistenceUnitInfo      : No LoadTimeWeaver setup: ignoring JPA class transformer
2024-01-12T22:03:01.220-05:00  INFO 37024 --- [           main] o.h.e.t.j.p.i.JtaPlatformInitiator       : HHH000489: No JTA platform available (set 'hibernate.transaction.jta.platform' to enable JTA platform integration)
Hibernate: 
    drop table if exists author cascade 
Hibernate: 
    drop table if exists book cascade 
Hibernate: 
    drop sequence if exists author_id_seq
Hibernate: 
    create sequence author_id_seq start with 1 increment by 50
Hibernate: 
    create table author (
        age integer,
        id bigint not null,
        name varchar(255),
        primary key (id)
    )
Hibernate: 
    create table book (
        author_id bigint,
        isbn varchar(255) not null,
        title varchar(255),
        primary key (isbn)
    )
Hibernate: 
    alter table if exists book 
       add constraint FKklnrv3weler2ftkweewlky958 
       foreign key (author_id) 
       references author
2024-01-12T22:03:01.228-05:00  INFO 37024 --- [           main] j.LocalContainerEntityManagerFactoryBean : Initialized JPA EntityManagerFactory for persistence unit 'default'
2024-01-12T22:03:01.302-05:00  WARN 37024 --- [           main] JpaBaseConfiguration$JpaWebConfiguration : spring.jpa.open-in-view is enabled by default. Therefore, database queries may be performed during view rendering. Explicitly configure spring.jpa.open-in-view to disable this warning
2024-01-12T22:03:01.403-05:00  INFO 37024 --- [           main] c.t.q.r.BookRepositoryIntegrationTest    : Started BookRepositoryIntegrationTest in 0.573 seconds (process running for 31.929)
Hibernate: 
    select
        b1_0.isbn,
        a1_0.id,
        a1_0.age,
        a1_0.name,
        b1_0.title 
    from
        book b1_0 
    left join
        author a1_0 
            on a1_0.id=b1_0.author_id 
    where
        b1_0.isbn=?
Hibernate: 
    select
        a1_0.id,
        a1_0.age,
        a1_0.name 
    from
        author a1_0 
    where
        a1_0.id=?
Hibernate: 
    select
        next value for author_id_seq
Hibernate: 
    insert 
    into
        author
        (age, name, id) 
    values
        (?, ?, ?)
Hibernate: 
    insert 
    into
        book
        (author_id, title, isbn) 
    values
        (?, ?, ?)
Hibernate: 
    select
        b1_0.isbn,
        a1_0.id,
        a1_0.age,
        a1_0.name,
        b1_0.title 
    from
        book b1_0 
    left join
        author a1_0 
            on a1_0.id=b1_0.author_id 
    where
        b1_0.isbn=?
2024-01-12T22:03:01.426-05:00  INFO 37024 --- [           main] j.LocalContainerEntityManagerFactoryBean : Closing JPA EntityManagerFactory for persistence unit 'default'
2024-01-12T22:03:01.426-05:00  INFO 37024 --- [           main] com.zaxxer.hikari.HikariDataSource       : HikariPool-35 - Shutdown initiated...
2024-01-12T22:03:01.428-05:00  INFO 37024 --- [           main] com.zaxxer.hikari.HikariDataSource       : HikariPool-35 - Shutdown completed.
]]></system-out>
  </testcase>
  <testcase name="testThatBookCanBeDeleted" classname="com.tyrien.quickstart.repositories.BookRepositoryIntegrationTest" time="0.032">
    <system-out><![CDATA[
  .   ____          _            __ _ _
 /\\ / ___'_ __ _ _(_)_ __  __ _ \ \ \ \
( ( )\___ | '_ | '_| | '_ \/ _` | \ \ \ \
 \\/  ___)| |_)| | | | | || (_| |  ) ) ) )
  '  |____| .__|_| |_|_| |_\__, | / / / /
 =========|_|==============|___/=/_/_/_/
 :: Spring Boot ::                (v3.2.1)

2024-01-12T22:03:01.459-05:00  INFO 37024 --- [           main] c.t.q.r.BookRepositoryIntegrationTest    : Starting BookRepositoryIntegrationTest using Java 21.0.1 with PID 37024 (started by gilpi in C:\Users\gilpi\OneDrive\Documents\New\Personal Projects\quickstart\quickstart)
2024-01-12T22:03:01.459-05:00  INFO 37024 --- [           main] c.t.q.r.BookRepositoryIntegrationTest    : No active profile set, falling back to 1 default profile: "default"
2024-01-12T22:03:01.647-05:00  INFO 37024 --- [           main] .s.d.r.c.RepositoryConfigurationDelegate : Bootstrapping Spring Data JPA repositories in DEFAULT mode.
2024-01-12T22:03:01.671-05:00  INFO 37024 --- [           main] .s.d.r.c.RepositoryConfigurationDelegate : Finished Spring Data repository scanning in 23 ms. Found 2 JPA repository interfaces.
2024-01-12T22:03:01.737-05:00  INFO 37024 --- [           main] com.zaxxer.hikari.HikariDataSource       : HikariPool-36 - Starting...
2024-01-12T22:03:01.740-05:00  INFO 37024 --- [           main] com.zaxxer.hikari.pool.HikariPool        : HikariPool-36 - Added connection conn350: url=jdbc:h2:mem:testdb user=SA
2024-01-12T22:03:01.740-05:00  INFO 37024 --- [           main] com.zaxxer.hikari.HikariDataSource       : HikariPool-36 - Start completed.
2024-01-12T22:03:01.761-05:00  INFO 37024 --- [           main] o.hibernate.jpa.internal.util.LogHelper  : HHH000204: Processing PersistenceUnitInfo [name: default]
2024-01-12T22:03:01.765-05:00  INFO 37024 --- [           main] o.h.c.internal.RegionFactoryInitiator    : HHH000026: Second-level cache disabled
2024-01-12T22:03:01.774-05:00  INFO 37024 --- [           main] o.s.o.j.p.SpringPersistenceUnitInfo      : No LoadTimeWeaver setup: ignoring JPA class transformer
2024-01-12T22:03:01.827-05:00  INFO 37024 --- [           main] o.h.e.t.j.p.i.JtaPlatformInitiator       : HHH000489: No JTA platform available (set 'hibernate.transaction.jta.platform' to enable JTA platform integration)
Hibernate: 
    drop table if exists author cascade 
Hibernate: 
    drop table if exists book cascade 
Hibernate: 
    drop sequence if exists author_id_seq
Hibernate: 
    create sequence author_id_seq start with 1 increment by 50
Hibernate: 
    create table author (
        age integer,
        id bigint not null,
        name varchar(255),
        primary key (id)
    )
Hibernate: 
    create table book (
        author_id bigint,
        isbn varchar(255) not null,
        title varchar(255),
        primary key (isbn)
    )
Hibernate: 
    alter table if exists book 
       add constraint FKklnrv3weler2ftkweewlky958 
       foreign key (author_id) 
       references author
2024-01-12T22:03:01.833-05:00  INFO 37024 --- [           main] j.LocalContainerEntityManagerFactoryBean : Initialized JPA EntityManagerFactory for persistence unit 'default'
2024-01-12T22:03:01.900-05:00  WARN 37024 --- [           main] JpaBaseConfiguration$JpaWebConfiguration : spring.jpa.open-in-view is enabled by default. Therefore, database queries may be performed during view rendering. Explicitly configure spring.jpa.open-in-view to disable this warning
2024-01-12T22:03:01.997-05:00  INFO 37024 --- [           main] c.t.q.r.BookRepositoryIntegrationTest    : Started BookRepositoryIntegrationTest in 0.565 seconds (process running for 32.523)
Hibernate: 
    select
        b1_0.isbn,
        a1_0.id,
        a1_0.age,
        a1_0.name,
        b1_0.title 
    from
        book b1_0 
    left join
        author a1_0 
            on a1_0.id=b1_0.author_id 
    where
        b1_0.isbn=?
Hibernate: 
    select
        a1_0.id,
        a1_0.age,
        a1_0.name 
    from
        author a1_0 
    where
        a1_0.id=?
Hibernate: 
    select
        next value for author_id_seq
Hibernate: 
    insert 
    into
        author
        (age, name, id) 
    values
        (?, ?, ?)
Hibernate: 
    insert 
    into
        book
        (author_id, title, isbn) 
    values
        (?, ?, ?)
Hibernate: 
    select
        b1_0.isbn,
        a1_0.id,
        a1_0.age,
        a1_0.name,
        b1_0.title 
    from
        book b1_0 
    left join
        author a1_0 
            on a1_0.id=b1_0.author_id 
    where
        b1_0.isbn=?
Hibernate: 
    delete 
    from
        book 
    where
        isbn=?
Hibernate: 
    delete 
    from
        author 
    where
        id=?
Hibernate: 
    select
        b1_0.isbn,
        a1_0.id,
        a1_0.age,
        a1_0.name,
        b1_0.title 
    from
        book b1_0 
    left join
        author a1_0 
            on a1_0.id=b1_0.author_id 
    where
        b1_0.isbn=?
2024-01-12T22:03:02.030-05:00  INFO 37024 --- [           main] j.LocalContainerEntityManagerFactoryBean : Closing JPA EntityManagerFactory for persistence unit 'default'
2024-01-12T22:03:02.031-05:00  INFO 37024 --- [           main] com.zaxxer.hikari.HikariDataSource       : HikariPool-36 - Shutdown initiated...
2024-01-12T22:03:02.033-05:00  INFO 37024 --- [           main] com.zaxxer.hikari.HikariDataSource       : HikariPool-36 - Shutdown completed.
]]></system-out>
  </testcase>
  <testcase name="testThatMultipleBooksCanBeCreatedAndRecalled" classname="com.tyrien.quickstart.repositories.BookRepositoryIntegrationTest" time="0.029">
    <system-out><![CDATA[
  .   ____          _            __ _ _
 /\\ / ___'_ __ _ _(_)_ __  __ _ \ \ \ \
( ( )\___ | '_ | '_| | '_ \/ _` | \ \ \ \
 \\/  ___)| |_)| | | | | || (_| |  ) ) ) )
  '  |____| .__|_| |_|_| |_\__, | / / / /
 =========|_|==============|___/=/_/_/_/
 :: Spring Boot ::                (v3.2.1)

2024-01-12T22:03:02.071-05:00  INFO 37024 --- [           main] c.t.q.r.BookRepositoryIntegrationTest    : Starting BookRepositoryIntegrationTest using Java 21.0.1 with PID 37024 (started by gilpi in C:\Users\gilpi\OneDrive\Documents\New\Personal Projects\quickstart\quickstart)
2024-01-12T22:03:02.072-05:00  INFO 37024 --- [           main] c.t.q.r.BookRepositoryIntegrationTest    : No active profile set, falling back to 1 default profile: "default"
2024-01-12T22:03:02.244-05:00  INFO 37024 --- [           main] .s.d.r.c.RepositoryConfigurationDelegate : Bootstrapping Spring Data JPA repositories in DEFAULT mode.
2024-01-12T22:03:02.263-05:00  INFO 37024 --- [           main] .s.d.r.c.RepositoryConfigurationDelegate : Finished Spring Data repository scanning in 18 ms. Found 2 JPA repository interfaces.
2024-01-12T22:03:02.312-05:00  INFO 37024 --- [           main] com.zaxxer.hikari.HikariDataSource       : HikariPool-37 - Starting...
2024-01-12T22:03:02.315-05:00  INFO 37024 --- [           main] com.zaxxer.hikari.pool.HikariPool        : HikariPool-37 - Added connection conn360: url=jdbc:h2:mem:testdb user=SA
2024-01-12T22:03:02.315-05:00  INFO 37024 --- [           main] com.zaxxer.hikari.HikariDataSource       : HikariPool-37 - Start completed.
2024-01-12T22:03:02.333-05:00  INFO 37024 --- [           main] o.hibernate.jpa.internal.util.LogHelper  : HHH000204: Processing PersistenceUnitInfo [name: default]
2024-01-12T22:03:02.337-05:00  INFO 37024 --- [           main] o.h.c.internal.RegionFactoryInitiator    : HHH000026: Second-level cache disabled
2024-01-12T22:03:02.341-05:00  INFO 37024 --- [           main] o.s.o.j.p.SpringPersistenceUnitInfo      : No LoadTimeWeaver setup: ignoring JPA class transformer
2024-01-12T22:03:02.392-05:00  INFO 37024 --- [           main] o.h.e.t.j.p.i.JtaPlatformInitiator       : HHH000489: No JTA platform available (set 'hibernate.transaction.jta.platform' to enable JTA platform integration)
Hibernate: 
    drop table if exists author cascade 
Hibernate: 
    drop table if exists book cascade 
Hibernate: 
    drop sequence if exists author_id_seq
Hibernate: 
    create sequence author_id_seq start with 1 increment by 50
Hibernate: 
    create table author (
        age integer,
        id bigint not null,
        name varchar(255),
        primary key (id)
    )
Hibernate: 
    create table book (
        author_id bigint,
        isbn varchar(255) not null,
        title varchar(255),
        primary key (isbn)
    )
Hibernate: 
    alter table if exists book 
       add constraint FKklnrv3weler2ftkweewlky958 
       foreign key (author_id) 
       references author
2024-01-12T22:03:02.399-05:00  INFO 37024 --- [           main] j.LocalContainerEntityManagerFactoryBean : Initialized JPA EntityManagerFactory for persistence unit 'default'
2024-01-12T22:03:02.474-05:00  WARN 37024 --- [           main] JpaBaseConfiguration$JpaWebConfiguration : spring.jpa.open-in-view is enabled by default. Therefore, database queries may be performed during view rendering. Explicitly configure spring.jpa.open-in-view to disable this warning
2024-01-12T22:03:02.572-05:00  INFO 37024 --- [           main] c.t.q.r.BookRepositoryIntegrationTest    : Started BookRepositoryIntegrationTest in 0.534 seconds (process running for 33.098)
Hibernate: 
    select
        b1_0.isbn,
        a1_0.id,
        a1_0.age,
        a1_0.name,
        b1_0.title 
    from
        book b1_0 
    left join
        author a1_0 
            on a1_0.id=b1_0.author_id 
    where
        b1_0.isbn=?
Hibernate: 
    select
        a1_0.id,
        a1_0.age,
        a1_0.name 
    from
        author a1_0 
    where
        a1_0.id=?
Hibernate: 
    select
        next value for author_id_seq
Hibernate: 
    insert 
    into
        author
        (age, name, id) 
    values
        (?, ?, ?)
Hibernate: 
    insert 
    into
        book
        (author_id, title, isbn) 
    values
        (?, ?, ?)
Hibernate: 
    select
        b1_0.isbn,
        a1_0.id,
        a1_0.age,
        a1_0.name,
        b1_0.title 
    from
        book b1_0 
    left join
        author a1_0 
            on a1_0.id=b1_0.author_id 
    where
        b1_0.isbn=?
Hibernate: 
    select
        a1_0.id,
        a1_0.age,
        a1_0.name 
    from
        author a1_0 
    where
        a1_0.id=?
Hibernate: 
    insert 
    into
        book
        (author_id, title, isbn) 
    values
        (?, ?, ?)
Hibernate: 
    select
        b1_0.isbn,
        a1_0.id,
        a1_0.age,
        a1_0.name,
        b1_0.title 
    from
        book b1_0 
    left join
        author a1_0 
            on a1_0.id=b1_0.author_id 
    where
        b1_0.isbn=?
Hibernate: 
    select
        a1_0.id,
        a1_0.age,
        a1_0.name 
    from
        author a1_0 
    where
        a1_0.id=?
Hibernate: 
    insert 
    into
        book
        (author_id, title, isbn) 
    values
        (?, ?, ?)
Hibernate: 
    select
        b1_0.isbn,
        b1_0.author_id,
        b1_0.title 
    from
        book b1_0
Hibernate: 
    select
        a1_0.id,
        a1_0.age,
        a1_0.name 
    from
        author a1_0 
    where
        a1_0.id=?
2024-01-12T22:03:02.599-05:00  INFO 37024 --- [           main] j.LocalContainerEntityManagerFactoryBean : Closing JPA EntityManagerFactory for persistence unit 'default'
2024-01-12T22:03:02.599-05:00  INFO 37024 --- [           main] com.zaxxer.hikari.HikariDataSource       : HikariPool-37 - Shutdown initiated...
2024-01-12T22:03:02.601-05:00  INFO 37024 --- [           main] com.zaxxer.hikari.HikariDataSource       : HikariPool-37 - Shutdown completed.
]]></system-out>
  </testcase>
</testsuite>